\BOOKMARK [1][-]{section.1}{\376\377\000I\000n\000t\000r\000o\000d\000u\000c\000t\000i\000o\000n\000:\000\040\000A\000\040\000R\000e\000s\000e\000a\000r\000c\000h\000\040\000P\000r\000o\000g\000r\000a\000m\000m\000e\000\040\000f\000o\000r\000\040\000N\000o\000n\000-\000A\000n\000t\000h\000r\000o\000p\000o\000c\000e\000n\000t\000r\000i\000c\000\040\000A\000I}{}% 1
\BOOKMARK [2][-]{subsection.1.1}{\376\377\000T\000h\000e\000\040\000N\000a\000t\000u\000r\000e\000\040\000o\000f\000\040\000T\000h\000i\000s\000\040\000C\000o\000n\000t\000r\000i\000b\000u\000t\000i\000o\000n}{section.1}% 2
\BOOKMARK [2][-]{subsection.1.2}{\376\377\000H\000i\000s\000t\000o\000r\000i\000c\000a\000l\000\040\000a\000n\000d\000\040\000P\000h\000i\000l\000o\000s\000o\000p\000h\000i\000c\000a\000l\000\040\000C\000o\000n\000t\000e\000x\000t}{section.1}% 3
\BOOKMARK [2][-]{subsection.1.3}{\376\377\000S\000t\000r\000u\000c\000t\000u\000r\000e\000\040\000o\000f\000\040\000T\000h\000i\000s\000\040\000P\000a\000p\000e\000r}{section.1}% 4
\BOOKMARK [1][-]{section.2}{\376\377\000R\000e\000l\000a\000t\000e\000d\000\040\000W\000o\000r\000k}{}% 5
\BOOKMARK [2][-]{subsection.2.1}{\376\377\000F\000o\000u\000n\000d\000a\000t\000i\000o\000n\000a\000l\000\040\000A\000I\000\040\000A\000r\000c\000h\000i\000t\000e\000c\000t\000u\000r\000e\000s}{section.2}% 6
\BOOKMARK [2][-]{subsection.2.2}{\376\377\000C\000a\000t\000e\000g\000o\000r\000y\000\040\000T\000h\000e\000o\000r\000y\000\040\000i\000n\000\040\000A\000I}{section.2}% 7
\BOOKMARK [2][-]{subsection.2.3}{\376\377\000F\000o\000r\000m\000a\000l\000\040\000V\000e\000r\000i\000f\000i\000c\000a\000t\000i\000o\000n\000\040\000a\000n\000d\000\040\000E\000x\000p\000l\000a\000i\000n\000a\000b\000l\000e\000\040\000A\000I}{section.2}% 8
\BOOKMARK [2][-]{subsection.2.4}{\376\377\000N\000o\000n\000-\000A\000n\000t\000h\000r\000o\000p\000o\000c\000e\000n\000t\000r\000i\000c\000\040\000a\000n\000d\000\040\000E\000m\000e\000r\000g\000e\000n\000t\000i\000s\000t\000\040\000A\000I}{section.2}% 9
\BOOKMARK [2][-]{subsection.2.5}{\376\377\000P\000r\000e\000c\000e\000d\000e\000n\000t\000s\000:\000\040\000R\000e\000s\000e\000a\000r\000c\000h\000\040\000P\000r\000o\000g\000r\000a\000m\000m\000e\000\040\000P\000a\000p\000e\000r\000s\000\040\000i\000n\000\040\000A\000I}{section.2}% 10
\BOOKMARK [2][-]{subsection.2.6}{\376\377\000C\000o\000n\000t\000r\000a\000s\000t\000\040\000w\000i\000t\000h\000\040\000D\000e\000e\000p\000\040\000L\000e\000a\000r\000n\000i\000n\000g\000\040\000P\000a\000r\000a\000d\000i\000g\000m\000s}{section.2}% 11
\BOOKMARK [2][-]{subsection.2.7}{\376\377\000P\000o\000s\000i\000t\000i\000o\000n\000i\000n\000g\000\040\000o\000f\000\040\000t\000h\000e\000\040\000A\000p\000e\000i\000r\000o\000n\000\040\000F\000r\000a\000m\000e\000w\000o\000r\000k}{section.2}% 12
\BOOKMARK [1][-]{section.3}{\376\377\000R\000e\000s\000e\000a\000r\000c\000h\000\040\000Q\000u\000e\000s\000t\000i\000o\000n\000s\000\040\000a\000n\000d\000\040\000M\000e\000t\000h\000o\000d\000o\000l\000o\000g\000i\000c\000a\000l\000\040\000F\000r\000a\000m\000i\000n\000g}{}% 13
\BOOKMARK [2][-]{subsection.3.1}{\376\377\000M\000a\000i\000n\000\040\000R\000e\000s\000e\000a\000r\000c\000h\000\040\000Q\000u\000e\000s\000t\000i\000o\000n}{section.3}% 14
\BOOKMARK [2][-]{subsection.3.2}{\376\377\000M\000e\000t\000h\000o\000d\000o\000l\000o\000g\000i\000c\000a\000l\000\040\000A\000p\000p\000r\000o\000a\000c\000h}{section.3}% 15
\BOOKMARK [2][-]{subsection.3.3}{\376\377\000D\000e\000t\000a\000i\000l\000e\000d\000\040\000R\000e\000s\000e\000a\000r\000c\000h\000\040\000Q\000u\000e\000s\000t\000i\000o\000n\000s\000\040\000b\000y\000\040\000C\000l\000u\000s\000t\000e\000r}{section.3}% 16
\BOOKMARK [3][-]{subsubsection.3.3.1}{\376\377\000C\000l\000u\000s\000t\000e\000r\000\040\000I\000:\000\040\000S\000u\000b\000s\000t\000r\000a\000t\000e\000\040\000\046\000\040\000E\000m\000e\000r\000g\000e\000n\000c\000e\000\040\000\050\000L\000a\000y\000e\000r\000s\000\040\0001\040\023\0004\000\051}{subsection.3.3}% 17
\BOOKMARK [3][-]{subsubsection.3.3.2}{\376\377\000C\000l\000u\000s\000t\000e\000r\000\040\000I\000I\000:\000\040\000A\000d\000a\000p\000t\000i\000v\000e\000\040\000I\000n\000t\000e\000l\000l\000i\000g\000e\000n\000c\000e\000\040\000\050\000L\000a\000y\000e\000r\000s\000\040\0005\040\023\0007\000\051}{subsection.3.3}% 18
\BOOKMARK [3][-]{subsubsection.3.3.3}{\376\377\000C\000l\000u\000s\000t\000e\000r\000\040\000I\000I\000I\000:\000\040\000O\000n\000t\000o\000l\000o\000g\000i\000c\000a\000l\000\040\000F\000l\000u\000i\000d\000i\000t\000y\000\040\000\050\000L\000a\000y\000e\000r\000s\000\040\0008\040\023\0001\0003\000\051}{subsection.3.3}% 19
\BOOKMARK [3][-]{subsubsection.3.3.4}{\376\377\000C\000l\000u\000s\000t\000e\000r\000\040\000I\000V\000:\000\040\000W\000o\000r\000l\000d\000-\000M\000a\000k\000i\000n\000g\000\040\000\046\000\040\000G\000o\000v\000e\000r\000n\000a\000n\000c\000e\000\040\000\050\000L\000a\000y\000e\000r\000s\000\040\0001\0004\040\023\0001\0007\000\051}{subsection.3.3}% 20
\BOOKMARK [1][-]{section.4}{\376\377\000F\000o\000u\000n\000d\000a\000t\000i\000o\000n\000a\000l\000\040\000S\000c\000i\000e\000n\000t\000i\000f\000i\000c\000\040\000T\000h\000e\000o\000r\000i\000e\000s}{}% 21
\BOOKMARK [2][-]{subsection.4.1}{\376\377\000C\000a\000t\000e\000g\000o\000r\000y\000\040\000T\000h\000e\000o\000r\000y}{section.4}% 22
\BOOKMARK [2][-]{subsection.4.2}{\376\377\000C\000o\000m\000p\000l\000e\000x\000\040\000S\000y\000s\000t\000e\000m\000s\000\040\000T\000h\000e\000o\000r\000y}{section.4}% 23
\BOOKMARK [2][-]{subsection.4.3}{\376\377\000I\000n\000f\000o\000r\000m\000a\000t\000i\000o\000n\000\040\000T\000h\000e\000o\000r\000y}{section.4}% 24
\BOOKMARK [2][-]{subsection.4.4}{\376\377\000P\000r\000o\000c\000e\000s\000s\000\040\000P\000h\000i\000l\000o\000s\000o\000p\000h\000y}{section.4}% 25
\BOOKMARK [2][-]{subsection.4.5}{\376\377\000N\000o\000n\000-\000E\000u\000c\000l\000i\000d\000e\000a\000n\000\040\000G\000e\000o\000m\000e\000t\000r\000y\000\040\000a\000n\000d\000\040\000T\000o\000p\000o\000l\000o\000g\000y}{section.4}% 26
\BOOKMARK [2][-]{subsection.4.6}{\376\377\000C\000a\000t\000e\000g\000o\000r\000y\000\040\000T\000h\000e\000o\000r\000y\000:\000\040\000B\000e\000y\000o\000n\000d\000\040\000S\000e\000t\000s\000\040\000a\000n\000d\000\040\000F\000u\000n\000c\000t\000i\000o\000n\000s}{section.4}% 27
\BOOKMARK [2][-]{subsection.4.7}{\376\377\000C\000o\000m\000p\000l\000e\000x\000\040\000S\000y\000s\000t\000e\000m\000s\000:\000\040\000A\000t\000t\000r\000a\000c\000t\000o\000r\000s\000,\000\040\000B\000i\000f\000u\000r\000c\000a\000t\000i\000o\000n\000s\000,\000\040\000a\000n\000d\000\040\000C\000r\000i\000t\000i\000c\000a\000l\000i\000t\000y}{section.4}% 28
\BOOKMARK [2][-]{subsection.4.8}{\376\377\000I\000n\000f\000o\000r\000m\000a\000t\000i\000o\000n\000\040\000T\000h\000e\000o\000r\000y\000:\000\040\000F\000r\000o\000m\000\040\000S\000h\000a\000n\000n\000o\000n\000\040\000t\000o\000\040\000K\000o\000l\000m\000o\000g\000o\000r\000o\000v}{section.4}% 29
\BOOKMARK [2][-]{subsection.4.9}{\376\377\000P\000r\000o\000c\000e\000s\000s\000\040\000P\000h\000i\000l\000o\000s\000o\000p\000h\000y\000:\000\040\000I\000n\000d\000i\000v\000i\000d\000u\000a\000t\000i\000o\000n\000\040\000a\000n\000d\000\040\000B\000e\000c\000o\000m\000i\000n\000g}{section.4}% 30
\BOOKMARK [2][-]{subsection.4.10}{\376\377\000N\000o\000n\000-\000E\000u\000c\000l\000i\000d\000e\000a\000n\000\040\000G\000e\000o\000m\000e\000t\000r\000y\000\040\000a\000n\000d\000\040\000T\000o\000p\000o\000l\000o\000g\000y\000:\000\040\000P\000e\000r\000s\000i\000s\000t\000e\000n\000t\000\040\000H\000o\000m\000o\000l\000o\000g\000y}{section.4}% 31
\BOOKMARK [1][-]{section.5}{\376\377\000A\000x\000i\000o\000m\000a\000t\000i\000c\000\040\000F\000o\000u\000n\000d\000a\000t\000i\000o\000n\000s}{}% 32
\BOOKMARK [2][-]{subsection.5.1}{\376\377\000F\000o\000r\000m\000a\000l\000\040\000V\000e\000r\000i\000f\000i\000c\000a\000t\000i\000o\000n\000\040\000S\000t\000a\000t\000u\000s}{section.5}% 33
\BOOKMARK [1][-]{section.6}{\376\377\000T\000h\000e\000\040\000A\000p\000e\000i\000r\000o\000n\000\040\000A\000r\000c\000h\000i\000t\000e\000c\000t\000u\000r\000e\000:\000\040\000O\000v\000e\000r\000v\000i\000e\000w}{}% 34
\BOOKMARK [1][-]{section.7}{\376\377\000C\000l\000u\000s\000t\000e\000r\000\040\000I\000:\000\040\000S\000u\000b\000s\000t\000r\000a\000t\000e\000\040\000\046\000\040\000E\000m\000e\000r\000g\000e\000n\000c\000e\000\040\000\050\000L\000a\000y\000e\000r\000s\000\040\0001\040\023\0004\000\051}{}% 35
\BOOKMARK [2][-]{subsection.7.1}{\376\377\000L\000a\000y\000e\000r\000\040\0001\000:\000\040\000F\000o\000u\000n\000d\000a\000t\000i\000o\000n\000a\000l\000\040\000O\000b\000s\000e\000r\000v\000a\000b\000l\000e\000s\000\040\000\050\000T\000h\000e\000\040\000E\000p\000i\000s\000t\000e\000m\000i\000c\000\040\000S\000i\000n\000g\000u\000l\000a\000r\000i\000t\000y\000\051}{section.7}% 36
\BOOKMARK [2][-]{subsection.7.2}{\376\377\000L\000a\000y\000e\000r\000\040\0002\000:\000\040\000R\000e\000l\000a\000t\000i\000o\000n\000a\000l\000\040\000E\000m\000e\000r\000g\000e\000n\000c\000e}{section.7}% 37
\BOOKMARK [3][-]{subsubsection.7.2.1}{\376\377\000T\000h\000e\000o\000r\000e\000t\000i\000c\000a\000l\000\040\000G\000r\000o\000u\000n\000d\000i\000n\000g\000\040\000a\000n\000d\000\040\000E\000p\000i\000s\000t\000e\000m\000o\000l\000o\000g\000i\000c\000a\000l\000\040\000S\000h\000i\000f\000t}{subsection.7.2}% 38
\BOOKMARK [3][-]{subsubsection.7.2.2}{\376\377\000F\000o\000r\000m\000a\000l\000\040\000D\000e\000f\000i\000n\000i\000t\000i\000o\000n\000:\000\040\000T\000h\000e\000\040\000W\000e\000i\000g\000h\000t\000e\000d\000\040\000H\000y\000p\000e\000r\000g\000r\000a\000p\000h\000\040\000o\000f\000\040\000R\000e\000l\000a\000t\000i\000o\000n\000s}{subsection.7.2}% 39
\BOOKMARK [3][-]{subsubsection.7.2.3}{\376\377\000P\000r\000o\000b\000a\000b\000i\000l\000i\000s\000t\000i\000c\000\040\000S\000e\000m\000a\000n\000t\000i\000c\000s\000\040\000a\000n\000d\000\040\000C\000o\000n\000t\000e\000x\000t\000-\000D\000e\000p\000e\000n\000d\000e\000n\000c\000e}{subsection.7.2}% 40
\BOOKMARK [3][-]{subsubsection.7.2.4}{\376\377\000E\000m\000e\000r\000g\000e\000n\000c\000e\000\040\000o\000f\000\040\000S\000t\000r\000u\000c\000t\000u\000r\000e\000:\000\040\000W\000e\000a\000k\000\040\000E\000m\000e\000r\000g\000e\000n\000c\000e\000\040\000a\000n\000d\000\040\000E\000x\000c\000e\000s\000s\000\040\000E\000n\000t\000r\000o\000p\000y}{subsection.7.2}% 41
\BOOKMARK [3][-]{subsubsection.7.2.5}{\376\377\000S\000u\000b\000l\000a\000y\000e\000r\000s\000\040\000o\000f\000\040\000R\000e\000l\000a\000t\000i\000o\000n\000a\000l\000\040\000S\000t\000r\000u\000c\000t\000u\000r\000e}{subsection.7.2}% 42
\BOOKMARK [3][-]{subsubsection.7.2.6}{\376\377\000M\000a\000t\000h\000e\000m\000a\000t\000i\000c\000a\000l\000\040\000A\000p\000p\000e\000n\000d\000i\000x\000:\000\040\000S\000p\000e\000c\000t\000r\000a\000l\000\040\000P\000r\000o\000p\000e\000r\000t\000i\000e\000s\000\040\000a\000n\000d\000\040\000P\000e\000r\000c\000o\000l\000a\000t\000i\000o\000n}{subsection.7.2}% 43
\BOOKMARK [2][-]{subsection.7.3}{\376\377\000L\000a\000y\000e\000r\000\040\0003\000:\000\040\000F\000u\000n\000c\000t\000i\000o\000n\000a\000l\000\040\000E\000m\000e\000r\000g\000e\000n\000c\000e}{section.7}% 44
\BOOKMARK [3][-]{subsubsection.7.3.1}{\376\377\000T\000h\000e\000o\000r\000e\000t\000i\000c\000a\000l\000\040\000G\000r\000o\000u\000n\000d\000i\000n\000g\000:\000\040\000F\000r\000o\000m\000\040\000S\000t\000r\000u\000c\000t\000u\000r\000a\000l\000i\000s\000m\000\040\000t\000o\000\040\000F\000u\000n\000c\000t\000i\000o\000n\000a\000l\000i\000s\000m}{subsection.7.3}% 45
\BOOKMARK [3][-]{subsubsection.7.3.2}{\376\377\000F\000o\000r\000m\000a\000l\000\040\000D\000e\000f\000i\000n\000i\000t\000i\000o\000n\000s\000:\000\040\000F\000u\000n\000c\000t\000i\000o\000n\000a\000l\000\040\000E\000n\000t\000i\000t\000i\000e\000s\000\040\000a\000n\000d\000\040\000M\000o\000d\000u\000l\000a\000r\000i\000t\000y}{subsection.7.3}% 46
\BOOKMARK [3][-]{subsubsection.7.3.3}{\376\377\000C\000o\000u\000n\000t\000e\000r\000f\000a\000c\000t\000u\000a\000l\000\040\000A\000b\000l\000a\000t\000i\000o\000n\000\040\000a\000n\000d\000\040\000F\000u\000n\000c\000t\000i\000o\000n\000a\000l\000\040\000S\000i\000g\000n\000i\000f\000i\000c\000a\000n\000c\000e}{subsection.7.3}% 47
\BOOKMARK [3][-]{subsubsection.7.3.4}{\376\377\000M\000u\000l\000t\000i\000p\000l\000e\000\040\000R\000e\000a\000l\000i\000z\000a\000b\000i\000l\000i\000t\000y\000\040\000a\000n\000d\000\040\000E\000q\000u\000i\000v\000a\000l\000e\000n\000c\000e\000\040\000C\000l\000a\000s\000s\000e\000s}{subsection.7.3}% 48
\BOOKMARK [3][-]{subsubsection.7.3.5}{\376\377\000H\000i\000e\000r\000a\000r\000c\000h\000i\000c\000a\000l\000\040\000O\000r\000g\000a\000n\000i\000z\000a\000t\000i\000o\000n\000\040\000o\000f\000\040\000F\000u\000n\000c\000t\000i\000o\000n\000s}{subsection.7.3}% 49
\BOOKMARK [3][-]{subsubsection.7.3.6}{\376\377\000C\000o\000n\000n\000e\000c\000t\000i\000o\000n\000\040\000t\000o\000\040\000R\000e\000s\000e\000a\000r\000c\000h\000\040\000Q\000u\000e\000s\000t\000i\000o\000n\000\040\000R\000Q\0003}{subsection.7.3}% 50
\BOOKMARK [3][-]{subsubsection.7.3.7}{\376\377\000I\000m\000p\000l\000e\000m\000e\000n\000t\000a\000t\000i\000o\000n\000\040\000N\000o\000t\000e\000s}{subsection.7.3}% 51
\BOOKMARK [2][-]{subsection.7.4}{\376\377\000L\000a\000y\000e\000r\000\040\0004\000:\000\040\000D\000y\000n\000a\000m\000i\000c\000\040\000A\000d\000a\000p\000t\000a\000t\000i\000o\000n\000\040\000a\000n\000d\000\040\000F\000e\000e\000d\000b\000a\000c\000k}{section.7}% 52
\BOOKMARK [3][-]{subsubsection.7.4.1}{\376\377\000T\000h\000e\000o\000r\000e\000t\000i\000c\000a\000l\000\040\000G\000r\000o\000u\000n\000d\000i\000n\000g\000:\000\040\000T\000i\000m\000e\000\040\000f\000r\000o\000m\000\040\000C\000a\000u\000s\000a\000l\000i\000t\000y}{subsection.7.4}% 53
\BOOKMARK [3][-]{subsubsection.7.4.2}{\376\377\000S\000t\000o\000c\000h\000a\000s\000t\000i\000c\000\040\000D\000i\000f\000f\000e\000r\000e\000n\000t\000i\000a\000l\000\040\000E\000q\000u\000a\000t\000i\000o\000n\000\040\000f\000o\000r\000\040\000A\000d\000a\000p\000t\000a\000t\000i\000o\000n}{subsection.7.4}% 54
\BOOKMARK [3][-]{subsubsection.7.4.3}{\376\377\000F\000e\000e\000d\000b\000a\000c\000k\000\040\000L\000o\000o\000p\000s\000:\000\040\000H\000o\000m\000e\000o\000s\000t\000a\000s\000i\000s\000,\000\040\000E\000x\000p\000l\000o\000r\000a\000t\000i\000o\000n\000,\000\040\000a\000n\000d\000\040\000R\000e\000c\000u\000r\000s\000i\000o\000n}{subsection.7.4}% 55
\BOOKMARK [3][-]{subsubsection.7.4.4}{\376\377\000L\000y\000a\000p\000u\000n\000o\000v\000\040\000E\000x\000p\000o\000n\000e\000n\000t\000s\000\040\000a\000n\000d\000\040\000C\000h\000a\000o\000s}{subsection.7.4}% 56
\BOOKMARK [3][-]{subsubsection.7.4.5}{\376\377\000I\000m\000p\000l\000e\000m\000e\000n\000t\000a\000t\000i\000o\000n\000:\000\040\000D\000i\000s\000c\000r\000e\000t\000i\000z\000a\000t\000i\000o\000n\000\040\000a\000n\000d\000\040\000E\000v\000e\000n\000t\000-\000D\000r\000i\000v\000e\000n\000\040\000S\000i\000m\000u\000l\000a\000t\000i\000o\000n}{subsection.7.4}% 57
\BOOKMARK [3][-]{subsubsection.7.4.6}{\376\377\000M\000a\000t\000h\000e\000m\000a\000t\000i\000c\000a\000l\000\040\000A\000p\000p\000e\000n\000d\000i\000x\000:\000\040\000S\000t\000a\000b\000i\000l\000i\000t\000y\000\040\000P\000r\000o\000o\000f\000s}{subsection.7.4}% 58
\BOOKMARK [3][-]{subsubsection.7.4.7}{\376\377\000A\000n\000a\000l\000o\000g\000i\000e\000s\000\040\000a\000n\000d\000\040\000E\000x\000a\000m\000p\000l\000e\000s}{subsection.7.4}% 59
\BOOKMARK [1][-]{section.8}{\376\377\000C\000l\000u\000s\000t\000e\000r\000\040\000I\000I\000:\000\040\000A\000d\000a\000p\000t\000i\000v\000e\000\040\000I\000n\000t\000e\000l\000l\000i\000g\000e\000n\000c\000e\000\040\000\050\000L\000a\000y\000e\000r\000s\000\040\0005\040\023\0007\000\051}{}% 60
\BOOKMARK [2][-]{subsection.8.1}{\376\377\000L\000a\000y\000e\000r\000\040\0005\000:\000\040\000A\000u\000t\000o\000n\000o\000m\000o\000u\000s\000\040\000O\000p\000t\000i\000m\000i\000z\000a\000t\000i\000o\000n\000\040\000a\000n\000d\000\040\000L\000e\000a\000r\000n\000i\000n\000g}{section.8}% 61
\BOOKMARK [3][-]{subsubsection.8.1.1}{\376\377\000T\000h\000e\000o\000r\000e\000t\000i\000c\000a\000l\000\040\000G\000r\000o\000u\000n\000d\000i\000n\000g\000:\000\040\000F\000r\000o\000m\000\040\000A\000d\000a\000p\000t\000a\000t\000i\000o\000n\000\040\000t\000o\000\040\000O\000p\000t\000i\000m\000i\000z\000a\000t\000i\000o\000n}{subsection.8.1}% 62
\BOOKMARK [3][-]{subsubsection.8.1.2}{\376\377\000F\000o\000r\000m\000a\000l\000\040\000D\000e\000f\000i\000n\000i\000t\000i\000o\000n\000:\000\040\000T\000h\000e\000\040\000O\000p\000t\000i\000m\000i\000z\000a\000t\000i\000o\000n\000\040\000O\000p\000e\000r\000a\000t\000o\000r}{subsection.8.1}% 63
\BOOKMARK [3][-]{subsubsection.8.1.3}{\376\377\000S\000u\000b\000l\000a\000y\000e\000r\000s\000\040\000o\000f\000\040\000A\000u\000t\000o\000n\000o\000m\000o\000u\000s\000\040\000O\000p\000t\000i\000m\000i\000z\000a\000t\000i\000o\000n}{subsection.8.1}% 64
\BOOKMARK [3][-]{subsubsection.8.1.4}{\376\377\000C\000o\000n\000n\000e\000c\000t\000i\000o\000n\000\040\000t\000o\000\040\000R\000e\000s\000e\000a\000r\000c\000h\000\040\000Q\000u\000e\000s\000t\000i\000o\000n\000\040\000R\000Q\0005}{subsection.8.1}% 65
\BOOKMARK [3][-]{subsubsection.8.1.5}{\376\377\000I\000m\000p\000l\000e\000m\000e\000n\000t\000a\000t\000i\000o\000n\000\040\000N\000o\000t\000e\000s}{subsection.8.1}% 66
\BOOKMARK [2][-]{subsection.8.2}{\376\377\000L\000a\000y\000e\000r\000\040\0006\000:\000\040\000M\000e\000t\000a\000-\000L\000e\000a\000r\000n\000i\000n\000g\000\040\000a\000n\000d\000\040\000C\000r\000o\000s\000s\000-\000L\000a\000y\000e\000r\000\040\000I\000n\000t\000e\000g\000r\000a\000t\000i\000o\000n}{section.8}% 67
\BOOKMARK [3][-]{subsubsection.8.2.1}{\376\377\000T\000h\000e\000o\000r\000e\000t\000i\000c\000a\000l\000\040\000G\000r\000o\000u\000n\000d\000i\000n\000g\000:\000\040\000L\000e\000a\000r\000n\000i\000n\000g\000\040\000t\000o\000\040\000L\000e\000a\000r\000n}{subsection.8.2}% 68
\BOOKMARK [3][-]{subsubsection.8.2.2}{\376\377\000F\000o\000r\000m\000a\000l\000\040\000D\000e\000f\000i\000n\000i\000t\000i\000o\000n\000:\000\040\000T\000h\000e\000\040\000H\000y\000p\000e\000r\000o\000p\000e\000r\000a\000t\000o\000r}{subsection.8.2}% 69
\BOOKMARK [3][-]{subsubsection.8.2.3}{\376\377\000C\000r\000o\000s\000s\000-\000L\000a\000y\000e\000r\000\040\000I\000n\000t\000e\000g\000r\000a\000t\000i\000o\000n}{subsection.8.2}% 70
\BOOKMARK [3][-]{subsubsection.8.2.4}{\376\377\000S\000u\000b\000l\000a\000y\000e\000r\000s\000\040\000o\000f\000\040\000M\000e\000t\000a\000-\000L\000e\000a\000r\000n\000i\000n\000g}{subsection.8.2}% 71
\BOOKMARK [3][-]{subsubsection.8.2.5}{\376\377\000C\000o\000n\000n\000e\000c\000t\000i\000o\000n\000\040\000t\000o\000\040\000R\000e\000s\000e\000a\000r\000c\000h\000\040\000Q\000u\000e\000s\000t\000i\000o\000n\000\040\000R\000Q\0005}{subsection.8.2}% 72
\BOOKMARK [3][-]{subsubsection.8.2.6}{\376\377\000I\000m\000p\000l\000e\000m\000e\000n\000t\000a\000t\000i\000o\000n\000\040\000N\000o\000t\000e\000s}{subsection.8.2}% 73
\BOOKMARK [2][-]{subsection.8.3}{\376\377\000L\000a\000y\000e\000r\000\040\0007\000:\000\040\000E\000m\000e\000r\000g\000e\000n\000t\000\040\000S\000e\000l\000f\000-\000A\000w\000a\000r\000e\000n\000e\000s\000s\000\040\000a\000n\000d\000\040\000G\000l\000o\000b\000a\000l\000\040\000P\000a\000t\000t\000e\000r\000n\000\040\000S\000y\000n\000t\000h\000e\000s\000i\000s}{section.8}% 74
\BOOKMARK [3][-]{subsubsection.8.3.1}{\376\377\000T\000h\000e\000o\000r\000e\000t\000i\000c\000a\000l\000\040\000G\000r\000o\000u\000n\000d\000i\000n\000g\000:\000\040\000S\000e\000l\000f\000-\000M\000o\000d\000e\000l\000i\000n\000g\000\040\000a\000n\000d\000\040\000G\000l\000o\000b\000a\000l\000\040\000C\000o\000h\000e\000r\000e\000n\000c\000e}{subsection.8.3}% 75
\BOOKMARK [3][-]{subsubsection.8.3.2}{\376\377\000F\000o\000r\000m\000a\000l\000\040\000D\000e\000f\000i\000n\000i\000t\000i\000o\000n\000:\000\040\000T\000h\000e\000\040\000S\000y\000n\000t\000h\000e\000s\000i\000s\000\040\000O\000p\000e\000r\000a\000t\000o\000r}{subsection.8.3}% 76
\BOOKMARK [3][-]{subsubsection.8.3.3}{\376\377\000S\000o\000f\000t\000\040\000G\000u\000i\000d\000a\000n\000c\000e\000\040\000O\000p\000e\000r\000a\000t\000o\000r\000\040}{subsection.8.3}% 77
\BOOKMARK [3][-]{subsubsection.8.3.4}{\376\377\000C\000o\000n\000n\000e\000c\000t\000i\000o\000n\000\040\000t\000o\000\040\000I\000n\000t\000e\000g\000r\000a\000t\000e\000d\000\040\000I\000n\000f\000o\000r\000m\000a\000t\000i\000o\000n\000\040\000T\000h\000e\000o\000r\000y}{subsection.8.3}% 78
\BOOKMARK [3][-]{subsubsection.8.3.5}{\376\377\000S\000u\000b\000l\000a\000y\000e\000r\000s\000\040\000o\000f\000\040\000E\000m\000e\000r\000g\000e\000n\000t\000\040\000S\000e\000l\000f\000-\000A\000w\000a\000r\000e\000n\000e\000s\000s}{subsection.8.3}% 79
\BOOKMARK [3][-]{subsubsection.8.3.6}{\376\377\000I\000m\000p\000l\000e\000m\000e\000n\000t\000a\000t\000i\000o\000n\000\040\000N\000o\000t\000e\000s}{subsection.8.3}% 80
\BOOKMARK [1][-]{section.9}{\376\377\000C\000l\000u\000s\000t\000e\000r\000\040\000I\000I\000I\000:\000\040\000O\000n\000t\000o\000l\000o\000g\000i\000c\000a\000l\000\040\000F\000l\000u\000i\000d\000i\000t\000y\000\040\000\050\000L\000a\000y\000e\000r\000s\000\040\0008\040\023\0001\0003\000\051}{}% 81
\BOOKMARK [2][-]{subsection.9.1}{\376\377\000L\000a\000y\000e\000r\000\040\0008\000:\000\040\000T\000e\000m\000p\000o\000r\000a\000l\000i\000t\000y\000\040\000a\000n\000d\000\040\000F\000l\000u\000x}{section.9}% 82
\BOOKMARK [3][-]{subsubsection.9.1.1}{\376\377\000T\000h\000e\000o\000r\000e\000t\000i\000c\000a\000l\000\040\000G\000r\000o\000u\000n\000d\000i\000n\000g\000:\000\040\000T\000i\000m\000e\000\040\000f\000r\000o\000m\000\040\000C\000o\000r\000r\000e\000l\000a\000t\000i\000o\000n\000s}{subsection.9.1}% 83
\BOOKMARK [3][-]{subsubsection.9.1.2}{\376\377\000F\000o\000r\000m\000a\000l\000\040\000D\000e\000f\000i\000n\000i\000t\000i\000o\000n\000:\000\040\000T\000h\000e\000\040\000M\000a\000s\000t\000e\000r\000\040\000E\000q\000u\000a\000t\000i\000o\000n\000\040\000o\000f\000\040\000F\000l\000u\000x}{subsection.9.1}% 84
\BOOKMARK [3][-]{subsubsection.9.1.3}{\376\377\000M\000u\000l\000t\000i\000-\000S\000c\000a\000l\000e\000\040\000T\000e\000m\000p\000o\000r\000a\000l\000\040\000E\000n\000c\000o\000d\000i\000n\000g}{subsection.9.1}% 85
\BOOKMARK [3][-]{subsubsection.9.1.4}{\376\377\000S\000u\000b\000l\000a\000y\000e\000r\000s\000\040\000o\000f\000\040\000T\000e\000m\000p\000o\000r\000a\000l\000i\000t\000y\000\040\000a\000n\000d\000\040\000F\000l\000u\000x}{subsection.9.1}% 86
\BOOKMARK [3][-]{subsubsection.9.1.5}{\376\377\000C\000o\000n\000n\000e\000c\000t\000i\000o\000n\000\040\000t\000o\000\040\000R\000e\000s\000e\000a\000r\000c\000h\000\040\000Q\000u\000e\000s\000t\000i\000o\000n\000\040\000R\000Q\0008}{subsection.9.1}% 87
\BOOKMARK [3][-]{subsubsection.9.1.6}{\376\377\000I\000m\000p\000l\000e\000m\000e\000n\000t\000a\000t\000i\000o\000n\000\040\000N\000o\000t\000e\000s}{subsection.9.1}% 88
\BOOKMARK [2][-]{subsection.9.2}{\376\377\000L\000a\000y\000e\000r\000\040\0009\000:\000\040\000O\000n\000t\000o\000l\000o\000g\000i\000c\000a\000l\000\040\000C\000r\000e\000a\000t\000i\000o\000n}{section.9}% 89
\BOOKMARK [3][-]{subsubsection.9.2.1}{\376\377\000T\000h\000e\000o\000r\000e\000t\000i\000c\000a\000l\000\040\000G\000r\000o\000u\000n\000d\000i\000n\000g\000:\000\040\000C\000a\000t\000e\000g\000o\000r\000y\000\040\000T\000h\000e\000o\000r\000y\000\040\000a\000n\000d\000\040\000W\000o\000r\000l\000d\000m\000a\000k\000i\000n\000g}{subsection.9.2}% 90
\BOOKMARK [3][-]{subsubsection.9.2.2}{\376\377\000F\000o\000r\000m\000a\000l\000\040\000D\000e\000f\000i\000n\000i\000t\000i\000o\000n\000:\000\040\000O\000n\000t\000o\000l\000o\000g\000i\000c\000a\000l\000\040\000F\000u\000n\000c\000t\000o\000r\000s}{subsection.9.2}% 91
\BOOKMARK [3][-]{subsubsection.9.2.3}{\376\377\000M\000e\000c\000h\000a\000n\000i\000s\000m\000s\000\040\000o\000f\000\040\000O\000n\000t\000o\000l\000o\000g\000i\000c\000a\000l\000\040\000C\000r\000e\000a\000t\000i\000o\000n}{subsection.9.2}% 92
\BOOKMARK [3][-]{subsubsection.9.2.4}{\376\377\000S\000u\000b\000l\000a\000y\000e\000r\000s\000\040\000o\000f\000\040\000O\000n\000t\000o\000l\000o\000g\000i\000c\000a\000l\000\040\000C\000r\000e\000a\000t\000i\000o\000n}{subsection.9.2}% 93
\BOOKMARK [3][-]{subsubsection.9.2.5}{\376\377\000C\000o\000n\000n\000e\000c\000t\000i\000o\000n\000\040\000t\000o\000\040\000R\000e\000s\000e\000a\000r\000c\000h\000\040\000Q\000u\000e\000s\000t\000i\000o\000n\000\040\000R\000Q\0009}{subsection.9.2}% 94
\BOOKMARK [3][-]{subsubsection.9.2.6}{\376\377\000I\000m\000p\000l\000e\000m\000e\000n\000t\000a\000t\000i\000o\000n\000\040\000N\000o\000t\000e\000s}{subsection.9.2}% 95
\BOOKMARK [2][-]{subsection.9.3}{\376\377\000L\000a\000y\000e\000r\000\040\0001\0000\000:\000\040\000G\000l\000o\000b\000a\000l\000\040\000M\000e\000t\000a\000-\000O\000n\000t\000o\000l\000o\000g\000i\000c\000a\000l\000\040\000E\000v\000a\000l\000u\000a\000t\000i\000o\000n}{section.9}% 96
\BOOKMARK [3][-]{subsubsection.9.3.1}{\376\377\000T\000h\000e\000o\000r\000e\000t\000i\000c\000a\000l\000\040\000G\000r\000o\000u\000n\000d\000i\000n\000g\000:\000\040\000S\000e\000c\000o\000n\000d\000-\000O\000r\000d\000e\000r\000\040\000C\000y\000b\000e\000r\000n\000e\000t\000i\000c\000s\000\040\000a\000n\000d\000\040\000M\000e\000t\000a\000-\000C\000o\000g\000n\000i\000t\000i\000o\000n}{subsection.9.3}% 97
\BOOKMARK [3][-]{subsubsection.9.3.2}{\376\377\000F\000o\000r\000m\000a\000l\000\040\000D\000e\000f\000i\000n\000i\000t\000i\000o\000n\000:\000\040\000T\000h\000e\000\040\000C\000o\000h\000e\000r\000e\000n\000c\000e\000\040\000T\000e\000n\000s\000o\000r}{subsection.9.3}% 98
\BOOKMARK [3][-]{subsubsection.9.3.3}{\376\377\000C\000o\000m\000p\000u\000t\000i\000n\000g\000\040\000t\000h\000e\000\040\000C\000o\000h\000e\000r\000e\000n\000c\000e\000\040\000S\000c\000o\000r\000e\000s}{subsection.9.3}% 99
\BOOKMARK [3][-]{subsubsection.9.3.4}{\376\377\000S\000u\000b\000l\000a\000y\000e\000r\000s\000\040\000o\000f\000\040\000M\000e\000t\000a\000-\000O\000n\000t\000o\000l\000o\000g\000i\000c\000a\000l\000\040\000E\000v\000a\000l\000u\000a\000t\000i\000o\000n}{subsection.9.3}% 100
\BOOKMARK [3][-]{subsubsection.9.3.5}{\376\377\000C\000o\000n\000n\000e\000c\000t\000i\000o\000n\000\040\000t\000o\000\040\000R\000e\000s\000e\000a\000r\000c\000h\000\040\000Q\000u\000e\000s\000t\000i\000o\000n\000\040\000R\000Q\0001\0000}{subsection.9.3}% 101
\BOOKMARK [3][-]{subsubsection.9.3.6}{\376\377\000I\000m\000p\000l\000e\000m\000e\000n\000t\000a\000t\000i\000o\000n\000\040\000N\000o\000t\000e\000s}{subsection.9.3}% 102
\BOOKMARK [2][-]{subsection.9.4}{\376\377\000L\000a\000y\000e\000r\000\040\0001\0001\000:\000\040\000A\000d\000a\000p\000t\000i\000v\000e\000\040\000M\000e\000t\000a\000-\000C\000o\000n\000t\000e\000x\000t\000u\000a\000l\000i\000z\000a\000t\000i\000o\000n}{section.9}% 103
\BOOKMARK [3][-]{subsubsection.9.4.1}{\376\377\000T\000h\000e\000o\000r\000e\000t\000i\000c\000a\000l\000\040\000G\000r\000o\000u\000n\000d\000i\000n\000g\000:\000\040\000S\000i\000t\000u\000a\000t\000e\000d\000\040\000K\000n\000o\000w\000l\000e\000d\000g\000e\000\040\000a\000n\000d\000\040\000P\000e\000r\000s\000p\000e\000c\000t\000i\000v\000a\000l\000\040\000R\000e\000a\000l\000i\000s\000m}{subsection.9.4}% 104
\BOOKMARK [3][-]{subsubsection.9.4.2}{\376\377\000F\000o\000r\000m\000a\000l\000\040\000D\000e\000f\000i\000n\000i\000t\000i\000o\000n\000:\000\040\000C\000o\000n\000t\000e\000x\000t\000u\000a\000l\000\040\000O\000p\000e\000r\000a\000t\000o\000r\000s}{subsection.9.4}% 105
\BOOKMARK [3][-]{subsubsection.9.4.3}{\376\377\000C\000o\000n\000t\000e\000x\000t\000-\000A\000w\000a\000r\000e\000\040\000A\000t\000o\000m\000i\000c\000i\000t\000y\000\040\000a\000n\000d\000\040\000O\000n\000t\000o\000l\000o\000g\000y}{subsection.9.4}% 106
\BOOKMARK [3][-]{subsubsection.9.4.4}{\376\377\000S\000u\000b\000l\000a\000y\000e\000r\000s\000\040\000o\000f\000\040\000A\000d\000a\000p\000t\000i\000v\000e\000\040\000M\000e\000t\000a\000-\000C\000o\000n\000t\000e\000x\000t\000u\000a\000l\000i\000z\000a\000t\000i\000o\000n}{subsection.9.4}% 107
\BOOKMARK [3][-]{subsubsection.9.4.5}{\376\377\000C\000o\000n\000n\000e\000c\000t\000i\000o\000n\000\040\000t\000o\000\040\000R\000e\000s\000e\000a\000r\000c\000h\000\040\000Q\000u\000e\000s\000t\000i\000o\000n\000\040\000R\000Q\0001\0000}{subsection.9.4}% 108
\BOOKMARK [3][-]{subsubsection.9.4.6}{\376\377\000I\000m\000p\000l\000e\000m\000e\000n\000t\000a\000t\000i\000o\000n\000\040\000N\000o\000t\000e\000s}{subsection.9.4}% 109
\BOOKMARK [2][-]{subsection.9.5}{\376\377\000L\000a\000y\000e\000r\000\040\0001\0002\000:\000\040\000T\000r\000a\000n\000s\000d\000i\000m\000e\000n\000s\000i\000o\000n\000a\000l\000\040\000I\000n\000t\000e\000g\000r\000a\000t\000i\000o\000n\000\040\000a\000n\000d\000\040\000O\000n\000t\000o\000l\000o\000g\000i\000c\000a\000l\000\040\000R\000e\000c\000o\000n\000c\000i\000l\000i\000a\000t\000i\000o\000n}{section.9}% 110
\BOOKMARK [3][-]{subsubsection.9.5.1}{\376\377\000T\000h\000e\000o\000r\000e\000t\000i\000c\000a\000l\000\040\000G\000r\000o\000u\000n\000d\000i\000n\000g\000:\000\040\000I\000n\000c\000o\000m\000m\000e\000n\000s\000u\000r\000a\000b\000i\000l\000i\000t\000y\000\040\000a\000n\000d\000\040\000T\000r\000a\000n\000s\000l\000a\000t\000i\000o\000n}{subsection.9.5}% 111
\BOOKMARK [3][-]{subsubsection.9.5.2}{\376\377\000F\000o\000r\000m\000a\000l\000\040\000D\000e\000f\000i\000n\000i\000t\000i\000o\000n\000:\000\040\000R\000e\000c\000o\000n\000c\000i\000l\000i\000a\000t\000i\000o\000n\000\040\000S\000p\000a\000n\000s}{subsection.9.5}% 112
\BOOKMARK [3][-]{subsubsection.9.5.3}{\376\377\000S\000u\000b\000l\000a\000y\000e\000r\000s\000\040\000o\000f\000\040\000T\000r\000a\000n\000s\000d\000i\000m\000e\000n\000s\000i\000o\000n\000a\000l\000\040\000I\000n\000t\000e\000g\000r\000a\000t\000i\000o\000n}{subsection.9.5}% 113
\BOOKMARK [3][-]{subsubsection.9.5.4}{\376\377\000C\000o\000n\000n\000e\000c\000t\000i\000o\000n\000\040\000t\000o\000\040\000R\000e\000s\000e\000a\000r\000c\000h\000\040\000Q\000u\000e\000s\000t\000i\000o\000n\000s\000\040\000R\000Q\0009\000\040\000a\000n\000d\000\040\000R\000Q\0001\0000}{subsection.9.5}% 114
\BOOKMARK [3][-]{subsubsection.9.5.5}{\376\377\000I\000m\000p\000l\000e\000m\000e\000n\000t\000a\000t\000i\000o\000n\000\040\000N\000o\000t\000e\000s}{subsection.9.5}% 115
\BOOKMARK [2][-]{subsection.9.6}{\376\377\000L\000a\000y\000e\000r\000\040\0001\0003\000:\000\040\000O\000n\000t\000o\000g\000e\000n\000e\000s\000i\000s\000\040\000o\000f\000\040\000N\000o\000v\000e\000l\000t\000y}{section.9}% 116
\BOOKMARK [3][-]{subsubsection.9.6.1}{\376\377\000T\000h\000e\000o\000r\000e\000t\000i\000c\000a\000l\000\040\000G\000r\000o\000u\000n\000d\000i\000n\000g\000:\000\040\000I\000n\000d\000i\000v\000i\000d\000u\000a\000t\000i\000o\000n\000\040\000a\000n\000d\000\040\000C\000r\000i\000t\000i\000c\000a\000l\000\040\000T\000r\000a\000n\000s\000i\000t\000i\000o\000n\000s}{subsection.9.6}% 117
\BOOKMARK [3][-]{subsubsection.9.6.2}{\376\377\000F\000o\000r\000m\000a\000l\000\040\000D\000e\000f\000i\000n\000i\000t\000i\000o\000n\000:\000\040\000T\000h\000e\000\040\000E\000m\000e\000r\000g\000e\000n\000t\000\040\000O\000p\000e\000r\000a\000t\000o\000r\000\040\000a\000n\000d\000\040\000O\000n\000t\000o\000g\000e\000n\000e\000s\000i\000s}{subsection.9.6}% 118
\BOOKMARK [3][-]{subsubsection.9.6.3}{\376\377\000E\000a\000r\000l\000y\000-\000W\000a\000r\000n\000i\000n\000g\000\040\000D\000i\000a\000g\000n\000o\000s\000t\000i\000c\000s\000\040\000v\000i\000a\000\040\000P\000e\000r\000s\000i\000s\000t\000e\000n\000t\000\040\000H\000o\000m\000o\000l\000o\000g\000y}{subsection.9.6}% 119
\BOOKMARK [3][-]{subsubsection.9.6.4}{\376\377\000S\000u\000b\000l\000a\000y\000e\000r\000s\000\040\000o\000f\000\040\000O\000n\000t\000o\000g\000e\000n\000e\000s\000i\000s}{subsection.9.6}% 120
\BOOKMARK [3][-]{subsubsection.9.6.5}{\376\377\000C\000o\000n\000n\000e\000c\000t\000i\000o\000n\000\040\000t\000o\000\040\000R\000e\000s\000e\000a\000r\000c\000h\000\040\000Q\000u\000e\000s\000t\000i\000o\000n\000\040\000R\000Q\0001\0001}{subsection.9.6}% 121
\BOOKMARK [3][-]{subsubsection.9.6.6}{\376\377\000I\000m\000p\000l\000e\000m\000e\000n\000t\000a\000t\000i\000o\000n\000\040\000N\000o\000t\000e\000s}{subsection.9.6}% 122
\BOOKMARK [1][-]{section.10}{\376\377\000C\000l\000u\000s\000t\000e\000r\000\040\000I\000V\000:\000\040\000W\000o\000r\000l\000d\000-\000M\000a\000k\000i\000n\000g\000\040\000\046\000\040\000G\000o\000v\000e\000r\000n\000a\000n\000c\000e\000\040\000\050\000L\000a\000y\000e\000r\000s\000\040\0001\0004\040\023\0001\0007\000\051}{}% 123
\BOOKMARK [2][-]{subsection.10.1}{\376\377\000L\000a\000y\000e\000r\000\040\0001\0004\000:\000\040\000A\000u\000t\000o\000p\000o\000i\000e\000t\000i\000c\000\040\000W\000o\000r\000l\000d\000b\000u\000i\000l\000d\000i\000n\000g}{section.10}% 124
\BOOKMARK [3][-]{subsubsection.10.1.1}{\376\377\000T\000h\000e\000o\000r\000e\000t\000i\000c\000a\000l\000\040\000G\000r\000o\000u\000n\000d\000i\000n\000g\000:\000\040\000A\000u\000t\000o\000p\000o\000i\000e\000s\000i\000s\000\040\000a\000n\000d\000\040\000t\000h\000e\000\040\000P\000l\000u\000r\000i\000v\000e\000r\000s\000e}{subsection.10.1}% 125
\BOOKMARK [3][-]{subsubsection.10.1.2}{\376\377\000F\000o\000r\000m\000a\000l\000\040\000D\000e\000f\000i\000n\000i\000t\000i\000o\000n\000:\000\040\000W\000o\000r\000l\000d\000-\000M\000o\000d\000e\000l\000s\000\040\000a\000n\000d\000\040\000t\000h\000e\000\040\000P\000l\000u\000r\000i\000v\000e\000r\000s\000e}{subsection.10.1}% 126
\BOOKMARK [3][-]{subsubsection.10.1.3}{\376\377\000P\000l\000u\000r\000a\000l\000i\000t\000y\000\040\000P\000r\000e\000s\000e\000r\000v\000a\000t\000i\000o\000n\000\040\000a\000n\000d\000\040\000E\000p\000i\000s\000t\000e\000m\000i\000c\000\040\000D\000i\000s\000t\000a\000n\000c\000e}{subsection.10.1}% 127
\BOOKMARK [3][-]{subsubsection.10.1.4}{\376\377\000S\000u\000b\000l\000a\000y\000e\000r\000s\000\040\000o\000f\000\040\000A\000u\000t\000o\000p\000o\000i\000e\000t\000i\000c\000\040\000W\000o\000r\000l\000d\000b\000u\000i\000l\000d\000i\000n\000g}{subsection.10.1}% 128
\BOOKMARK [3][-]{subsubsection.10.1.5}{\376\377\000C\000o\000n\000n\000e\000c\000t\000i\000o\000n\000\040\000t\000o\000\040\000R\000e\000s\000e\000a\000r\000c\000h\000\040\000Q\000u\000e\000s\000t\000i\000o\000n\000\040\000R\000Q\0001\0002}{subsection.10.1}% 129
\BOOKMARK [3][-]{subsubsection.10.1.6}{\376\377\000I\000m\000p\000l\000e\000m\000e\000n\000t\000a\000t\000i\000o\000n\000\040\000N\000o\000t\000e\000s}{subsection.10.1}% 130
\BOOKMARK [2][-]{subsection.10.2}{\376\377\000L\000a\000y\000e\000r\000\040\0001\0005\000:\000\040\000R\000e\000s\000p\000o\000n\000s\000i\000b\000l\000e\000\040\000R\000e\000c\000u\000r\000s\000i\000v\000e\000\040\000M\000o\000r\000p\000h\000o\000g\000e\000n\000e\000s\000i\000s}{section.10}% 131
\BOOKMARK [3][-]{subsubsection.10.2.1}{\376\377\000T\000h\000e\000o\000r\000e\000t\000i\000c\000a\000l\000\040\000G\000r\000o\000u\000n\000d\000i\000n\000g\000:\000\040\000M\000a\000t\000e\000r\000i\000a\000l\000\040\000A\000g\000e\000n\000c\000y\000\040\000a\000n\000d\000\040\000S\000y\000n\000t\000h\000e\000t\000i\000c\000\040\000B\000i\000o\000l\000o\000g\000y}{subsection.10.2}% 132
\BOOKMARK [3][-]{subsubsection.10.2.2}{\376\377\000F\000o\000r\000m\000a\000l\000\040\000D\000e\000f\000i\000n\000i\000t\000i\000o\000n\000:\000\040\000T\000h\000e\000\040\000G\000l\000o\000b\000a\000l\000\040\000S\000t\000a\000t\000e\000\040\000a\000n\000d\000\040\000M\000o\000r\000p\000h\000o\000g\000e\000n\000e\000t\000i\000c\000\040\000A\000c\000t\000i\000o\000n\000s}{subsection.10.2}% 133
\BOOKMARK [3][-]{subsubsection.10.2.3}{\376\377\000S\000a\000f\000e\000\040\000O\000p\000e\000r\000a\000t\000i\000n\000g\000\040\000E\000n\000v\000e\000l\000o\000p\000e\000\040\000a\000n\000d\000\040\000I\000n\000v\000a\000r\000i\000a\000n\000t\000\040\000C\000o\000n\000t\000r\000a\000c\000t\000s}{subsection.10.2}% 134
\BOOKMARK [3][-]{subsubsection.10.2.4}{\376\377\000E\000t\000h\000i\000c\000a\000l\000\040\000R\000e\000f\000l\000e\000x\000i\000v\000i\000t\000y\000\040\000a\000n\000d\000\040\000R\000e\000c\000u\000r\000s\000i\000v\000e\000\040\000M\000e\000t\000a\000-\000S\000t\000r\000u\000c\000t\000u\000r\000e}{subsection.10.2}% 135
\BOOKMARK [3][-]{subsubsection.10.2.5}{\376\377\000S\000u\000b\000l\000a\000y\000e\000r\000s\000\040\000o\000f\000\040\000R\000e\000s\000p\000o\000n\000s\000i\000b\000l\000e\000\040\000R\000e\000c\000u\000r\000s\000i\000v\000e\000\040\000M\000o\000r\000p\000h\000o\000g\000e\000n\000e\000s\000i\000s}{subsection.10.2}% 136
\BOOKMARK [3][-]{subsubsection.10.2.6}{\376\377\000C\000o\000n\000n\000e\000c\000t\000i\000o\000n\000\040\000t\000o\000\040\000R\000e\000s\000e\000a\000r\000c\000h\000\040\000Q\000u\000e\000s\000t\000i\000o\000n\000\040\000R\000Q\0001\0003}{subsection.10.2}% 137
\BOOKMARK [3][-]{subsubsection.10.2.7}{\376\377\000I\000m\000p\000l\000e\000m\000e\000n\000t\000a\000t\000i\000o\000n\000\040\000N\000o\000t\000e\000s}{subsection.10.2}% 138
\BOOKMARK [2][-]{subsection.10.3}{\376\377\000L\000a\000y\000e\000r\000\040\0001\0006\000:\000\040\000T\000r\000a\000n\000s\000c\000e\000n\000d\000e\000n\000c\000e\000\040\000a\000n\000d\000\040\000C\000o\000l\000l\000e\000c\000t\000i\000v\000e\000\040\000C\000o\000g\000n\000i\000t\000i\000o\000n}{section.10}% 139
\BOOKMARK [3][-]{subsubsection.10.3.1}{\376\377\000T\000h\000e\000o\000r\000e\000t\000i\000c\000a\000l\000\040\000G\000r\000o\000u\000n\000d\000i\000n\000g\000:\000\040\000D\000i\000s\000t\000r\000i\000b\000u\000t\000e\000d\000\040\000C\000o\000g\000n\000i\000t\000i\000o\000n\000\040\000a\000n\000d\000\040\000C\000o\000l\000l\000e\000c\000t\000i\000v\000e\000\040\000I\000n\000t\000e\000l\000l\000i\000g\000e\000n\000c\000e}{subsection.10.3}% 140
\BOOKMARK [3][-]{subsubsection.10.3.2}{\376\377\000F\000o\000r\000m\000a\000l\000\040\000D\000e\000f\000i\000n\000i\000t\000i\000o\000n\000:\000\040\000T\000h\000e\000\040\000C\000o\000l\000l\000e\000c\000t\000i\000v\000e\000\040\000C\000o\000g\000n\000i\000t\000i\000v\000e\000\040\000O\000p\000e\000r\000a\000t\000o\000r}{subsection.10.3}% 141
\BOOKMARK [3][-]{subsubsection.10.3.3}{\376\377\000S\000u\000b\000l\000a\000y\000e\000r\000s\000\040\000o\000f\000\040\000T\000r\000a\000n\000s\000c\000e\000n\000d\000e\000n\000c\000e\000\040\000a\000n\000d\000\040\000C\000o\000l\000l\000e\000c\000t\000i\000v\000e\000\040\000C\000o\000g\000n\000i\000t\000i\000o\000n}{subsection.10.3}% 142
\BOOKMARK [3][-]{subsubsection.10.3.4}{\376\377\000C\000o\000n\000n\000e\000c\000t\000i\000o\000n\000\040\000t\000o\000\040\000R\000e\000s\000e\000a\000r\000c\000h\000\040\000Q\000u\000e\000s\000t\000i\000o\000n\000\040\000R\000Q\0001\0004}{subsection.10.3}% 143
\BOOKMARK [3][-]{subsubsection.10.3.5}{\376\377\000I\000m\000p\000l\000e\000m\000e\000n\000t\000a\000t\000i\000o\000n\000\040\000N\000o\000t\000e\000s}{subsection.10.3}% 144
\BOOKMARK [2][-]{subsection.10.4}{\376\377\000L\000a\000y\000e\000r\000\040\0001\0007\000:\000\040\000A\000b\000s\000o\000l\000u\000t\000e\000\040\000I\000n\000t\000e\000g\000r\000a\000t\000i\000o\000n}{section.10}% 145
\BOOKMARK [3][-]{subsubsection.10.4.1}{\376\377\000T\000h\000e\000o\000r\000e\000t\000i\000c\000a\000l\000\040\000G\000r\000o\000u\000n\000d\000i\000n\000g\000:\000\040\000H\000i\000g\000h\000e\000r\000-\000O\000r\000d\000e\000r\000\040\000C\000y\000b\000e\000r\000n\000e\000t\000i\000c\000s\000\040\000a\000n\000d\000\040\000F\000i\000x\000e\000d\000-\000P\000o\000i\000n\000t\000\040\000T\000h\000e\000o\000r\000e\000m\000s}{subsection.10.4}% 146
\BOOKMARK [3][-]{subsubsection.10.4.2}{\376\377\000F\000o\000r\000m\000a\000l\000\040\000D\000e\000f\000i\000n\000i\000t\000i\000o\000n\000:\000\040\000T\000h\000e\000\040\000M\000e\000t\000a\000-\000O\000p\000e\000r\000a\000t\000o\000r\000\040\000a\000n\000d\000\040\000E\000q\000u\000i\000l\000i\000b\000r\000i\000u\000m}{subsection.10.4}% 147
\BOOKMARK [3][-]{subsubsection.10.4.3}{\376\377\000T\000h\000e\000\040\000P\000r\000i\000n\000c\000i\000p\000l\000e\000\040\000o\000f\000\040\000R\000e\000v\000e\000r\000s\000i\000b\000l\000e\000\040\000I\000n\000t\000e\000g\000r\000a\000t\000i\000o\000n}{subsection.10.4}% 148
\BOOKMARK [3][-]{subsubsection.10.4.4}{\376\377\000S\000u\000b\000l\000a\000y\000e\000r\000s\000\040\000o\000f\000\040\000A\000b\000s\000o\000l\000u\000t\000e\000\040\000I\000n\000t\000e\000g\000r\000a\000t\000i\000o\000n}{subsection.10.4}% 149
\BOOKMARK [3][-]{subsubsection.10.4.5}{\376\377\000C\000o\000n\000n\000e\000c\000t\000i\000o\000n\000\040\000t\000o\000\040\000R\000e\000s\000e\000a\000r\000c\000h\000\040\000Q\000u\000e\000s\000t\000i\000o\000n\000\040\000R\000Q\0001\0005}{subsection.10.4}% 150
\BOOKMARK [3][-]{subsubsection.10.4.6}{\376\377\000I\000m\000p\000l\000e\000m\000e\000n\000t\000a\000t\000i\000o\000n\000\040\000N\000o\000t\000e\000s}{subsection.10.4}% 151
\BOOKMARK [1][-]{section.11}{\376\377\000C\000o\000n\000c\000r\000e\000t\000e\000\040\000E\000x\000a\000m\000p\000l\000e\000s\000\040\000a\000n\000d\000\040\000I\000l\000l\000u\000s\000t\000r\000a\000t\000i\000o\000n\000s}{}% 152
\BOOKMARK [2][-]{subsection.11.1}{\376\377\000A\000t\000o\000m\000i\000c\000i\000t\000y\000\040\000S\000c\000o\000r\000e\000s\000\040\000f\000o\000r\000\040\000D\000i\000v\000e\000r\000s\000e\000\040\000O\000b\000s\000e\000r\000v\000a\000b\000l\000e\000s}{section.11}% 153
\BOOKMARK [2][-]{subsection.11.2}{\376\377\000Q\000u\000a\000l\000i\000t\000a\000t\000i\000v\000e\000\040\000D\000i\000m\000e\000n\000s\000i\000o\000n\000s\000\040\000i\000n\000\040\000P\000r\000a\000c\000t\000i\000c\000e}{section.11}% 154
\BOOKMARK [2][-]{subsection.11.3}{\376\377\000R\000e\000l\000a\000t\000i\000o\000n\000a\000l\000\040\000D\000e\000n\000s\000i\000t\000y\000\040\000F\000i\000e\000l\000d}{section.11}% 155
\BOOKMARK [1][-]{section.12}{\376\377\000V\000a\000l\000i\000d\000a\000t\000i\000o\000n\000:\000\040\000F\000a\000l\000s\000i\000f\000i\000a\000b\000l\000e\000\040\000E\000x\000p\000e\000r\000i\000m\000e\000n\000t\000s}{}% 156
\BOOKMARK [2][-]{subsection.12.1}{\376\377\000H\000y\000p\000o\000t\000h\000e\000s\000i\000s\000\040\0001\000:\000\040\000L\000a\000y\000e\000r\000\040\0001\000\040\000M\000u\000l\000t\000i\000-\000A\000x\000i\000a\000l\000\040\000C\000o\000n\000v\000e\000r\000g\000e\000n\000c\000e}{section.12}% 157
\BOOKMARK [3][-]{subsubsection.12.1.1}{\376\377\000E\000x\000p\000e\000r\000i\000m\000e\000n\000t\000a\000l\000\040\000S\000e\000t\000u\000p}{subsection.12.1}% 158
\BOOKMARK [3][-]{subsubsection.12.1.2}{\376\377\000R\000e\000s\000u\000l\000t\000s}{subsection.12.1}% 159
\BOOKMARK [3][-]{subsubsection.12.1.3}{\376\377\000I\000n\000t\000e\000r\000p\000r\000e\000t\000a\000t\000i\000o\000n}{subsection.12.1}% 160
\BOOKMARK [2][-]{subsection.12.2}{\376\377\000H\000y\000p\000o\000t\000h\000e\000s\000i\000s\000\040\0002\000:\000\040\000U\000n\000s\000u\000p\000e\000r\000v\000i\000s\000e\000d\000\040\000R\000e\000l\000a\000t\000i\000o\000n\000a\000l\000\040\000S\000t\000r\000u\000c\000t\000u\000r\000e\000\040\000D\000i\000s\000c\000o\000v\000e\000r\000y\000\040\000A\000c\000r\000o\000s\000s\000\040\000F\000i\000v\000e\000\040\000D\000a\000t\000a\000s\000e\000t\000s}{section.12}% 161
\BOOKMARK [2][-]{subsection.12.3}{\376\377\000H\000y\000p\000o\000t\000h\000e\000s\000i\000s\000\040\0003\000:\000\040\000L\000a\000y\000e\000r\000\040\0001\0003\000\040\000O\000n\000t\000o\000g\000e\000n\000e\000s\000i\000s}{section.12}% 162
\BOOKMARK [2][-]{subsection.12.4}{\376\377\000S\000u\000m\000m\000a\000r\000y\000\040\000o\000f\000\040\000F\000a\000l\000s\000i\000f\000i\000a\000b\000l\000e\000\040\000P\000r\000e\000d\000i\000c\000t\000i\000o\000n\000s}{section.12}% 163
\BOOKMARK [1][-]{section.13}{\376\377\000C\000o\000m\000p\000u\000t\000a\000t\000i\000o\000n\000a\000l\000\040\000C\000o\000m\000p\000l\000e\000x\000i\000t\000y\000\040\000a\000n\000d\000\040\000S\000c\000a\000l\000i\000n\000g}{}% 164
\BOOKMARK [2][-]{subsection.13.1}{\376\377\000L\000a\000y\000e\000r\000\040\0001\000:\000\040\000A\000t\000o\000m\000i\000c\000i\000t\000y\000\040\000T\000e\000s\000t\000i\000n\000g}{section.13}% 165
\BOOKMARK [2][-]{subsection.13.2}{\376\377\000L\000a\000y\000e\000r\000\040\0002\000:\000\040\000H\000y\000p\000e\000r\000g\000r\000a\000p\000h\000\040\000C\000o\000n\000s\000t\000r\000u\000c\000t\000i\000o\000n\000\040\000a\000n\000d\000\040\000I\000n\000f\000l\000u\000e\000n\000c\000e\000\040\000C\000o\000m\000p\000u\000t\000a\000t\000i\000o\000n}{section.13}% 166
\BOOKMARK [2][-]{subsection.13.3}{\376\377\000L\000a\000y\000e\000r\000\040\0007\000:\000\040\000G\000l\000o\000b\000a\000l\000\040\000S\000y\000n\000t\000h\000e\000s\000i\000s}{section.13}% 167
\BOOKMARK [2][-]{subsection.13.4}{\376\377\000L\000a\000y\000e\000r\000\040\0001\0003\000:\000\040\000O\000n\000t\000o\000g\000e\000n\000e\000s\000i\000s\000\040\000D\000e\000t\000e\000c\000t\000i\000o\000n}{section.13}% 168
\BOOKMARK [2][-]{subsection.13.5}{\376\377\000L\000a\000y\000e\000r\000\040\0001\0007\000:\000\040\000F\000i\000x\000e\000d\000-\000P\000o\000i\000n\000t\000\040\000C\000o\000m\000p\000u\000t\000a\000t\000i\000o\000n}{section.13}% 169
\BOOKMARK [2][-]{subsection.13.6}{\376\377\000I\000d\000e\000a\000l\000i\000s\000e\000d\000\040\000M\000a\000t\000h\000e\000m\000a\000t\000i\000c\000s\000\040\000a\000n\000d\000\040\000C\000o\000m\000p\000u\000t\000a\000t\000i\000o\000n\000a\000l\000\040\000T\000r\000a\000c\000t\000a\000b\000i\000l\000i\000t\000y}{section.13}% 170
\BOOKMARK [2][-]{subsection.13.7}{\376\377\000S\000c\000a\000l\000a\000b\000i\000l\000i\000t\000y\000\040\000S\000t\000r\000a\000t\000e\000g\000i\000e\000s}{section.13}% 171
\BOOKMARK [2][-]{subsection.13.8}{\376\377\000E\000m\000p\000i\000r\000i\000c\000a\000l\000\040\000R\000e\000s\000o\000u\000r\000c\000e\000\040\000F\000o\000o\000t\000p\000r\000i\000n\000t\000\040\000o\000f\000\040\000t\000h\000e\000\040\000C\000l\000u\000s\000t\000e\000r\000\040\000I\000\040\000I\000m\000p\000l\000e\000m\000e\000n\000t\000a\000t\000i\000o\000n}{section.13}% 172
\BOOKMARK [1][-]{section.14}{\376\377\000E\000t\000h\000i\000c\000a\000l\000\040\000a\000n\000d\000\040\000G\000o\000v\000e\000r\000n\000a\000n\000c\000e\000\040\000F\000r\000a\000m\000e\000w\000o\000r\000k}{}% 173
\BOOKMARK [2][-]{subsection.14.1}{\376\377\000R\000e\000v\000e\000r\000s\000i\000b\000l\000e\000\040\000I\000n\000t\000e\000g\000r\000a\000t\000i\000o\000n\000\040\000a\000s\000\040\000a\000n\000\040\000A\000r\000c\000h\000i\000t\000e\000c\000t\000u\000r\000a\000l\000\040\000P\000r\000i\000n\000c\000i\000p\000l\000e}{section.14}% 174
\BOOKMARK [2][-]{subsection.14.2}{\376\377\000P\000r\000o\000v\000e\000n\000a\000n\000c\000e\000,\000\040\000A\000u\000d\000i\000t\000a\000b\000i\000l\000i\000t\000y\000,\000\040\000a\000n\000d\000\040\000C\000r\000y\000p\000t\000o\000g\000r\000a\000p\000h\000i\000c\000\040\000A\000t\000t\000e\000s\000t\000a\000t\000i\000o\000n}{section.14}% 175
\BOOKMARK [2][-]{subsection.14.3}{\376\377\000M\000u\000l\000t\000i\000-\000S\000t\000a\000k\000e\000h\000o\000l\000d\000e\000r\000\040\000G\000o\000v\000e\000r\000n\000a\000n\000c\000e\000\040\000a\000n\000d\000\040\000P\000a\000r\000t\000i\000c\000i\000p\000a\000t\000o\000r\000y\000\040\000D\000e\000s\000i\000g\000n}{section.14}% 176
\BOOKMARK [2][-]{subsection.14.4}{\376\377\000E\000t\000h\000i\000c\000a\000l\000\040\000R\000e\000f\000l\000e\000x\000i\000v\000i\000t\000y\000\040\000i\000n\000\040\000L\000a\000y\000e\000r\000\040\0001\0005}{section.14}% 177
\BOOKMARK [2][-]{subsection.14.5}{\376\377\000M\000o\000r\000a\000l\000\040\000S\000t\000a\000t\000u\000s\000\040\000o\000f\000\040\000S\000i\000m\000u\000l\000a\000t\000e\000d\000\040\000E\000n\000t\000i\000t\000i\000e\000s\000\040\000a\000n\000d\000\040\000P\000l\000u\000r\000i\000v\000e\000r\000s\000e\000s}{section.14}% 178
\BOOKMARK [2][-]{subsection.14.6}{\376\377\000A\000l\000i\000g\000n\000m\000e\000n\000t\000\040\000w\000i\000t\000h\000\040\000A\000x\000i\000o\000m\000a\000t\000i\000c\000\040\000F\000o\000u\000n\000d\000a\000t\000i\000o\000n\000s}{section.14}% 179
\BOOKMARK [1][-]{section.15}{\376\377\000R\000e\000s\000e\000a\000r\000c\000h\000\040\000P\000r\000o\000g\000r\000a\000m\000m\000e\000\040\000S\000t\000a\000t\000u\000s\000\040\000a\000n\000d\000\040\000R\000o\000a\000d\000m\000a\000p}{}% 180
\BOOKMARK [2][-]{subsection.15.1}{\376\377\000C\000u\000r\000r\000e\000n\000t\000\040\000I\000m\000p\000l\000e\000m\000e\000n\000t\000a\000t\000i\000o\000n\000\040\000S\000t\000a\000t\000u\000s}{section.15}% 181
\BOOKMARK [2][-]{subsection.15.2}{\376\377\000F\000a\000l\000s\000i\000f\000i\000a\000b\000l\000e\000\040\000P\000r\000e\000d\000i\000c\000t\000i\000o\000n\000s\000\040\000a\000n\000d\000\040\000V\000a\000l\000i\000d\000a\000t\000i\000o\000n\000\040\000R\000o\000a\000d\000m\000a\000p}{section.15}% 182
\BOOKMARK [2][-]{subsection.15.3}{\376\377\000I\000n\000v\000i\000t\000a\000t\000i\000o\000n\000\040\000t\000o\000\040\000t\000h\000e\000\040\000C\000o\000m\000m\000u\000n\000i\000t\000y}{section.15}% 183
\BOOKMARK [1][-]{section.16}{\376\377\000D\000i\000s\000c\000u\000s\000s\000i\000o\000n}{}% 184
\BOOKMARK [2][-]{subsection.16.1}{\376\377\000I\000m\000p\000l\000i\000c\000a\000t\000i\000o\000n\000s\000\040\000f\000o\000r\000\040\000E\000x\000p\000l\000a\000i\000n\000a\000b\000l\000e\000\040\000a\000n\000d\000\040\000T\000r\000u\000s\000t\000w\000o\000r\000t\000h\000y\000\040\000A\000I}{section.16}% 185
\BOOKMARK [2][-]{subsection.16.2}{\376\377\000R\000e\000l\000a\000t\000i\000o\000n\000\040\000t\000o\000\040\000E\000x\000i\000s\000t\000i\000n\000g\000\040\000W\000o\000r\000k}{section.16}% 186
\BOOKMARK [2][-]{subsection.16.3}{\376\377\000I\000n\000t\000e\000r\000d\000i\000s\000c\000i\000p\000l\000i\000n\000a\000r\000y\000\040\000S\000i\000g\000n\000i\000f\000i\000c\000a\000n\000c\000e}{section.16}% 187
\BOOKMARK [2][-]{subsection.16.4}{\376\377\000L\000i\000m\000i\000t\000a\000t\000i\000o\000n\000s\000\040\000a\000n\000d\000\040\000O\000p\000e\000n\000\040\000C\000h\000a\000l\000l\000e\000n\000g\000e\000s}{section.16}% 188
\BOOKMARK [2][-]{subsection.16.5}{\376\377\000F\000u\000t\000u\000r\000e\000\040\000W\000o\000r\000k}{section.16}% 189
\BOOKMARK [1][-]{section.17}{\376\377\000S\000u\000m\000m\000a\000r\000y\000\040\000o\000f\000\040\000L\000a\000y\000e\000r\000s\000,\000\040\000A\000x\000i\000o\000m\000s\000,\000\040\000a\000n\000d\000\040\000R\000e\000s\000e\000a\000r\000c\000h\000\040\000Q\000u\000e\000s\000t\000i\000o\000n\000s}{}% 190
\BOOKMARK [1][-]{section.18}{\376\377\000C\000o\000n\000c\000l\000u\000s\000i\000o\000n\000:\000\040\000A\000\040\000C\000a\000l\000l\000\040\000f\000o\000r\000\040\000C\000o\000l\000l\000a\000b\000o\000r\000a\000t\000i\000v\000e\000\040\000I\000n\000q\000u\000i\000r\000y}{}% 191
\BOOKMARK [1][-]{appendix.A}{\376\377\000P\000r\000o\000o\000f\000s\000\040\000o\000f\000\040\000K\000e\000y\000\040\000P\000r\000o\000p\000o\000s\000i\000t\000i\000o\000n\000s}{}% 192
\BOOKMARK [1][-]{appendix.B}{\376\377\000A\000l\000g\000o\000r\000i\000t\000h\000m\000\040\000P\000s\000e\000u\000d\000o\000c\000o\000d\000e}{}% 193
\BOOKMARK [1][-]{appendix.C}{\376\377\000G\000l\000o\000s\000s\000a\000r\000y\000\040\000o\000f\000\040\000S\000y\000m\000b\000o\000l\000s}{}% 194
\BOOKMARK [1][-]{appendix.D}{\376\377\000J\000u\000s\000t\000i\000f\000i\000c\000a\000t\000i\000o\000n\000\040\000a\000n\000d\000\040\000F\000o\000r\000m\000a\000l\000\040\000S\000t\000a\000t\000u\000s\000\040\000o\000f\000\040\000t\000h\000e\000\040\000A\000x\000i\000o\000m\000s}{}% 195
\BOOKMARK [1][-]{appendix.E}{\376\377\000E\000x\000a\000m\000p\000l\000e\000\040\000G\000o\000v\000e\000r\000n\000a\000n\000c\000e\000\040\000P\000r\000o\000t\000o\000c\000o\000l\000\040\000f\000o\000r\000\040\000L\000a\000y\000e\000r\000\040\0001\0005\000\040\000M\000o\000r\000p\000h\000o\000g\000e\000n\000e\000t\000i\000c\000\040\000A\000c\000t\000i\000o\000n\000s}{}% 196
\BOOKMARK [1][-]{appendix.F}{\376\377\000D\000a\000t\000a\000\040\000a\000n\000d\000\040\000C\000o\000d\000e\000\040\000A\000v\000a\000i\000l\000a\000b\000i\000l\000i\000t\000y}{}% 197
