\BOOKMARK [1][-]{section.1}{\376\377\000I\000n\000t\000r\000o\000d\000u\000c\000t\000i\000o\000n}{}% 1
\BOOKMARK [1][-]{section.2}{\376\377\000B\000a\000c\000k\000g\000r\000o\000u\000n\000d\000:\000\040\000T\000h\000e\000\040\000A\000p\000e\000i\000r\000o\000n\000\040\000F\000r\000a\000m\000e\000w\000o\000r\000k\000\040\000a\000n\000d\000\040\000M\000u\000l\000t\000i\000-\000A\000x\000i\000a\000l\000\040\000A\000t\000o\000m\000i\000c\000i\000t\000y}{}% 2
\BOOKMARK [2][-]{subsection.2.1}{\376\377\000T\000h\000e\000\040\000A\000p\000e\000i\000r\000o\000n\000\040\000F\000r\000a\000m\000e\000w\000o\000r\000k}{section.2}% 3
\BOOKMARK [2][-]{subsection.2.2}{\376\377\000M\000u\000l\000t\000i\000-\000A\000x\000i\000a\000l\000\040\000A\000t\000o\000m\000i\000c\000i\000t\000y}{section.2}% 4
\BOOKMARK [1][-]{section.3}{\376\377\000T\000h\000e\000\040\000M\000u\000l\000t\000i\000-\000P\000r\000o\000v\000e\000r\000\040\000V\000e\000r\000i\000f\000i\000c\000a\000t\000i\000o\000n\000\040\000F\000r\000a\000m\000e\000w\000o\000r\000k}{}% 5
\BOOKMARK [2][-]{subsection.3.1}{\376\377\000O\000v\000e\000r\000v\000i\000e\000w\000\040\000o\000f\000\040\000s\000e\000l\000f\000\137\000p\000r\000o\000v\000i\000n\000g\000.\000p\000y}{section.3}% 6
\BOOKMARK [2][-]{subsection.3.2}{\376\377\000T\000r\000a\000n\000s\000l\000a\000t\000i\000o\000n\000\040\000S\000e\000m\000a\000n\000t\000i\000c\000s\000\040\000a\000n\000d\000\040\000P\000r\000o\000v\000e\000r\000\040\000E\000n\000c\000o\000d\000i\000n\000g\000s}{section.3}% 7
\BOOKMARK [3][-]{subsubsection.3.2.1}{\376\377\000F\000o\000r\000m\000a\000l\000\040\000S\000p\000e\000c\000i\000f\000i\000c\000a\000t\000i\000o\000n\000\040\000o\000f\000\040\000M\000u\000l\000t\000i\000-\000A\000x\000i\000a\000l\000\040\000A\000t\000o\000m\000i\000c\000i\000t\000y}{subsection.3.2}% 8
\BOOKMARK [3][-]{subsubsection.3.2.2}{\376\377\000E\000n\000c\000o\000d\000i\000n\000g\000\040\000A\000c\000r\000o\000s\000s\000\040\000P\000r\000o\000v\000e\000r\000s}{subsection.3.2}% 9
\BOOKMARK [3][-]{subsubsection.3.2.3}{\376\377\000L\000i\000m\000i\000t\000a\000t\000i\000o\000n\000s\000\040\000o\000f\000\040\000t\000h\000e\000\040\000T\000r\000a\000n\000s\000l\000a\000t\000i\000o\000n\000\040\000L\000a\000y\000e\000r}{subsection.3.2}% 10
\BOOKMARK [2][-]{subsection.3.3}{\376\377\000T\000h\000e\000o\000r\000e\000m\000\040\000G\000e\000n\000e\000r\000a\000t\000i\000o\000n}{section.3}% 11
\BOOKMARK [3][-]{subsubsection.3.3.1}{\376\377\000S\000y\000m\000P\000y\000\040\000\050\000L\000o\000g\000i\000c\000a\000l\000\040\000S\000i\000m\000p\000l\000i\000f\000i\000c\000a\000t\000i\000o\000n\000\051}{subsection.3.3}% 12
\BOOKMARK [3][-]{subsubsection.3.3.2}{\376\377\000Z\0003\000\040\000\050\000S\000M\000T\000\040\000S\000o\000l\000v\000i\000n\000g\000\051}{subsection.3.3}% 13
\BOOKMARK [3][-]{subsubsection.3.3.3}{\376\377\000L\000e\000a\000n\000\040\0004\000\040\000a\000n\000d\000\040\000C\000o\000q\000\040\000\050\000I\000n\000t\000e\000r\000a\000c\000t\000i\000v\000e\000\040\000P\000r\000o\000o\000f\000\040\000A\000s\000s\000i\000s\000t\000a\000n\000t\000s\000\051}{subsection.3.3}% 14
\BOOKMARK [2][-]{subsection.3.4}{\376\377\000P\000r\000o\000v\000e\000r\000\040\000I\000n\000v\000o\000c\000a\000t\000i\000o\000n\000\040\000a\000n\000d\000\040\000V\000e\000r\000i\000f\000i\000c\000a\000t\000i\000o\000n}{section.3}% 15
\BOOKMARK [2][-]{subsection.3.5}{\376\377\000C\000e\000r\000t\000i\000f\000i\000c\000a\000t\000e\000\040\000E\000x\000p\000o\000r\000t}{section.3}% 16
\BOOKMARK [2][-]{subsection.3.6}{\376\377\000C\000a\000c\000h\000i\000n\000g\000\040\000a\000n\000d\000\040\000T\000h\000r\000e\000a\000d\000\040\000S\000a\000f\000e\000t\000y}{section.3}% 17
\BOOKMARK [1][-]{section.4}{\376\377\000E\000x\000p\000e\000r\000i\000m\000e\000n\000t\000a\000l\000\040\000V\000a\000l\000i\000d\000a\000t\000i\000o\000n}{}% 18
\BOOKMARK [2][-]{subsection.4.1}{\376\377\000M\000u\000l\000t\000i\040\021\000P\000r\000o\000v\000e\000r\000\040\000B\000e\000n\000c\000h\000m\000a\000r\000k}{section.4}% 19
\BOOKMARK [2][-]{subsection.4.2}{\376\377\000P\000r\000o\000v\000e\000r\000\040\000S\000o\000u\000n\000d\000n\000e\000s\000s\000\040\000V\000e\000r\000i\000f\000i\000c\000a\000t\000i\000o\000n}{section.4}% 20
\BOOKMARK [3][-]{subsubsection.4.2.1}{\376\377\000Z\0003\000\040\000C\000o\000r\000r\000e\000c\000t\000n\000e\000s\000s}{subsection.4.2}% 21
\BOOKMARK [3][-]{subsubsection.4.2.2}{\376\377\000L\000e\000a\000n\000\040\000a\000n\000d\000\040\000C\000o\000q\000\040\000I\000n\000s\000p\000e\000c\000t\000i\000o\000n}{subsection.4.2}% 22
\BOOKMARK [3][-]{subsubsection.4.2.3}{\376\377\000T\000r\000u\000s\000t\000\040\000H\000i\000e\000r\000a\000r\000c\000h\000y}{subsection.4.2}% 23
\BOOKMARK [2][-]{subsection.4.3}{\376\377\000C\000e\000r\000t\000i\000f\000i\000c\000a\000t\000e\000\040\000G\000e\000n\000e\000r\000a\000t\000i\000o\000n}{section.4}% 24
\BOOKMARK [2][-]{subsection.4.4}{\376\377\000S\000c\000a\000l\000a\000b\000i\000l\000i\000t\000y}{section.4}% 25
\BOOKMARK [1][-]{section.5}{\376\377\000D\000i\000s\000c\000u\000s\000s\000i\000o\000n}{}% 26
\BOOKMARK [2][-]{subsection.5.1}{\376\377\000A\000\040\000T\000r\000u\000s\000t\000\040\000H\000i\000e\000r\000a\000r\000c\000h\000y\000\040\000f\000o\000r\000\040\000M\000u\000l\000t\000i\040\021\000P\000r\000o\000v\000e\000r\000\040\000V\000e\000r\000i\000f\000i\000c\000a\000t\000i\000o\000n}{section.5}% 27
\BOOKMARK [2][-]{subsection.5.2}{\376\377\000C\000o\000m\000p\000a\000r\000a\000t\000i\000v\000e\000\040\000A\000n\000a\000l\000y\000s\000i\000s\000\040\000o\000f\000\040\000T\000h\000e\000o\000r\000e\000m\000\040\000P\000r\000o\000v\000e\000r\000s}{section.5}% 28
\BOOKMARK [2][-]{subsection.5.3}{\376\377\000T\000r\000a\000n\000s\000l\000a\000t\000i\000o\000n\000\040\000S\000e\000m\000a\000n\000t\000i\000c\000s\000\040\000a\000n\000d\000\040\000t\000h\000e\000\040\000S\000e\000m\000a\000n\000t\000i\000c\000\040\000G\000a\000p}{section.5}% 29
\BOOKMARK [2][-]{subsection.5.4}{\376\377\000T\000o\000w\000a\000r\000d\000\040\000a\000n\000\040\000A\000S\000T\040\021\000B\000a\000s\000e\000d\000\040\000T\000r\000a\000n\000s\000l\000a\000t\000i\000o\000n\000\040\000L\000a\000y\000e\000r}{section.5}% 30
\BOOKMARK [2][-]{subsection.5.5}{\376\377\000A\000n\000\040\000A\000S\000T\040\021\000B\000a\000s\000e\000d\000\040\000T\000r\000a\000n\000s\000l\000a\000t\000i\000o\000n\000\040\000M\000o\000d\000e\000l}{section.5}% 31
\BOOKMARK [2][-]{subsection.5.6}{\376\377\000S\000c\000a\000l\000a\000b\000i\000l\000i\000t\000y\000\040\000a\000n\000d\000\040\000C\000o\000m\000p\000o\000s\000i\000t\000i\000o\000n\000a\000l\000\040\000V\000e\000r\000i\000f\000i\000c\000a\000t\000i\000o\000n}{section.5}% 32
\BOOKMARK [2][-]{subsection.5.7}{\376\377\000I\000m\000p\000l\000i\000c\000a\000t\000i\000o\000n\000s\000\040\000f\000o\000r\000\040\000A\000I\000\040\000A\000l\000i\000g\000n\000m\000e\000n\000t}{section.5}% 33
\BOOKMARK [2][-]{subsection.5.8}{\376\377\000L\000i\000m\000i\000t\000a\000t\000i\000o\000n\000s\000\040\000a\000n\000d\000\040\000F\000u\000t\000u\000r\000e\000\040\000W\000o\000r\000k}{section.5}% 34
\BOOKMARK [1][-]{section.6}{\376\377\000R\000e\000l\000a\000t\000e\000d\000\040\000W\000o\000r\000k}{}% 35
\BOOKMARK [1][-]{section.7}{\376\377\000C\000o\000n\000c\000l\000u\000s\000i\000o\000n}{}% 36
