\BOOKMARK [1][-]{section*.1}{\376\377\000I\000m\000a\000g\000i\000n\000e\000\040\000T\000h\000i\000s\000.\000.\000.}{}% 1
\BOOKMARK [1][-]{section*.2}{\376\377\000A\000b\000o\000u\000t\000\040\000T\000h\000i\000s\000\040\000D\000o\000c\000u\000m\000e\000n\000t}{}% 2
\BOOKMARK [1][-]{section.1}{\376\377\000W\000h\000a\000t\000\040\000D\000o\000e\000s\000\040\000I\000t\000\040\000M\000e\000a\000n\000\040\000t\000o\000\040\000`\000`\000K\000n\000o\000w\000'\000'\000\040\000S\000o\000m\000e\000t\000h\000i\000n\000g\000?}{}% 3
\BOOKMARK [1][-]{section.2}{\376\377\000T\000h\000e\000\040\000L\000i\000m\000i\000t\000s\000\040\000o\000f\000\040\000T\000o\000d\000a\000y\040\031\000s\000\040\000A\000I}{}% 4
\BOOKMARK [1][-]{section.3}{\376\377\000T\000h\000e\000\040\000C\000o\000r\000e\000\040\000I\000d\000e\000a\000\040\000o\000f\000\040\000A\000p\000e\000i\000r\000o\000n}{}% 5
\BOOKMARK [1][-]{section.4}{\376\377\000L\000a\000y\000e\000r\000\040\0001\000\040\040\023\000\040\000T\000h\000e\000\040\000A\000t\000o\000m\000s\000\040\000o\000f\000\040\000O\000b\000s\000e\000r\000v\000a\000t\000i\000o\000n}{}% 6
\BOOKMARK [1][-]{section.5}{\376\377\000L\000a\000y\000e\000r\000\040\0002\000\040\040\023\000\040\000F\000r\000o\000m\000\040\000I\000s\000o\000l\000a\000t\000e\000d\000\040\000D\000o\000t\000s\000\040\000t\000o\000\040\000a\000\040\000W\000e\000b\000\040\000o\000f\000\040\000R\000e\000l\000a\000t\000i\000o\000n\000s}{}% 7
\BOOKMARK [1][-]{section.6}{\376\377\000L\000a\000y\000e\000r\000\040\0003\000\040\040\023\000\040\000F\000r\000o\000m\000\040\000C\000o\000n\000n\000e\000c\000t\000i\000o\000n\000s\000\040\000t\000o\000\040\000M\000e\000a\000n\000i\000n\000g\000f\000u\000l\000\040\000G\000r\000o\000u\000p\000s}{}% 8
\BOOKMARK [1][-]{section.7}{\376\377\000L\000a\000y\000e\000r\000\040\0004\000\040\040\023\000\040\000T\000h\000e\000\040\000B\000i\000r\000t\000h\000\040\000o\000f\000\040\000T\000i\000m\000e}{}% 9
\BOOKMARK [1][-]{section.8}{\376\377\000L\000a\000y\000e\000r\000\040\0005\000\040\040\023\000\040\000A\000u\000t\000o\000n\000o\000m\000o\000u\000s\000\040\000O\000p\000t\000i\000m\000i\000z\000a\000t\000i\000o\000n}{}% 10
\BOOKMARK [1][-]{section.9}{\376\377\000L\000a\000y\000e\000r\000\040\0006\000\040\040\023\000\040\000M\000e\000t\000a\040\021\000L\000e\000a\000r\000n\000i\000n\000g\000\040\000\050\000L\000e\000a\000r\000n\000i\000n\000g\000\040\000H\000o\000w\000\040\000t\000o\000\040\000L\000e\000a\000r\000n\000\051}{}% 11
\BOOKMARK [1][-]{section.10}{\376\377\000L\000a\000y\000e\000r\000\040\0007\000\040\040\023\000\040\000E\000m\000e\000r\000g\000e\000n\000t\000\040\000S\000e\000l\000f\040\021\000A\000w\000a\000r\000e\000n\000e\000s\000s}{}% 12
\BOOKMARK [1][-]{section.11}{\376\377\000L\000a\000y\000e\000r\000\040\0008\000\040\040\023\000\040\000T\000e\000m\000p\000o\000r\000a\000l\000i\000t\000y\000\040\000a\000n\000d\000\040\000F\000l\000u\000x}{}% 13
\BOOKMARK [1][-]{section.12}{\376\377\000L\000a\000y\000e\000r\000\040\0009\000\040\040\023\000\040\000O\000n\000t\000o\000l\000o\000g\000i\000c\000a\000l\000\040\000C\000r\000e\000a\000t\000i\000o\000n}{}% 14
\BOOKMARK [1][-]{section.13}{\376\377\000L\000a\000y\000e\000r\000\040\0001\0000\000\040\040\023\000\040\000G\000l\000o\000b\000a\000l\000\040\000M\000e\000t\000a\040\021\000O\000n\000t\000o\000l\000o\000g\000i\000c\000a\000l\000\040\000E\000v\000a\000l\000u\000a\000t\000i\000o\000n}{}% 15
\BOOKMARK [1][-]{section.14}{\376\377\000L\000a\000y\000e\000r\000\040\0001\0001\000\040\040\023\000\040\000A\000d\000a\000p\000t\000i\000v\000e\000\040\000M\000e\000t\000a\040\021\000C\000o\000n\000t\000e\000x\000t\000u\000a\000l\000i\000z\000a\000t\000i\000o\000n}{}% 16
\BOOKMARK [1][-]{section.15}{\376\377\000L\000a\000y\000e\000r\000\040\0001\0002\000\040\040\023\000\040\000O\000n\000t\000o\000l\000o\000g\000i\000c\000a\000l\000\040\000R\000e\000c\000o\000n\000c\000i\000l\000i\000a\000t\000i\000o\000n}{}% 17
\BOOKMARK [1][-]{section.16}{\376\377\000L\000a\000y\000e\000r\000\040\0001\0003\000\040\040\023\000\040\000O\000n\000t\000o\000g\000e\000n\000e\000s\000i\000s\000\040\000o\000f\000\040\000N\000o\000v\000e\000l\000t\000y}{}% 18
\BOOKMARK [1][-]{section.17}{\376\377\000L\000a\000y\000e\000r\000\040\0001\0004\000\040\040\023\000\040\000A\000u\000t\000o\000p\000o\000i\000e\000t\000i\000c\000\040\000W\000o\000r\000l\000d\000b\000u\000i\000l\000d\000i\000n\000g}{}% 19
\BOOKMARK [1][-]{section.18}{\376\377\000L\000a\000y\000e\000r\000\040\0001\0005\000\040\040\023\000\040\000R\000e\000s\000p\000o\000n\000s\000i\000b\000l\000e\000\040\000R\000e\000c\000u\000r\000s\000i\000v\000e\000\040\000M\000o\000r\000p\000h\000o\000g\000e\000n\000e\000s\000i\000s}{}% 20
\BOOKMARK [1][-]{section.19}{\376\377\000L\000a\000y\000e\000r\000\040\0001\0006\000\040\040\023\000\040\000T\000r\000a\000n\000s\000c\000e\000n\000d\000e\000n\000c\000e\000\040\000a\000n\000d\000\040\000C\000o\000l\000l\000e\000c\000t\000i\000v\000e\000\040\000C\000o\000g\000n\000i\000t\000i\000o\000n}{}% 21
\BOOKMARK [1][-]{section.20}{\376\377\000L\000a\000y\000e\000r\000\040\0001\0007\000\040\040\023\000\040\000A\000b\000s\000o\000l\000u\000t\000e\000\040\000I\000n\000t\000e\000g\000r\000a\000t\000i\000o\000n}{}% 22
\BOOKMARK [1][-]{section.21}{\376\377\000E\000t\000h\000i\000c\000s\000\040\040\023\000\040\000W\000h\000y\000\040\000t\000h\000e\000\040\000F\000r\000a\000m\000e\000w\000o\000r\000k\000\040\000I\000n\000c\000l\000u\000d\000e\000s\000\040\000R\000u\000l\000e\000s}{}% 23
\BOOKMARK [1][-]{section.22}{\376\377\000W\000h\000a\000t\000\040\000W\000e\000\040\000H\000a\000v\000e\000\040\000L\000e\000a\000r\000n\000e\000d}{}% 24
\BOOKMARK [1][-]{section*.14}{\376\377\000G\000l\000o\000s\000s\000a\000r\000y}{}% 25
\BOOKMARK [1][-]{section*.15}{\376\377\000P\000i\000x\000e\000l\040\031\000s\000\040\000B\000r\000a\000i\000n\000\040\040\023\000\040\000T\000h\000e\000\040\000C\000o\000m\000p\000l\000e\000t\000e\000\040\000J\000o\000u\000r\000n\000e\000y}{}% 26
