This is pdfTeX, Version 3.141592653-2.6-1.40.28 (MiKTeX 25.12) (preloaded format=pdflatex 2026.2.10)  18 APR 2026 21:01
entering extended mode
 restricted \write18 enabled.
 %&-line parsing enabled.
**./apeiron-main.tex
(apeiron-main.tex
LaTeX2e <2025-11-01>
L3 programming layer <2025-12-24>
(C:\Users\DIAG_LP\AppData\Local\Programs\MiKTeX\tex/latex/base\article.cls
Document Class: article 2025/01/22 v1.4n Standard LaTeX document class
(C:\Users\DIAG_LP\AppData\Local\Programs\MiKTeX\tex/latex/base\size11.clo
File: size11.clo 2025/01/22 v1.4n Standard LaTeX file (size option)
)
\c@part=\count275
\c@section=\count276
\c@subsection=\count277
\c@subsubsection=\count278
\c@paragraph=\count279
\c@subparagraph=\count280
\c@figure=\count281
\c@table=\count282
\abovecaptionskip=\skip49
\belowcaptionskip=\skip50
\bibindent=\dimen148
)
(C:\Users\DIAG_LP\AppData\Local\Programs\MiKTeX\tex/latex/base\inputenc.sty
Package: inputenc 2024/02/08 v1.3d Input encoding file
\inpenc@prehook=\toks17
\inpenc@posthook=\toks18
)
(C:\Users\DIAG_LP\AppData\Local\Programs\MiKTeX\tex/latex/base\fontenc.sty
Package: fontenc 2025/07/18 v2.1d Standard LaTeX package
)
(C:\Users\DIAG_LP\AppData\Local\Programs\MiKTeX\tex/latex/microtype\microtype.s
ty
Package: microtype 2026/03/01 v3.2d Micro-typographical refinements (RS)

(C:\Users\DIAG_LP\AppData\Local\Programs\MiKTeX\tex/latex/graphics\keyval.sty
Package: keyval 2022/05/29 v1.15 key=value parser (DPC)
\KV@toks@=\toks19
)
(C:\Users\DIAG_LP\AppData\Local\Programs\MiKTeX\tex/latex/etoolbox\etoolbox.sty
Package: etoolbox 2025/10/02 v2.5m e-TeX tools for LaTeX (JAW)
\etb@tempcnta=\count283
)
\MT@toks=\toks20
\MT@tempbox=\box53
\MT@count=\count284
LaTeX Info: Redefining \noprotrusionifhmode on input line 1084.
LaTeX Info: Redefining \leftprotrusion on input line 1085.
\MT@prot@toks=\toks21
LaTeX Info: Redefining \rightprotrusion on input line 1104.
LaTeX Info: Redefining \textls on input line 1449.
\MT@outer@kern=\dimen149
LaTeX Info: Redefining \microtypecontext on input line 2053.
LaTeX Info: Redefining \textmicrotypecontext on input line 2070.
\MT@listname@count=\count285

(C:\Users\DIAG_LP\AppData\Local\Programs\MiKTeX\tex/latex/microtype\microtype-p
dftex.def
File: microtype-pdftex.def 2026/03/01 v3.2d Definitions specific to pdftex (RS)

LaTeX Info: Redefining \lsstyle on input line 944.
LaTeX Info: Redefining \lslig on input line 944.
\MT@outer@space=\skip51
)
Package microtype Info: Loading configuration file microtype.cfg.

(C:\Users\DIAG_LP\AppData\Local\Programs\MiKTeX\tex/latex/microtype\microtype.c
fg
File: microtype.cfg 2026/03/01 v3.2d microtype main configuration file (RS)
)
LaTeX Info: Redefining \microtypesetup on input line 3065.
)
(C:\Users\DIAG_LP\AppData\Local\Programs\MiKTeX\tex/latex/amsmath\amsmath.sty
Package: amsmath 2025/07/09 v2.17z AMS math features
\@mathmargin=\skip52

For additional information on amsmath, use the `?' option.
(C:\Users\DIAG_LP\AppData\Local\Programs\MiKTeX\tex/latex/amsmath\amstext.sty
Package: amstext 2024/11/17 v2.01 AMS text

(C:\Users\DIAG_LP\AppData\Local\Programs\MiKTeX\tex/latex/amsmath\amsgen.sty
File: amsgen.sty 1999/11/30 v2.0 generic functions
\@emptytoks=\toks22
\ex@=\dimen150
))
(C:\Users\DIAG_LP\AppData\Local\Programs\MiKTeX\tex/latex/amsmath\amsbsy.sty
Package: amsbsy 1999/11/29 v1.2d Bold Symbols
\pmbraise@=\dimen151
)
(C:\Users\DIAG_LP\AppData\Local\Programs\MiKTeX\tex/latex/amsmath\amsopn.sty
Package: amsopn 2022/04/08 v2.04 operator names
)
\inf@bad=\count286
LaTeX Info: Redefining \frac on input line 233.
\uproot@=\count287
\leftroot@=\count288
LaTeX Info: Redefining \overline on input line 398.
LaTeX Info: Redefining \colon on input line 409.
\classnum@=\count289
\DOTSCASE@=\count290
LaTeX Info: Redefining \ldots on input line 495.
LaTeX Info: Redefining \dots on input line 498.
LaTeX Info: Redefining \cdots on input line 619.
\Mathstrutbox@=\box54
\strutbox@=\box55
LaTeX Info: Redefining \big on input line 721.
LaTeX Info: Redefining \Big on input line 722.
LaTeX Info: Redefining \bigg on input line 723.
LaTeX Info: Redefining \Bigg on input line 724.
\big@size=\dimen152
LaTeX Font Info:    Redeclaring font encoding OML on input line 742.
LaTeX Font Info:    Redeclaring font encoding OMS on input line 743.
\macc@depth=\count291
LaTeX Info: Redefining \bmod on input line 904.
LaTeX Info: Redefining \pmod on input line 909.
LaTeX Info: Redefining \smash on input line 939.
LaTeX Info: Redefining \relbar on input line 969.
LaTeX Info: Redefining \Relbar on input line 970.
\c@MaxMatrixCols=\count292
\dotsspace@=\muskip17
\c@parentequation=\count293
\dspbrk@lvl=\count294
\tag@help=\toks23
\row@=\count295
\column@=\count296
\maxfields@=\count297
\andhelp@=\toks24
\eqnshift@=\dimen153
\alignsep@=\dimen154
\tagshift@=\dimen155
\tagwidth@=\dimen156
\totwidth@=\dimen157
\lineht@=\dimen158
\@envbody=\toks25
\multlinegap=\skip53
\multlinetaggap=\skip54
\mathdisplay@stack=\toks26
LaTeX Info: Redefining \[ on input line 2950.
LaTeX Info: Redefining \] on input line 2951.
)
(C:\Users\DIAG_LP\AppData\Local\Programs\MiKTeX\tex/latex/amsfonts\amssymb.sty
Package: amssymb 2013/01/14 v3.01 AMS font symbols

(C:\Users\DIAG_LP\AppData\Local\Programs\MiKTeX\tex/latex/amsfonts\amsfonts.sty
Package: amsfonts 2013/01/14 v3.01 Basic AMSFonts support
\symAMSa=\mathgroup4
\symAMSb=\mathgroup5
LaTeX Font Info:    Redeclaring math symbol \hbar on input line 98.
LaTeX Font Info:    Overwriting math alphabet `\mathfrak' in version `bold'
(Font)                  U/euf/m/n --> U/euf/b/n on input line 106.
)) (C:\Users\DIAG_LP\AppData\Local\Programs\MiKTeX\tex/latex/amscls\amsthm.sty
Package: amsthm 2020/05/29 v2.20.6
\thm@style=\toks27
\thm@bodyfont=\toks28
\thm@headfont=\toks29
\thm@notefont=\toks30
\thm@headpunct=\toks31
\thm@preskip=\skip55
\thm@postskip=\skip56
\thm@headsep=\skip57
\dth@everypar=\toks32
)
(C:\Users\DIAG_LP\AppData\Local\Programs\MiKTeX\tex/latex/mathtools\mathtools.s
ty
Package: mathtools 2024/10/04 v1.31 mathematical typesetting tools
 (C:\Users\DIAG_LP\AppData\Local\Programs\MiKTeX\tex/latex/tools\calc.sty
Package: calc 2025/03/01 v4.3b Infix arithmetic (KKT,FJ)
\calc@Acount=\count298
\calc@Bcount=\count299
\calc@Adimen=\dimen159
\calc@Bdimen=\dimen160
\calc@Askip=\skip58
\calc@Bskip=\skip59
LaTeX Info: Redefining \setlength on input line 86.
LaTeX Info: Redefining \addtolength on input line 87.
\calc@Ccount=\count300
\calc@Cskip=\skip60
)
(C:\Users\DIAG_LP\AppData\Local\Programs\MiKTeX\tex/latex/mathtools\mhsetup.sty
Package: mhsetup 2021/03/18 v1.4 programming setup (MH)
)
\g_MT_multlinerow_int=\count301
\l_MT_multwidth_dim=\dimen161
\origjot=\skip61
\l_MT_shortvdotswithinadjustabove_dim=\dimen162
\l_MT_shortvdotswithinadjustbelow_dim=\dimen163
\l_MT_above_intertext_sep=\dimen164
\l_MT_below_intertext_sep=\dimen165
\l_MT_above_shortintertext_sep=\dimen166
\l_MT_below_shortintertext_sep=\dimen167
\xmathstrut@box=\box56
\xmathstrut@dim=\dimen168
)
(C:\Users\DIAG_LP\AppData\Local\Programs\MiKTeX\tex/latex/biblatex\biblatex.sty
Package: biblatex 2025/07/10 v3.21 programmable bibliographies (PK/MW)

(C:\Users\DIAG_LP\AppData\Local\Programs\MiKTeX\tex/generic/pdftexcmds\pdftexcm
ds.sty
Package: pdftexcmds 2020-06-27 v0.33 Utility functions of pdfTeX for LuaTeX (HO
)

(C:\Users\DIAG_LP\AppData\Local\Programs\MiKTeX\tex/generic/infwarerr\infwarerr
.sty
Package: infwarerr 2019/12/03 v1.5 Providing info/warning/error messages (HO)
)
(C:\Users\DIAG_LP\AppData\Local\Programs\MiKTeX\tex/generic/iftex\iftex.sty
Package: iftex 2024/12/12 v1.0g TeX engine tests
)
(C:\Users\DIAG_LP\AppData\Local\Programs\MiKTeX\tex/generic/ltxcmds\ltxcmds.sty
Package: ltxcmds 2023-12-04 v1.26 LaTeX kernel commands for general use (HO)
)
Package pdftexcmds Info: \pdf@primitive is available.
Package pdftexcmds Info: \pdf@ifprimitive is available.
Package pdftexcmds Info: \pdfdraftmode found.
)
(C:\Users\DIAG_LP\AppData\Local\Programs\MiKTeX\tex/latex/kvoptions\kvoptions.s
ty
Package: kvoptions 2022-06-15 v3.15 Key value format for package options (HO)

(C:\Users\DIAG_LP\AppData\Local\Programs\MiKTeX\tex/latex/kvsetkeys\kvsetkeys.s
ty
Package: kvsetkeys 2022-10-05 v1.19 Key value parser (HO)
))
(C:\Users\DIAG_LP\AppData\Local\Programs\MiKTeX\tex/latex/logreq\logreq.sty
Package: logreq 2010/08/04 v1.0 xml request logger
\lrq@indent=\count302

(C:\Users\DIAG_LP\AppData\Local\Programs\MiKTeX\tex/latex/logreq\logreq.def
File: logreq.def 2010/08/04 v1.0 logreq spec v1.0
))
(C:\Users\DIAG_LP\AppData\Local\Programs\MiKTeX\tex/latex/base\ifthen.sty
Package: ifthen 2024/03/16 v1.1e Standard LaTeX ifthen package (DPC)
)
(C:\Users\DIAG_LP\AppData\Local\Programs\MiKTeX\tex/latex/url\url.sty
\Urlmuskip=\muskip18
Package: url 2013/09/16  ver 3.4  Verb mode for urls, etc.
)
\c@tabx@nest=\count303
\c@listtotal=\count304
\c@listcount=\count305
\c@liststart=\count306
\c@liststop=\count307
\c@citecount=\count308
\c@citetotal=\count309
\c@multicitecount=\count310
\c@multicitetotal=\count311
\c@instcount=\count312
\c@maxnames=\count313
\c@minnames=\count314
\c@maxitems=\count315
\c@minitems=\count316
\c@citecounter=\count317
\c@maxcitecounter=\count318
\c@savedcitecounter=\count319
\c@uniquelist=\count320
\c@uniquename=\count321
\c@refsection=\count322
\c@refsegment=\count323
\c@maxextratitle=\count324
\c@maxextratitleyear=\count325
\c@maxextraname=\count326
\c@maxextradate=\count327
\c@maxextraalpha=\count328
\c@abbrvpenalty=\count329
\c@highnamepenalty=\count330
\c@lownamepenalty=\count331
\c@maxparens=\count332
\c@parenlevel=\count333
\blx@tempcnta=\count334
\blx@tempcntb=\count335
\blx@tempcntc=\count336
\c@blx@maxsection=\count337
\blx@maxsegment@0=\count338
\blx@notetype=\count339
\blx@parenlevel@text=\count340
\blx@parenlevel@foot=\count341
\blx@sectionciteorder@0=\count342
\blx@sectionciteorderinternal@0=\count343
\blx@entrysetcounter=\count344
\blx@biblioinstance=\count345
\labelnumberwidth=\skip62
\labelalphawidth=\skip63
\biblabelsep=\skip64
\bibitemsep=\skip65
\bibnamesep=\skip66
\bibinitsep=\skip67
\bibparsep=\skip68
\bibhang=\skip69
\blx@bcfin=\read2
\blx@bcfout=\write3
\blx@langwohyphens=\language79
\c@mincomprange=\count346
\c@maxcomprange=\count347
\c@mincompwidth=\count348
Package biblatex Info: Trying to load biblatex default data model...
Package biblatex Info: ... file 'blx-dm.def' found.

(C:\Users\DIAG_LP\AppData\Local\Programs\MiKTeX\tex/latex/biblatex\blx-dm.def
File: blx-dm.def 2025/07/10 v3.21 biblatex datamodel (PK/MW)
)
Package biblatex Info: Trying to load biblatex style data model...
Package biblatex Info: ... file 'ieee.dbx' not found.
Package biblatex Info: Trying to load biblatex custom data model...
Package biblatex Info: ... file 'biblatex-dm.cfg' not found.
\c@afterword=\count349
\c@savedafterword=\count350
\c@annotator=\count351
\c@savedannotator=\count352
\c@author=\count353
\c@savedauthor=\count354
\c@bookauthor=\count355
\c@savedbookauthor=\count356
\c@commentator=\count357
\c@savedcommentator=\count358
\c@editor=\count359
\c@savededitor=\count360
\c@editora=\count361
\c@savededitora=\count362
\c@editorb=\count363
\c@savededitorb=\count364
\c@editorc=\count365
\c@savededitorc=\count366
\c@foreword=\count367
\c@savedforeword=\count368
\c@holder=\count369
\c@savedholder=\count370
\c@introduction=\count371
\c@savedintroduction=\count372
\c@namea=\count373
\c@savednamea=\count374
\c@nameb=\count375
\c@savednameb=\count376
\c@namec=\count377
\c@savednamec=\count378
\c@translator=\count379
\c@savedtranslator=\count380
\c@shortauthor=\count381
\c@savedshortauthor=\count382
\c@shorteditor=\count383
\c@savedshorteditor=\count384
\c@labelname=\count385
\c@savedlabelname=\count386
\c@institution=\count387
\c@savedinstitution=\count388
\c@lista=\count389
\c@savedlista=\count390
\c@listb=\count391
\c@savedlistb=\count392
\c@listc=\count393
\c@savedlistc=\count394
\c@listd=\count395
\c@savedlistd=\count396
\c@liste=\count397
\c@savedliste=\count398
\c@listf=\count399
\c@savedlistf=\count400
\c@location=\count401
\c@savedlocation=\count402
\c@organization=\count403
\c@savedorganization=\count404
\c@origlocation=\count405
\c@savedoriglocation=\count406
\c@origpublisher=\count407
\c@savedorigpublisher=\count408
\c@publisher=\count409
\c@savedpublisher=\count410
\c@language=\count411
\c@savedlanguage=\count412
\c@origlanguage=\count413
\c@savedoriglanguage=\count414
\c@pageref=\count415
\c@savedpageref=\count416
\shorthandwidth=\skip70
\shortjournalwidth=\skip71
\shortserieswidth=\skip72
\shorttitlewidth=\skip73
\shortauthorwidth=\skip74
\shorteditorwidth=\skip75
\locallabelnumberwidth=\skip76
\locallabelalphawidth=\skip77
\localshorthandwidth=\skip78
\localshortjournalwidth=\skip79
\localshortserieswidth=\skip80
\localshorttitlewidth=\skip81
\localshortauthorwidth=\skip82
\localshorteditorwidth=\skip83
Package biblatex Info: Trying to load compatibility code...
Package biblatex Info: ... file 'blx-compat.def' found.

(C:\Users\DIAG_LP\AppData\Local\Programs\MiKTeX\tex/latex/biblatex\blx-compat.d
ef
File: blx-compat.def 2025/07/10 v3.21 biblatex compatibility (PK/MW)
)
Package biblatex Info: Trying to load generic definitions...
Package biblatex Info: ... file 'biblatex.def' found.

(C:\Users\DIAG_LP\AppData\Local\Programs\MiKTeX\tex/latex/biblatex\biblatex.def
File: biblatex.def 2025/07/10 v3.21 biblatex compatibility (PK/MW)
\c@textcitecount=\count417
\c@textcitetotal=\count418
\c@textcitemaxnames=\count419
\c@biburlbigbreakpenalty=\count420
\c@biburlbreakpenalty=\count421
\c@biburlnumpenalty=\count422
\c@biburlucpenalty=\count423
\c@biburllcpenalty=\count424
\biburlbigskip=\muskip19
\biburlnumskip=\muskip20
\biburlucskip=\muskip21
\biburllcskip=\muskip22
\c@smartand=\count425
)
Package biblatex Info: Trying to load bibliography style 'ieee'...
Package biblatex Info: ... file 'ieee.bbx' found.

(C:\Users\DIAG_LP\AppData\Local\Programs\MiKTeX\tex/latex/biblatex-ieee\ieee.bb
x
File: ieee.bbx 2025-08-01 v1.4f biblatex bibliography style
Package biblatex Info: Trying to load bibliography style 'numeric-comp'...
Package biblatex Info: ... file 'numeric-comp.bbx' found.

(C:\Users\DIAG_LP\AppData\Local\Programs\MiKTeX\tex/latex/biblatex/bbx\numeric-
comp.bbx
File: numeric-comp.bbx 2025/07/10 v3.21 biblatex bibliography style (PK/MW)
Package biblatex Info: Trying to load bibliography style 'numeric'...
Package biblatex Info: ... file 'numeric.bbx' found.

(C:\Users\DIAG_LP\AppData\Local\Programs\MiKTeX\tex/latex/biblatex/bbx\numeric.
bbx
File: numeric.bbx 2025/07/10 v3.21 biblatex bibliography style (PK/MW)
Package biblatex Info: Trying to load bibliography style 'standard'...
Package biblatex Info: ... file 'standard.bbx' found.

(C:\Users\DIAG_LP\AppData\Local\Programs\MiKTeX\tex/latex/biblatex/bbx\standard
.bbx
File: standard.bbx 2025/07/10 v3.21 biblatex bibliography style (PK/MW)
\c@bbx:relatedcount=\count426
\c@bbx:relatedtotal=\count427
))))
Package biblatex Info: Trying to load citation style 'ieee'...
Package biblatex Info: ... file 'ieee.cbx' found.

(C:\Users\DIAG_LP\AppData\Local\Programs\MiKTeX\tex/latex/biblatex-ieee\ieee.cb
x
File: ieee.cbx 2025-08-01 v1.4f biblatex citation style
Package biblatex Info: Trying to load citation style 'numeric-verb'...
Package biblatex Info: ... file 'numeric-verb.cbx' found.

(C:\Users\DIAG_LP\AppData\Local\Programs\MiKTeX\tex/latex/biblatex/cbx\numeric-
verb.cbx
File: numeric-verb.cbx 2025/07/10 v3.21 biblatex citation style (PK/MW)
Package biblatex Info: Redefining '\cite'.
Package biblatex Info: Redefining '\parencite'.
Package biblatex Info: Redefining '\footcite'.
Package biblatex Info: Redefining '\footcitetext'.
Package biblatex Info: Redefining '\smartcite'.
Package biblatex Info: Redefining '\textcite'.
Package biblatex Info: Redefining '\supercite'.
Package biblatex Info: Redefining '\parencites'.
Package biblatex Info: Redefining '\smartcites'.
Package biblatex Info: Redefining '\textcites'.
))
Package biblatex Info: Trying to load configuration file...
Package biblatex Info: ... file 'biblatex.cfg' found.

(C:\Users\DIAG_LP\AppData\Local\Programs\MiKTeX\tex/latex/biblatex\biblatex.cfg
File: biblatex.cfg 
)
Package biblatex Info: Input encoding 'utf8' detected.
Package biblatex Info: Document encoding is UTF8 ....
 (C:\Users\DIAG_LP\AppData\Local\Programs\MiKTeX\tex/latex/l3kernel\expl3.sty
Package: expl3 2025-12-24 L3 programming layer (loader) 

(C:\Users\DIAG_LP\AppData\Local\Programs\MiKTeX\tex/latex/l3backend\l3backend-p
dftex.def
File: l3backend-pdftex.def 2025-10-09 L3 backend support: PDF output (pdfTeX)
\l__color_backend_stack_int=\count428
))
Package biblatex Info: ... and expl3
(biblatex)             2025-12-24 L3 programming layer (loader) 
(biblatex)             is new enough (at least 2020/04/06),
(biblatex)             setting 'casechanger=expl3'.

(C:\Users\DIAG_LP\AppData\Local\Programs\MiKTeX\tex/latex/biblatex\blx-case-exp
l3.sty
(C:\Users\DIAG_LP\AppData\Local\Programs\MiKTeX\tex/latex/l3packages/xparse\xpa
rse.sty
Package: xparse 2025-10-09 L3 Experimental document command parser
)
Package: blx-case-expl3 2025/07/10 v3.21 expl3 case changing code for biblatex
))
(C:\Users\DIAG_LP\AppData\Local\Programs\MiKTeX\tex/latex/graphics\graphicx.sty
Package: graphicx 2024/12/31 v1.2e Enhanced LaTeX Graphics (DPC,SPQR)

(C:\Users\DIAG_LP\AppData\Local\Programs\MiKTeX\tex/latex/graphics\graphics.sty
Package: graphics 2024/08/06 v1.4g Standard LaTeX Graphics (DPC,SPQR)
(C:\Users\DIAG_LP\AppData\Local\Programs\MiKTeX\tex/latex/graphics\trig.sty
Package: trig 2023/12/02 v1.11 sin cos tan (DPC)
)
(C:\Users\DIAG_LP\AppData\Local\Programs\MiKTeX\tex/latex/graphics-cfg\graphics
.cfg
File: graphics.cfg 2016/06/04 v1.11 sample graphics configuration
)
Package graphics Info: Driver file: pdftex.def on input line 106.

(C:\Users\DIAG_LP\AppData\Local\Programs\MiKTeX\tex/latex/graphics-def\pdftex.d
ef
File: pdftex.def 2025/09/29 v1.2d Graphics/color driver for pdftex
))
\Gin@req@height=\dimen169
\Gin@req@width=\dimen170
)
(C:\Users\DIAG_LP\AppData\Local\Programs\MiKTeX\tex/latex/xcolor\xcolor.sty
Package: xcolor 2024/09/29 v3.02 LaTeX color extensions (UK)

(C:\Users\DIAG_LP\AppData\Local\Programs\MiKTeX\tex/latex/graphics-cfg\color.cf
g
File: color.cfg 2016/01/02 v1.6 sample color configuration
)
Package xcolor Info: Driver file: pdftex.def on input line 274.

(C:\Users\DIAG_LP\AppData\Local\Programs\MiKTeX\tex/latex/graphics\mathcolor.lt
x)
Package xcolor Info: Model `cmy' substituted by `cmy0' on input line 1349.
Package xcolor Info: Model `hsb' substituted by `rgb' on input line 1353.
Package xcolor Info: Model `RGB' extended on input line 1365.
Package xcolor Info: Model `HTML' substituted by `rgb' on input line 1367.
Package xcolor Info: Model `Hsb' substituted by `hsb' on input line 1368.
Package xcolor Info: Model `tHsb' substituted by `hsb' on input line 1369.
Package xcolor Info: Model `HSB' substituted by `hsb' on input line 1370.
Package xcolor Info: Model `Gray' substituted by `gray' on input line 1371.
Package xcolor Info: Model `wave' substituted by `hsb' on input line 1372.
)
(C:\Users\DIAG_LP\AppData\Local\Programs\MiKTeX\tex/latex/booktabs\booktabs.sty
Package: booktabs 2020/01/12 v1.61803398 Publication quality tables
\heavyrulewidth=\dimen171
\lightrulewidth=\dimen172
\cmidrulewidth=\dimen173
\belowrulesep=\dimen174
\belowbottomsep=\dimen175
\aboverulesep=\dimen176
\abovetopsep=\dimen177
\cmidrulesep=\dimen178
\cmidrulekern=\dimen179
\defaultaddspace=\dimen180
\@cmidla=\count429
\@cmidlb=\count430
\@aboverulesep=\dimen181
\@belowrulesep=\dimen182
\@thisruleclass=\count431
\@lastruleclass=\count432
\@thisrulewidth=\dimen183
)
(C:\Users\DIAG_LP\AppData\Local\Programs\MiKTeX\tex/latex/multirow\multirow.sty
Package: multirow 2024/11/12 v2.9 Span multiple rows of a table
\multirow@colwidth=\skip84
\multirow@cntb=\count433
\multirow@dima=\skip85
\bigstrutjot=\dimen184
) (C:\Users\DIAG_LP\AppData\Local\Programs\MiKTeX\tex/latex/tools\longtable.sty
Package: longtable 2025-10-13 v4.24 Multi-page Table package (DPC)
\LTleft=\skip86
\LTright=\skip87
\LTpre=\skip88
\LTpost=\skip89
\LTchunksize=\count434
\LTcapwidth=\dimen185
\LT@head=\box57
\LT@firsthead=\box58
\LT@foot=\box59
\LT@lastfoot=\box60
\LT@gbox=\box61
\LT@cols=\count435
\LT@rows=\count436
\c@LT@tables=\count437
\c@LT@chunks=\count438
\LT@p@ftn=\toks33
) (C:\Users\DIAG_LP\AppData\Local\Programs\MiKTeX\tex/latex/caption\caption.sty
Package: caption 2023/08/05 v3.6o Customizing captions (AR)
(C:\Users\DIAG_LP\AppData\Local\Programs\MiKTeX\tex/latex/caption\caption3.sty
Package: caption3 2023/07/31 v2.4d caption3 kernel (AR)
\caption@tempdima=\dimen186
\captionmargin=\dimen187
\caption@leftmargin=\dimen188
\caption@rightmargin=\dimen189
\caption@width=\dimen190
\caption@indent=\dimen191
\caption@parindent=\dimen192
\caption@hangindent=\dimen193
Package caption Info: Standard document class detected.
)
\c@caption@flags=\count439
\c@continuedfloat=\count440
Package caption Info: longtable package is loaded.

(C:\Users\DIAG_LP\AppData\Local\Programs\MiKTeX\tex/latex/caption\ltcaption.sty
Package: ltcaption 2021/01/08 v1.4c longtable captions (AR)
))
(C:\Users\DIAG_LP\AppData\Local\Programs\MiKTeX\tex/latex/caption\subcaption.st
y
Package: subcaption 2023/07/28 v1.6b Sub-captions (AR)
Package caption Info: New subtype `subfigure' on input line 238.
\c@subfigure=\count441
Package caption Info: New subtype `subtable' on input line 238.
\c@subtable=\count442
)
(C:\Users\DIAG_LP\AppData\Local\Programs\MiKTeX\tex/latex/geometry\geometry.sty
Package: geometry 2020/01/02 v5.9 Page Geometry
(C:\Users\DIAG_LP\AppData\Local\Programs\MiKTeX\tex/generic/iftex\ifvtex.sty
Package: ifvtex 2019/10/25 v1.7 ifvtex legacy package. Use iftex instead.
)
\Gm@cnth=\count443
\Gm@cntv=\count444
\c@Gm@tempcnt=\count445
\Gm@bindingoffset=\dimen194
\Gm@wd@mp=\dimen195
\Gm@odd@mp=\dimen196
\Gm@even@mp=\dimen197
\Gm@layoutwidth=\dimen198
\Gm@layoutheight=\dimen199
\Gm@layouthoffset=\dimen256
\Gm@layoutvoffset=\dimen257
\Gm@dimlist=\toks34

(C:\Users\DIAG_LP\AppData\Local\Programs\MiKTeX\tex/latex/geometry\geometry.cfg
))
(C:\Users\DIAG_LP\AppData\Local\Programs\MiKTeX\tex/latex/pgf/frontendlayer\tik
z.sty
(C:\Users\DIAG_LP\AppData\Local\Programs\MiKTeX\tex/latex/pgf/basiclayer\pgf.st
y
(C:\Users\DIAG_LP\AppData\Local\Programs\MiKTeX\tex/latex/pgf/utilities\pgfrcs.
sty
(C:\Users\DIAG_LP\AppData\Local\Programs\MiKTeX\tex/generic/pgf/utilities\pgfut
il-common.tex
\pgfutil@everybye=\toks35
\pgfutil@tempdima=\dimen258
\pgfutil@tempdimb=\dimen259
)
(C:\Users\DIAG_LP\AppData\Local\Programs\MiKTeX\tex/generic/pgf/utilities\pgfut
il-latex.def
\pgfutil@abb=\box62
)
(C:\Users\DIAG_LP\AppData\Local\Programs\MiKTeX\tex/generic/pgf/utilities\pgfrc
s.code.tex
(C:\Users\DIAG_LP\AppData\Local\Programs\MiKTeX\tex/generic/pgf\pgf.revision.te
x)
Package: pgfrcs 2025-08-29 v3.1.11a (3.1.11a)
))
Package: pgf 2025-08-29 v3.1.11a (3.1.11a)

(C:\Users\DIAG_LP\AppData\Local\Programs\MiKTeX\tex/latex/pgf/basiclayer\pgfcor
e.sty
(C:\Users\DIAG_LP\AppData\Local\Programs\MiKTeX\tex/latex/pgf/systemlayer\pgfsy
s.sty
(C:\Users\DIAG_LP\AppData\Local\Programs\MiKTeX\tex/generic/pgf/systemlayer\pgf
sys.code.tex
Package: pgfsys 2025-08-29 v3.1.11a (3.1.11a)

(C:\Users\DIAG_LP\AppData\Local\Programs\MiKTeX\tex/generic/pgf/utilities\pgfke
ys.code.tex
\pgfkeys@pathtoks=\toks36
\pgfkeys@temptoks=\toks37

(C:\Users\DIAG_LP\AppData\Local\Programs\MiKTeX\tex/generic/pgf/utilities\pgfke
yslibraryfiltered.code.tex
\pgfkeys@tmptoks=\toks38
))
\pgf@x=\dimen260
\pgf@y=\dimen261
\pgf@xa=\dimen262
\pgf@ya=\dimen263
\pgf@xb=\dimen264
\pgf@yb=\dimen265
\pgf@xc=\dimen266
\pgf@yc=\dimen267
\pgf@xd=\dimen268
\pgf@yd=\dimen269
\w@pgf@writea=\write4
\r@pgf@reada=\read3
\c@pgf@counta=\count446
\c@pgf@countb=\count447
\c@pgf@countc=\count448
\c@pgf@countd=\count449
\t@pgf@toka=\toks39
\t@pgf@tokb=\toks40
\t@pgf@tokc=\toks41
\pgf@sys@id@count=\count450

(C:\Users\DIAG_LP\AppData\Local\Programs\MiKTeX\tex/generic/pgf/systemlayer\pgf
.cfg
File: pgf.cfg 2025-08-29 v3.1.11a (3.1.11a)
)
Driver file for pgf: pgfsys-pdftex.def

(C:\Users\DIAG_LP\AppData\Local\Programs\MiKTeX\tex/generic/pgf/systemlayer\pgf
sys-pdftex.def
File: pgfsys-pdftex.def 2025-08-29 v3.1.11a (3.1.11a)

(C:\Users\DIAG_LP\AppData\Local\Programs\MiKTeX\tex/generic/pgf/systemlayer\pgf
sys-common-pdf.def
File: pgfsys-common-pdf.def 2025-08-29 v3.1.11a (3.1.11a)
)))
(C:\Users\DIAG_LP\AppData\Local\Programs\MiKTeX\tex/generic/pgf/systemlayer\pgf
syssoftpath.code.tex
File: pgfsyssoftpath.code.tex 2025-08-29 v3.1.11a (3.1.11a)
\pgfsyssoftpath@smallbuffer@items=\count451
\pgfsyssoftpath@bigbuffer@items=\count452
)
(C:\Users\DIAG_LP\AppData\Local\Programs\MiKTeX\tex/generic/pgf/systemlayer\pgf
sysprotocol.code.tex
File: pgfsysprotocol.code.tex 2025-08-29 v3.1.11a (3.1.11a)
))
(C:\Users\DIAG_LP\AppData\Local\Programs\MiKTeX\tex/generic/pgf/basiclayer\pgfc
ore.code.tex
Package: pgfcore 2025-08-29 v3.1.11a (3.1.11a)

(C:\Users\DIAG_LP\AppData\Local\Programs\MiKTeX\tex/generic/pgf/math\pgfmath.co
de.tex
(C:\Users\DIAG_LP\AppData\Local\Programs\MiKTeX\tex/generic/pgf/math\pgfmathuti
l.code.tex)
(C:\Users\DIAG_LP\AppData\Local\Programs\MiKTeX\tex/generic/pgf/math\pgfmathpar
ser.code.tex
\pgfmath@dimen=\dimen270
\pgfmath@count=\count453
\pgfmath@box=\box63
\pgfmath@toks=\toks42
\pgfmath@stack@operand=\toks43
\pgfmath@stack@operation=\toks44
)
(C:\Users\DIAG_LP\AppData\Local\Programs\MiKTeX\tex/generic/pgf/math\pgfmathfun
ctions.code.tex)
(C:\Users\DIAG_LP\AppData\Local\Programs\MiKTeX\tex/generic/pgf/math\pgfmathfun
ctions.basic.code.tex)
(C:\Users\DIAG_LP\AppData\Local\Programs\MiKTeX\tex/generic/pgf/math\pgfmathfun
ctions.trigonometric.code.tex)
(C:\Users\DIAG_LP\AppData\Local\Programs\MiKTeX\tex/generic/pgf/math\pgfmathfun
ctions.random.code.tex)
(C:\Users\DIAG_LP\AppData\Local\Programs\MiKTeX\tex/generic/pgf/math\pgfmathfun
ctions.comparison.code.tex)
(C:\Users\DIAG_LP\AppData\Local\Programs\MiKTeX\tex/generic/pgf/math\pgfmathfun
ctions.base.code.tex)
(C:\Users\DIAG_LP\AppData\Local\Programs\MiKTeX\tex/generic/pgf/math\pgfmathfun
ctions.round.code.tex)
(C:\Users\DIAG_LP\AppData\Local\Programs\MiKTeX\tex/generic/pgf/math\pgfmathfun
ctions.misc.code.tex)
(C:\Users\DIAG_LP\AppData\Local\Programs\MiKTeX\tex/generic/pgf/math\pgfmathfun
ctions.integerarithmetics.code.tex)
(C:\Users\DIAG_LP\AppData\Local\Programs\MiKTeX\tex/generic/pgf/math\pgfmathcal
c.code.tex)
(C:\Users\DIAG_LP\AppData\Local\Programs\MiKTeX\tex/generic/pgf/math\pgfmathflo
at.code.tex
\c@pgfmathroundto@lastzeros=\count454
))
(C:\Users\DIAG_LP\AppData\Local\Programs\MiKTeX\tex/generic/pgf/math\pgfint.cod
e.tex)
(C:\Users\DIAG_LP\AppData\Local\Programs\MiKTeX\tex/generic/pgf/basiclayer\pgfc
orepoints.code.tex
File: pgfcorepoints.code.tex 2025-08-29 v3.1.11a (3.1.11a)
\pgf@picminx=\dimen271
\pgf@picmaxx=\dimen272
\pgf@picminy=\dimen273
\pgf@picmaxy=\dimen274
\pgf@pathminx=\dimen275
\pgf@pathmaxx=\dimen276
\pgf@pathminy=\dimen277
\pgf@pathmaxy=\dimen278
\pgf@xx=\dimen279
\pgf@xy=\dimen280
\pgf@yx=\dimen281
\pgf@yy=\dimen282
\pgf@zx=\dimen283
\pgf@zy=\dimen284
)
(C:\Users\DIAG_LP\AppData\Local\Programs\MiKTeX\tex/generic/pgf/basiclayer\pgfc
orepathconstruct.code.tex
File: pgfcorepathconstruct.code.tex 2025-08-29 v3.1.11a (3.1.11a)
\pgf@path@lastx=\dimen285
\pgf@path@lasty=\dimen286
)
(C:\Users\DIAG_LP\AppData\Local\Programs\MiKTeX\tex/generic/pgf/basiclayer\pgfc
orepathusage.code.tex
File: pgfcorepathusage.code.tex 2025-08-29 v3.1.11a (3.1.11a)
\pgf@shorten@end@additional=\dimen287
\pgf@shorten@start@additional=\dimen288
)
(C:\Users\DIAG_LP\AppData\Local\Programs\MiKTeX\tex/generic/pgf/basiclayer\pgfc
orescopes.code.tex
File: pgfcorescopes.code.tex 2025-08-29 v3.1.11a (3.1.11a)
\pgfpic=\box64
\pgf@hbox=\box65
\pgf@layerbox@main=\box66
\pgf@picture@serial@count=\count455
)
(C:\Users\DIAG_LP\AppData\Local\Programs\MiKTeX\tex/generic/pgf/basiclayer\pgfc
oregraphicstate.code.tex
File: pgfcoregraphicstate.code.tex 2025-08-29 v3.1.11a (3.1.11a)
\pgflinewidth=\dimen289
)
(C:\Users\DIAG_LP\AppData\Local\Programs\MiKTeX\tex/generic/pgf/basiclayer\pgfc
oretransformations.code.tex
File: pgfcoretransformations.code.tex 2025-08-29 v3.1.11a (3.1.11a)
\pgf@pt@x=\dimen290
\pgf@pt@y=\dimen291
\pgf@pt@temp=\dimen292
)
(C:\Users\DIAG_LP\AppData\Local\Programs\MiKTeX\tex/generic/pgf/basiclayer\pgfc
orequick.code.tex
File: pgfcorequick.code.tex 2025-08-29 v3.1.11a (3.1.11a)
)
(C:\Users\DIAG_LP\AppData\Local\Programs\MiKTeX\tex/generic/pgf/basiclayer\pgfc
oreobjects.code.tex
File: pgfcoreobjects.code.tex 2025-08-29 v3.1.11a (3.1.11a)
)
(C:\Users\DIAG_LP\AppData\Local\Programs\MiKTeX\tex/generic/pgf/basiclayer\pgfc
orepathprocessing.code.tex
File: pgfcorepathprocessing.code.tex 2025-08-29 v3.1.11a (3.1.11a)
)
(C:\Users\DIAG_LP\AppData\Local\Programs\MiKTeX\tex/generic/pgf/basiclayer\pgfc
orearrows.code.tex
File: pgfcorearrows.code.tex 2025-08-29 v3.1.11a (3.1.11a)
\pgfarrowsep=\dimen293
)
(C:\Users\DIAG_LP\AppData\Local\Programs\MiKTeX\tex/generic/pgf/basiclayer\pgfc
oreshade.code.tex
File: pgfcoreshade.code.tex 2025-08-29 v3.1.11a (3.1.11a)
\pgf@max=\dimen294
\pgf@sys@shading@range@num=\count456
\pgf@shadingcount=\count457
)
(C:\Users\DIAG_LP\AppData\Local\Programs\MiKTeX\tex/generic/pgf/basiclayer\pgfc
oreimage.code.tex
File: pgfcoreimage.code.tex 2025-08-29 v3.1.11a (3.1.11a)
)
(C:\Users\DIAG_LP\AppData\Local\Programs\MiKTeX\tex/generic/pgf/basiclayer\pgfc
oreexternal.code.tex
File: pgfcoreexternal.code.tex 2025-08-29 v3.1.11a (3.1.11a)
\pgfexternal@startupbox=\box67
)
(C:\Users\DIAG_LP\AppData\Local\Programs\MiKTeX\tex/generic/pgf/basiclayer\pgfc
orelayers.code.tex
File: pgfcorelayers.code.tex 2025-08-29 v3.1.11a (3.1.11a)
)
(C:\Users\DIAG_LP\AppData\Local\Programs\MiKTeX\tex/generic/pgf/basiclayer\pgfc
oretransparency.code.tex
File: pgfcoretransparency.code.tex 2025-08-29 v3.1.11a (3.1.11a)
)
(C:\Users\DIAG_LP\AppData\Local\Programs\MiKTeX\tex/generic/pgf/basiclayer\pgfc
orepatterns.code.tex
File: pgfcorepatterns.code.tex 2025-08-29 v3.1.11a (3.1.11a)
)
(C:\Users\DIAG_LP\AppData\Local\Programs\MiKTeX\tex/generic/pgf/basiclayer\pgfc
orerdf.code.tex
File: pgfcorerdf.code.tex 2025-08-29 v3.1.11a (3.1.11a)
)))
(C:\Users\DIAG_LP\AppData\Local\Programs\MiKTeX\tex/generic/pgf/modules\pgfmodu
leshapes.code.tex
File: pgfmoduleshapes.code.tex 2025-08-29 v3.1.11a (3.1.11a)
\pgfnodeparttextbox=\box68
)
(C:\Users\DIAG_LP\AppData\Local\Programs\MiKTeX\tex/generic/pgf/modules\pgfmodu
leplot.code.tex
File: pgfmoduleplot.code.tex 2025-08-29 v3.1.11a (3.1.11a)
)
(C:\Users\DIAG_LP\AppData\Local\Programs\MiKTeX\tex/latex/pgf/compatibility\pgf
comp-version-0-65.sty
Package: pgfcomp-version-0-65 2025-08-29 v3.1.11a (3.1.11a)
\pgf@nodesepstart=\dimen295
\pgf@nodesepend=\dimen296
)
(C:\Users\DIAG_LP\AppData\Local\Programs\MiKTeX\tex/latex/pgf/compatibility\pgf
comp-version-1-18.sty
Package: pgfcomp-version-1-18 2025-08-29 v3.1.11a (3.1.11a)
))
(C:\Users\DIAG_LP\AppData\Local\Programs\MiKTeX\tex/latex/pgf/utilities\pgffor.
sty
(C:\Users\DIAG_LP\AppData\Local\Programs\MiKTeX\tex/latex/pgf/utilities\pgfkeys
.sty
(C:\Users\DIAG_LP\AppData\Local\Programs\MiKTeX\tex/generic/pgf/utilities\pgfke
ys.code.tex))
(C:\Users\DIAG_LP\AppData\Local\Programs\MiKTeX\tex/latex/pgf/math\pgfmath.sty
(C:\Users\DIAG_LP\AppData\Local\Programs\MiKTeX\tex/generic/pgf/math\pgfmath.co
de.tex))
(C:\Users\DIAG_LP\AppData\Local\Programs\MiKTeX\tex/generic/pgf/utilities\pgffo
r.code.tex
Package: pgffor 2025-08-29 v3.1.11a (3.1.11a)
\pgffor@iter=\dimen297
\pgffor@skip=\dimen298
\pgffor@stack=\toks45
\pgffor@toks=\toks46
))
(C:\Users\DIAG_LP\AppData\Local\Programs\MiKTeX\tex/generic/pgf/frontendlayer/t
ikz\tikz.code.tex
Package: tikz 2025-08-29 v3.1.11a (3.1.11a)

(C:\Users\DIAG_LP\AppData\Local\Programs\MiKTeX\tex/generic/pgf/libraries\pgfli
braryplothandlers.code.tex
File: pgflibraryplothandlers.code.tex 2025-08-29 v3.1.11a (3.1.11a)
\pgf@plot@mark@count=\count458
\pgfplotmarksize=\dimen299
)
\tikz@lastx=\dimen300
\tikz@lasty=\dimen301
\tikz@lastxsaved=\dimen302
\tikz@lastysaved=\dimen303
\tikz@lastmovetox=\dimen304
\tikz@lastmovetoy=\dimen305
\tikzleveldistance=\dimen306
\tikzsiblingdistance=\dimen307
\tikz@figbox=\box69
\tikz@figbox@bg=\box70
\tikz@tempbox=\box71
\tikz@tempbox@bg=\box72
\tikztreelevel=\count459
\tikznumberofchildren=\count460
\tikznumberofcurrentchild=\count461
\tikz@fig@count=\count462

(C:\Users\DIAG_LP\AppData\Local\Programs\MiKTeX\tex/generic/pgf/modules\pgfmodu
lematrix.code.tex
File: pgfmodulematrix.code.tex 2025-08-29 v3.1.11a (3.1.11a)
\pgfmatrixcurrentrow=\count463
\pgfmatrixcurrentcolumn=\count464
\pgf@matrix@numberofcolumns=\count465
)
\tikz@expandcount=\count466

(C:\Users\DIAG_LP\AppData\Local\Programs\MiKTeX\tex/generic/pgf/frontendlayer/t
ikz/libraries\tikzlibrarytopaths.code.tex
File: tikzlibrarytopaths.code.tex 2025-08-29 v3.1.11a (3.1.11a)
)))
(C:\Users\DIAG_LP\AppData\Local\Programs\MiKTeX\tex/generic/pgf/frontendlayer/t
ikz/libraries\tikzlibraryshapes.geometric.code.tex
File: tikzlibraryshapes.geometric.code.tex 2025-08-29 v3.1.11a (3.1.11a)

(C:\Users\DIAG_LP\AppData\Local\Programs\MiKTeX\tex/generic/pgf/libraries/shape
s\pgflibraryshapes.geometric.code.tex
File: pgflibraryshapes.geometric.code.tex 2025-08-29 v3.1.11a (3.1.11a)
))
(C:\Users\DIAG_LP\AppData\Local\Programs\MiKTeX\tex/generic/pgf/libraries\pgfli
braryarrows.meta.code.tex
File: pgflibraryarrows.meta.code.tex 2025-08-29 v3.1.11a (3.1.11a)
\pgfarrowinset=\dimen308
\pgfarrowlength=\dimen309
\pgfarrowwidth=\dimen310
\pgfarrowlinewidth=\dimen311
)
(C:\Users\DIAG_LP\AppData\Local\Programs\MiKTeX\tex/generic/pgf/frontendlayer/t
ikz/libraries\tikzlibrarypositioning.code.tex
File: tikzlibrarypositioning.code.tex 2025-08-29 v3.1.11a (3.1.11a)
)
(C:\Users\DIAG_LP\AppData\Local\Programs\MiKTeX\tex/generic/pgf/frontendlayer/t
ikz/libraries\tikzlibraryfit.code.tex
File: tikzlibraryfit.code.tex 2025-08-29 v3.1.11a (3.1.11a)
)
(C:\Users\DIAG_LP\AppData\Local\Programs\MiKTeX\tex/generic/pgf/frontendlayer/t
ikz/libraries\tikzlibrarybackgrounds.code.tex
File: tikzlibrarybackgrounds.code.tex 2025-08-29 v3.1.11a (3.1.11a)
\pgf@layerbox@background=\box73
\pgf@layerboxsaved@background=\box74
)
(C:\Users\DIAG_LP\AppData\Local\Programs\MiKTeX\tex/generic/pgf/frontendlayer/t
ikz/libraries\tikzlibrarydecorations.pathreplacing.code.tex
(C:\Users\DIAG_LP\AppData\Local\Programs\MiKTeX\tex/generic/pgf/frontendlayer/t
ikz/libraries\tikzlibrarydecorations.code.tex
(C:\Users\DIAG_LP\AppData\Local\Programs\MiKTeX\tex/generic/pgf/modules\pgfmodu
ledecorations.code.tex
\pgfdecoratedcompleteddistance=\dimen312
\pgfdecoratedremainingdistance=\dimen313
\pgfdecoratedinputsegmentcompleteddistance=\dimen314
\pgfdecoratedinputsegmentremainingdistance=\dimen315
\pgf@decorate@distancetomove=\dimen316
\pgf@decorate@repeatstate=\count467
\pgfdecorationsegmentamplitude=\dimen317
\pgfdecorationsegmentlength=\dimen318
)
\tikz@lib@dec@box=\box75
)
(C:\Users\DIAG_LP\AppData\Local\Programs\MiKTeX\tex/generic/pgf/libraries/decor
ations\pgflibrarydecorations.pathreplacing.code.tex))
(C:\Users\DIAG_LP\AppData\Local\Programs\MiKTeX\tex/generic/pgf/frontendlayer/t
ikz/libraries\tikzlibrarymatrix.code.tex
File: tikzlibrarymatrix.code.tex 2025-08-29 v3.1.11a (3.1.11a)
)
(C:\Users\DIAG_LP\AppData\Local\Programs\MiKTeX\tex/generic/pgf/frontendlayer/t
ikz/libraries\tikzlibrarycalc.code.tex
File: tikzlibrarycalc.code.tex 2025-08-29 v3.1.11a (3.1.11a)
)
(C:\Users\DIAG_LP\AppData\Local\Programs\MiKTeX\tex/generic/pgf/frontendlayer/t
ikz/libraries\tikzlibrarypatterns.code.tex
File: tikzlibrarypatterns.code.tex 2025-08-29 v3.1.11a (3.1.11a)

(C:\Users\DIAG_LP\AppData\Local\Programs\MiKTeX\tex/generic/pgf/libraries\pgfli
brarypatterns.code.tex
File: pgflibrarypatterns.code.tex 2025-08-29 v3.1.11a (3.1.11a)
))
(C:\Users\DIAG_LP\AppData\Local\Programs\MiKTeX\tex/latex/algorithms\algorithm.
sty
Package: algorithm 2009/08/24 v0.1 Document Style `algorithm' - floating enviro
nment
 (C:\Users\DIAG_LP\AppData\Local\Programs\MiKTeX\tex/latex/float\float.sty
Package: float 2001/11/08 v1.3d Float enhancements (AL)
\c@float@type=\count468
\float@exts=\toks47
\float@box=\box76
\@float@everytoks=\toks48
\@floatcapt=\box77
)
\@float@every@algorithm=\toks49
\c@algorithm=\count469
)
(C:\Users\DIAG_LP\AppData\Local\Programs\MiKTeX\tex/latex/algorithmicx\algorith
micx.sty
Package: algorithmicx 2005/04/27 v1.2 Algorithmicx

Document Style algorithmicx 1.2 - a greatly improved `algorithmic' style
\c@ALG@line=\count470
\c@ALG@rem=\count471
\c@ALG@nested=\count472
\ALG@tlm=\skip90
\ALG@thistlm=\skip91
\c@ALG@Lnr=\count473
\c@ALG@blocknr=\count474
\c@ALG@storecount=\count475
\c@ALG@tmpcounter=\count476
\ALG@tmplength=\skip92
)
(C:\Users\DIAG_LP\AppData\Local\Programs\MiKTeX\tex/latex/algorithmicx\algpseud
ocode.sty
Package: algpseudocode 

Document Style - pseudocode environments for use with the `algorithmicx' style
)
(C:\Users\DIAG_LP\AppData\Local\Programs\MiKTeX\tex/latex/hyperref\hyperref.sty
Package: hyperref 2025-07-12 v7.01o Hypertext links for LaTeX

(C:\Users\DIAG_LP\AppData\Local\Programs\MiKTeX\tex/generic/kvdefinekeys\kvdefi
nekeys.sty
Package: kvdefinekeys 2019-12-19 v1.6 Define keys (HO)
)
(C:\Users\DIAG_LP\AppData\Local\Programs\MiKTeX\tex/generic/pdfescape\pdfescape
.sty
Package: pdfescape 2019/12/09 v1.15 Implements pdfTeX's escape features (HO)
)
(C:\Users\DIAG_LP\AppData\Local\Programs\MiKTeX\tex/latex/hycolor\hycolor.sty
Package: hycolor 2020-01-27 v1.10 Color options for hyperref/bookmark (HO)
)
(C:\Users\DIAG_LP\AppData\Local\Programs\MiKTeX\tex/latex/hyperref\nameref.sty
Package: nameref 2025-06-21 v2.57 Cross-referencing by name of section

(C:\Users\DIAG_LP\AppData\Local\Programs\MiKTeX\tex/latex/refcount\refcount.sty
Package: refcount 2019/12/15 v3.6 Data extraction from label references (HO)
)
(C:\Users\DIAG_LP\AppData\Local\Programs\MiKTeX\tex/generic/gettitlestring\gett
itlestring.sty
Package: gettitlestring 2019/12/15 v1.6 Cleanup title references (HO)
)
\c@section@level=\count477
)
(C:\Users\DIAG_LP\AppData\Local\Programs\MiKTeX\tex/generic/stringenc\stringenc
.sty
Package: stringenc 2019/11/29 v1.12 Convert strings between diff. encodings (HO
)
)
\@linkdim=\dimen319
\Hy@linkcounter=\count478
\Hy@pagecounter=\count479

(C:\Users\DIAG_LP\AppData\Local\Programs\MiKTeX\tex/latex/hyperref\pd1enc.def
File: pd1enc.def 2025-07-12 v7.01o Hyperref: PDFDocEncoding definition (HO)
Now handling font encoding PD1 ...
... no UTF-8 mapping file for font encoding PD1
)
(C:\Users\DIAG_LP\AppData\Local\Programs\MiKTeX\tex/generic/intcalc\intcalc.sty
Package: intcalc 2019/12/15 v1.3 Expandable calculations with integers (HO)
)
\Hy@SavedSpaceFactor=\count480
 (C:\Users\DIAG_LP\AppData\Local\Programs\MiKTeX\tex/latex/hyperref\puenc.def
File: puenc.def 2025-07-12 v7.01o Hyperref: PDF Unicode definition (HO)
Now handling font encoding PU ...
... no UTF-8 mapping file for font encoding PU
)
Package hyperref Info: Hyper figures OFF on input line 4195.
Package hyperref Info: Link nesting OFF on input line 4200.
Package hyperref Info: Hyper index ON on input line 4203.
Package hyperref Info: Plain pages OFF on input line 4210.
Package hyperref Info: Backreferencing OFF on input line 4215.
Package hyperref Info: Implicit mode ON; LaTeX internals redefined.
Package hyperref Info: Bookmarks ON on input line 4462.
\c@Hy@tempcnt=\count481
LaTeX Info: Redefining \url on input line 4801.
\XeTeXLinkMargin=\dimen320
(C:\Users\DIAG_LP\AppData\Local\Programs\MiKTeX\tex/generic/bitset\bitset.sty
Package: bitset 2019/12/09 v1.3 Handle bit-vector datatype (HO)

(C:\Users\DIAG_LP\AppData\Local\Programs\MiKTeX\tex/generic/bigintcalc\bigintca
lc.sty
Package: bigintcalc 2019/12/15 v1.5 Expandable calculations on big integers (HO
)
))
\Fld@menulength=\count482
\Field@Width=\dimen321
\Fld@charsize=\dimen322
Package hyperref Info: Hyper figures OFF on input line 6078.
Package hyperref Info: Link nesting OFF on input line 6083.
Package hyperref Info: Hyper index ON on input line 6086.
Package hyperref Info: backreferencing OFF on input line 6093.
Package hyperref Info: Link coloring OFF on input line 6098.
Package hyperref Info: Link coloring with OCG OFF on input line 6103.
Package hyperref Info: PDF/A mode OFF on input line 6108.
\Hy@abspage=\count483
\c@Item=\count484
\c@Hfootnote=\count485
)
Package hyperref Info: Driver (autodetected): hpdftex.

(C:\Users\DIAG_LP\AppData\Local\Programs\MiKTeX\tex/latex/hyperref\hpdftex.def
File: hpdftex.def 2025-07-12 v7.01o Hyperref driver for pdfTeX
\Fld@listcount=\count486
\c@bookmark@seq@number=\count487

(C:\Users\DIAG_LP\AppData\Local\Programs\MiKTeX\tex/latex/rerunfilecheck\rerunf
ilecheck.sty
Package: rerunfilecheck 2025-06-21 v1.11 Rerun checks for auxiliary files (HO)

(C:\Users\DIAG_LP\AppData\Local\Programs\MiKTeX\tex/generic/uniquecounter\uniqu
ecounter.sty
Package: uniquecounter 2019/12/15 v1.4 Provide unlimited unique counter (HO)
)
Package uniquecounter Info: New unique counter `rerunfilecheck' on input line 2
84.
)
\Hy@SectionHShift=\skip93
)
(C:\Users\DIAG_LP\AppData\Local\Programs\MiKTeX\tex/latex/cleveref\cleveref.sty
Package: cleveref 2018/03/27 v0.21.4 Intelligent cross-referencing
Package cleveref Info: `hyperref' support loaded on input line 2370.
LaTeX Info: Redefining \cref on input line 2370.
LaTeX Info: Redefining \Cref on input line 2370.
LaTeX Info: Redefining \crefrange on input line 2370.
LaTeX Info: Redefining \Crefrange on input line 2370.
LaTeX Info: Redefining \cpageref on input line 2370.
LaTeX Info: Redefining \Cpageref on input line 2370.
LaTeX Info: Redefining \cpagerefrange on input line 2370.
LaTeX Info: Redefining \Cpagerefrange on input line 2370.
LaTeX Info: Redefining \labelcref on input line 2370.
LaTeX Info: Redefining \labelcpageref on input line 2370.
Package cleveref Info: `amsthm' support loaded on input line 3026.
Package cleveref Info: `algorithmicx' support loaded on input line 3120.
)
==> First Aid for cleveref.sty applied!
(C:\Users\DIAG_LP\AppData\Local\Programs\MiKTeX\tex/latex/tools\enumerate.sty
Package: enumerate 2023/07/04 v3.00 enumerate extensions (DPC)
\@enLab=\toks50
)
(C:\Users\DIAG_LP\AppData\Local\Programs\MiKTeX\tex/latex/tools\bm.sty
Package: bm 2025/10/21 v1.2g Bold Symbol Support (DPC/FMi)
\symboldoperators=\mathgroup6
\symboldletters=\mathgroup7
\symboldsymbols=\mathgroup8
Package bm Info: No bold for \OMX/cmex/m/n, using \pmb.
Package bm Info: No bold for \U/msa/m/n, using \pmb.
Package bm Info: No bold for \U/msb/m/n, using \pmb.
LaTeX Font Info:    Redeclaring math alphabet \mathbf on input line 149.
)
(C:\Users\DIAG_LP\AppData\Local\Programs\MiKTeX\tex/latex/stmaryrd\stmaryrd.sty
Package: stmaryrd 1994/03/03 St Mary's Road symbol package
\symstmry=\mathgroup9
LaTeX Font Info:    Overwriting symbol font `stmry' in version `bold'
(Font)                  U/stmry/m/n --> U/stmry/b/n on input line 89.
)
(C:\Users\DIAG_LP\AppData\Local\Programs\MiKTeX\tex/latex/enumitem\enumitem.sty
Package: enumitem 2025/02/06 v3.11 Customized lists
\labelindent=\skip94
\enit@outerparindent=\dimen323
\enit@toks=\toks51
\enit@inbox=\box78
\enit@count@id=\count488
\enitdp@description=\count489
)
(C:\Users\DIAG_LP\AppData\Local\Programs\MiKTeX\tex/latex/setspace\setspace.sty
Package: setspace 2022/12/04 v6.7b set line spacing
)
(C:\Users\DIAG_LP\AppData\Local\Programs\MiKTeX\tex/latex/adjustbox\adjustbox.s
ty
Package: adjustbox 2025/02/26 v1.3c Adjusting TeX boxes (trim, clip, ...)

(C:\Users\DIAG_LP\AppData\Local\Programs\MiKTeX\tex/latex/xkeyval\xkeyval.sty
Package: xkeyval 2022/06/16 v2.9 package option processing (HA)

(C:\Users\DIAG_LP\AppData\Local\Programs\MiKTeX\tex/generic/xkeyval\xkeyval.tex

(C:\Users\DIAG_LP\AppData\Local\Programs\MiKTeX\tex/generic/xkeyval\xkvutils.te
x
\XKV@toks=\toks52
\XKV@tempa@toks=\toks53
)
\XKV@depth=\count490
File: xkeyval.tex 2014/12/03 v2.7a key=value parser (HA)
))
(C:\Users\DIAG_LP\AppData\Local\Programs\MiKTeX\tex/latex/adjustbox\adjcalc.sty
Package: adjcalc 2012/05/16 v1.1 Provides advanced setlength with multiple back
-ends (calc, etex, pgfmath)
)
(C:\Users\DIAG_LP\AppData\Local\Programs\MiKTeX\tex/latex/adjustbox\trimclip.st
y
Package: trimclip 2025/02/21 v1.2a Trim and clip general TeX material

(C:\Users\DIAG_LP\AppData\Local\Programs\MiKTeX\tex/latex/collectbox\collectbox
.sty
Package: collectbox 2022/10/17 v0.4c Collect macro arguments as boxes
\collectedbox=\box79
)
\tc@llx=\dimen324
\tc@lly=\dimen325
\tc@urx=\dimen326
\tc@ury=\dimen327
Package trimclip Info: Using driver 'tc-pdftex.def'.

(C:\Users\DIAG_LP\AppData\Local\Programs\MiKTeX\tex/latex/adjustbox\tc-pdftex.d
ef
File: tc-pdftex.def 2025/02/26 v2.3 Clipping driver for pdftex
))
\adjbox@Width=\dimen328
\adjbox@Height=\dimen329
\adjbox@Depth=\dimen330
\adjbox@Totalheight=\dimen331
\adjbox@pwidth=\dimen332
\adjbox@pheight=\dimen333
\adjbox@pdepth=\dimen334
\adjbox@ptotalheight=\dimen335

(C:\Users\DIAG_LP\AppData\Local\Programs\MiKTeX\tex/latex/ifoddpage\ifoddpage.s
ty
Package: ifoddpage 2022/10/18 v1.2 Conditionals for odd/even page detection
\c@checkoddpage=\count491
)
(C:\Users\DIAG_LP\AppData\Local\Programs\MiKTeX\tex/latex/varwidth\varwidth.sty
Package: varwidth 2009/03/30 ver 0.92;  Variable-width minipages
\@vwid@box=\box80
\sift@deathcycles=\count492
\@vwid@loff=\dimen336
\@vwid@roff=\dimen337
)
==> First Aid for varwidth.sty applied!
)
(C:\Users\DIAG_LP\AppData\Local\Programs\MiKTeX\tex/latex/tcolorbox\tcolorbox.s
ty
Package: tcolorbox 2025/11/28 version 6.9.0 text color boxes
 (C:\Users\DIAG_LP\AppData\Local\Programs\MiKTeX\tex/latex/tools\verbatim.sty
Package: verbatim 2024-01-22 v1.5x LaTeX2e package for verbatim enhancements
\every@verbatim=\toks54
\verbatim@line=\toks55
\verbatim@in@stream=\read4
) (C:\Users\DIAG_LP\AppData\Local\Programs\MiKTeX\tex/latex/environ\environ.sty
Package: environ 2014/05/04 v0.3 A new way to define environments

(C:\Users\DIAG_LP\AppData\Local\Programs\MiKTeX\tex/latex/trimspaces\trimspaces
.sty
Package: trimspaces 2009/09/17 v1.1 Trim spaces around a token list
))
\tcb@titlebox=\box81
\tcb@upperbox=\box82
\tcb@lowerbox=\box83
\tcb@phantombox=\box84
\c@tcbbreakpart=\count493
\c@tcblayer=\count494
\c@tcolorbox@number=\count495
\l__tcobox_tmpa_box=\box85
\l__tcobox_tmpa_dim=\dimen338
\tcb@temp=\box86
\tcb@temp=\box87
\tcb@temp=\box88
\tcb@temp=\box89

(C:\Users\DIAG_LP\AppData\Local\Programs\MiKTeX\tex/latex/tcolorbox\tcbraster.c
ode.tex
Library (tcolorbox): 'tcbraster.code.tex' version '6.9.0'
\c@tcbrastercolumn=\count496
\c@tcbrasterrow=\count497
\c@tcbrasternum=\count498
\c@tcbraster=\count499
)
(C:\Users\DIAG_LP\AppData\Local\Programs\MiKTeX\tex/latex/tcolorbox\tcbskins.co
de.tex
Library (tcolorbox): 'tcbskins.code.tex' version '6.9.0'

(C:\Users\DIAG_LP\AppData\Local\Programs\MiKTeX\tex/latex/tikzfill\tikzfill.ima
ge.sty
Package: tikzfill.image 2023/08/08 v1.0.1 Image filling library for TikZ

(C:\Users\DIAG_LP\AppData\Local\Programs\MiKTeX\tex/latex/tikzfill\tikzfill-com
mon.sty
Package: tikzfill-common 2023/08/08 v1.0.1 Auxiliary code for tikzfill
)
(C:\Users\DIAG_LP\AppData\Local\Programs\MiKTeX\tex/latex/tikzfill\tikzlibraryf
ill.image.code.tex
File: tikzlibraryfill.image.code.tex 2023/08/08 v1.0.1 Image filling library
\l__tikzfill_img_box=\box90
))
(C:\Users\DIAG_LP\AppData\Local\Programs\MiKTeX\tex/latex/tcolorbox\tcbskinsjig
saw.code.tex
Library (tcolorbox): 'tcbskinsjigsaw.code.tex' version '6.9.0'
))
(C:\Users\DIAG_LP\AppData\Local\Programs\MiKTeX\tex/latex/tcolorbox\tcbbreakabl
e.code.tex
Library (tcolorbox): 'tcbbreakable.code.tex' version '6.9.0'
(C:\Users\DIAG_LP\AppData\Local\Programs\MiKTeX\tex/latex/pdfcol\pdfcol.sty
Package: pdfcol 2022-09-21 v1.7 Handle new color stacks for pdfTeX (HO)
)
Package pdfcol Info: New color stack `tcb@breakable' = 1 on input line 23.
\tcb@testbox=\box91
\tcb@totalupperbox=\box92
\tcb@totallowerbox=\box93
)
(C:\Users\DIAG_LP\AppData\Local\Programs\MiKTeX\tex/latex/tcolorbox\tcbhooks.co
de.tex
Library (tcolorbox): 'tcbhooks.code.tex' version '6.9.0'
)
(C:\Users\DIAG_LP\AppData\Local\Programs\MiKTeX\tex/latex/tcolorbox\tcbtheorems
.code.tex
Library (tcolorbox): 'tcbtheorems.code.tex' version '6.9.0'
)
(C:\Users\DIAG_LP\AppData\Local\Programs\MiKTeX\tex/latex/tcolorbox\tcbfitting.
code.tex
Library (tcolorbox): 'tcbfitting.code.tex' version '6.9.0'
\tcbfitdim=\dimen339
\tcb@lowerfitdim=\dimen340
\tcb@upperfitdim=\dimen341
\tcb@cur@hbadness=\count500
)
(C:\Users\DIAG_LP\AppData\Local\Programs\MiKTeX\tex/latex/tcolorbox\tcblistings
utf8.code.tex
Library (tcolorbox): 'tcblistingsutf8.code.tex' version '6.9.0'

(C:\Users\DIAG_LP\AppData\Local\Programs\MiKTeX\tex/latex/tcolorbox\tcblistings
.code.tex
Library (tcolorbox): 'tcblistings.code.tex' version '6.9.0'

(C:\Users\DIAG_LP\AppData\Local\Programs\MiKTeX\tex/latex/listings\listings.sty
\lst@mode=\count501
\lst@gtempboxa=\box94
\lst@token=\toks56
\lst@length=\count502
\lst@currlwidth=\dimen342
\lst@column=\count503
\lst@pos=\count504
\lst@lostspace=\dimen343
\lst@width=\dimen344
\lst@newlines=\count505
\lst@lineno=\count506
\lst@maxwidth=\dimen345

(C:\Users\DIAG_LP\AppData\Local\Programs\MiKTeX\tex/latex/listings\lstpatch.sty
File: lstpatch.sty 2025/11/14 1.11b (Carsten Heinz)
)
(C:\Users\DIAG_LP\AppData\Local\Programs\MiKTeX\tex/latex/listings\lstmisc.sty
File: lstmisc.sty 2025/11/14 1.11b (Carsten Heinz)
\c@lstnumber=\count507
\lst@skipnumbers=\count508
\lst@framebox=\box95
)
(C:\Users\DIAG_LP\AppData\Local\Programs\MiKTeX\tex/latex/listings\listings.cfg
File: listings.cfg 2025/11/14 1.11b listings configuration
))
Package: listings 2025/11/14 1.11b (Carsten Heinz)

==> First Aid for listings.sty no longer applied!
    Expected:
        2024/09/23 1.10c (Carsten Heinz)
    but found:
        2025/11/14 1.11b (Carsten Heinz)
    so I'm assuming it got fixed.

(C:\Users\DIAG_LP\AppData\Local\Programs\MiKTeX\tex/latex/tcolorbox\tcblistings
core.code.tex
Library (tcolorbox): 'tcblistingscore.code.tex' version '6.9.0'

(C:\Users\DIAG_LP\AppData\Local\Programs\MiKTeX\tex/latex/tcolorbox\tcbprocessi
ng.code.tex
Library (tcolorbox): 'tcbprocessing.code.tex' version '6.9.0'
)
\c@tcblisting=\count509
))
(C:\Users\DIAG_LP\AppData\Local\Programs\MiKTeX\tex/latex/listingsutf8\listings
utf8.sty
Package: listingsutf8 2019-12-10 v1.5 Allow UTF-8 in listings input (HO)
))
(C:\Users\DIAG_LP\AppData\Local\Programs\MiKTeX\tex/latex/tcolorbox\tcbexternal
.code.tex
Library (tcolorbox): 'tcbexternal.code.tex' version '6.9.0'
)
(C:\Users\DIAG_LP\AppData\Local\Programs\MiKTeX\tex/latex/tcolorbox\tcbmagazine
.code.tex
Library (tcolorbox): 'tcbmagazine.code.tex' version '6.9.0'
)
(C:\Users\DIAG_LP\AppData\Local\Programs\MiKTeX\tex/latex/tcolorbox\tcbvignette
.code.tex
Library (tcolorbox): 'tcbvignette.code.tex' version '6.9.0'

(C:\Users\DIAG_LP\AppData\Local\Programs\MiKTeX\tex/generic/pgf/frontendlayer/t
ikz/libraries\tikzlibraryfadings.code.tex
File: tikzlibraryfadings.code.tex 2025-08-29 v3.1.11a (3.1.11a)

(C:\Users\DIAG_LP\AppData\Local\Programs\MiKTeX\tex/generic/pgf/libraries\pgfli
braryfadings.code.tex
File: pgflibraryfadings.code.tex 2025-08-29 v3.1.11a (3.1.11a)
)))
(C:\Users\DIAG_LP\AppData\Local\Programs\MiKTeX\tex/latex/tcolorbox\tcbposter.c
ode.tex
Library (tcolorbox): 'tcbposter.code.tex' version '6.9.0'
))
\c@theorem=\count510
\@quotelevel=\count511
\@quotereset=\count512
 (apeiron-main.aux)
\openout1 = `apeiron-main.aux'.

LaTeX Font Info:    Checking defaults for OML/cmm/m/it on input line 86.
LaTeX Font Info:    ... okay on input line 86.
LaTeX Font Info:    Checking defaults for OMS/cmsy/m/n on input line 86.
LaTeX Font Info:    ... okay on input line 86.
LaTeX Font Info:    Checking defaults for OT1/cmr/m/n on input line 86.
LaTeX Font Info:    ... okay on input line 86.
LaTeX Font Info:    Checking defaults for T1/cmr/m/n on input line 86.
LaTeX Font Info:    ... okay on input line 86.
LaTeX Font Info:    Checking defaults for TS1/cmr/m/n on input line 86.
LaTeX Font Info:    ... okay on input line 86.
LaTeX Font Info:    Checking defaults for OMX/cmex/m/n on input line 86.
LaTeX Font Info:    ... okay on input line 86.
LaTeX Font Info:    Checking defaults for U/cmr/m/n on input line 86.
LaTeX Font Info:    ... okay on input line 86.
LaTeX Font Info:    Checking defaults for PD1/pdf/m/n on input line 86.
LaTeX Font Info:    ... okay on input line 86.
LaTeX Font Info:    Checking defaults for PU/pdf/m/n on input line 86.
LaTeX Font Info:    ... okay on input line 86.
Package microtype Info: Patching varwidth to enable character protrusion.
\MT@vwid@leftmargin=\dimen346
\MT@vwid@rightmargin=\dimen347
LaTeX Info: Redefining \microtypecontext on input line 86.
Package microtype Info: Applying patch `item' on input line 86.
Package microtype Info: Applying patch `toc' on input line 86.
Package microtype Info: Applying patch `eqnum' on input line 86.


Package microtype Warning: Unable to apply patch `footnote' on input line 86.

Package microtype Info: Applying patch `verbatim' on input line 86.
LaTeX Info: Redefining \microtypesetup on input line 86.
Package microtype Info: Generating PDF output.
Package microtype Info: Character protrusion enabled (level 2).
Package microtype Info: Using default protrusion set `alltext'.
Package microtype Info: No font expansion.
Package microtype Info: No adjustment of tracking.
Package microtype Info: No adjustment of interword spacing.
Package microtype Info: No adjustment of character kerning.
(C:\Users\DIAG_LP\AppData\Local\Programs\MiKTeX\tex/latex/microtype\mt-cmr.cfg
File: mt-cmr.cfg 2013/05/19 v2.2 microtype config. file: Computer Modern Roman 
(RS)
)
Package biblatex Info: Trying to load language 'english'...
Package biblatex Info: ... file 'english.lbx' found.

(C:\Users\DIAG_LP\AppData\Local\Programs\MiKTeX\tex/latex/biblatex/lbx\english.
lbx
File: english.lbx 2025/07/10 v3.21 biblatex localization (PK/MW)
)
Package biblatex Info: Input encoding 'utf8' detected.
Package biblatex Info: Automatic encoding selection.
(biblatex)             Assuming data encoding 'utf8'.
\openout3 = `apeiron-main.bcf'.

Package biblatex Info: Trying to load bibliographic data...
Package biblatex Info: ... file 'apeiron-main.bbl' found.
 (apeiron-main.bbl)
Package biblatex Info: Reference section=0 on input line 86.
Package biblatex Info: Reference segment=0 on input line 86.

(C:\Users\DIAG_LP\AppData\Local\Programs\MiKTeX\tex/context/base/mkii\supp-pdf.
mkii
[Loading MPS to PDF converter (version 2006.09.02).]
\scratchcounter=\count513
\scratchdimen=\dimen348
\scratchbox=\box96
\nofMPsegments=\count514
\nofMParguments=\count515
\everyMPshowfont=\toks57
\MPscratchCnt=\count516
\MPscratchDim=\dimen349
\MPnumerator=\count517
\makeMPintoPDFobject=\count518
\everyMPtoPDFconversion=\toks58
)
(C:\Users\DIAG_LP\AppData\Local\Programs\MiKTeX\tex/latex/epstopdf-pkg\epstopdf
-base.sty
Package: epstopdf-base 2020-01-24 v2.11 Base part for package epstopdf
Package epstopdf-base Info: Redefining graphics rule for `.eps' on input line 4
85.

(C:\Users\DIAG_LP\AppData\Local\Programs\MiKTeX\tex/latex/00miktex\epstopdf-sys
.cfg
File: epstopdf-sys.cfg 2021/03/18 v2.0 Configuration of epstopdf for MiKTeX
))
Package caption Info: Begin \AtBeginDocument code.
Package caption Info: float package is loaded.
Package caption Info: hyperref package is loaded.
Package caption Info: listings package is loaded.
Package caption Info: End \AtBeginDocument code.

*geometry* driver: auto-detecting
*geometry* detected driver: pdftex
*geometry* verbose mode - [ preamble ] result:
* driver: pdftex
* paper: a4paper
* layout: <same size as paper>
* layoutoffset:(h,v)=(0.0pt,0.0pt)
* modes: twoside 
* h-part:(L,W,R)=(71.13188pt, 455.24411pt, 71.13188pt)
* v-part:(T,H,B)=(71.13188pt, 702.78308pt, 71.13188pt)
* \paperwidth=597.50787pt
* \paperheight=845.04684pt
* \textwidth=455.24411pt
* \textheight=702.78308pt
* \oddsidemargin=-1.1381pt
* \evensidemargin=-1.1381pt
* \topmargin=-38.1381pt
* \headheight=12.0pt
* \headsep=25.0pt
* \topskip=11.0pt
* \footskip=30.0pt
* \marginparwidth=113.0pt
* \marginparsep=10.0pt
* \columnsep=10.0pt
* \skip\footins=10.0pt plus 4.0pt minus 2.0pt
* \hoffset=0.0pt
* \voffset=0.0pt
* \mag=1000
* \@twocolumnfalse
* \@twosidetrue
* \@mparswitchtrue
* \@reversemarginfalse
* (1in=72.27pt=25.4mm, 1cm=28.453pt)

Package hyperref Info: Link coloring OFF on input line 86.
(apeiron-main.out) (apeiron-main.out)
\@outlinefile=\write5
\openout5 = `apeiron-main.out'.

\c@lstlisting=\count519
LaTeX Font Info:    Trying to load font information for U+msa on input line 89.


(C:\Users\DIAG_LP\AppData\Local\Programs\MiKTeX\tex/latex/amsfonts\umsa.fd
File: umsa.fd 2013/01/14 v3.01 AMS symbols A
)
(C:\Users\DIAG_LP\AppData\Local\Programs\MiKTeX\tex/latex/microtype\mt-msa.cfg
File: mt-msa.cfg 2006/02/04 v1.1 microtype config. file: AMS symbols (a) (RS)
)
LaTeX Font Info:    Trying to load font information for U+msb on input line 89.

(C:\Users\DIAG_LP\AppData\Local\Programs\MiKTeX\tex/latex/amsfonts\umsb.fd
File: umsb.fd 2013/01/14 v3.01 AMS symbols B
)
(C:\Users\DIAG_LP\AppData\Local\Programs\MiKTeX\tex/latex/microtype\mt-msb.cfg
File: mt-msb.cfg 2005/06/01 v1.0 microtype config. file: AMS symbols (b) (RS)
)
LaTeX Font Info:    Trying to load font information for U+stmry on input line 8
9.
(C:\Users\DIAG_LP\AppData\Local\Programs\MiKTeX\tex/latex/stmaryrd\ustmry.fd)
Package microtype Info: Loading generic protrusion settings for font family
(microtype)             `cmtt' (encoding: T1).
(microtype)             For optimal results, create family-specific settings.
(microtype)             See the microtype manual for details.

(Sections/00_abstract.tex) [1

{C:/Users/DIAG_LP/AppData/Local/MiKTeX/fonts/map/pdftex/pdftex.map}] (apeiron-m
ain.toc [2

] [3] [4] [5])
\tf@toc=\write6
\openout6 = `apeiron-main.toc'.

 [6]
(Sections/01_introduction.tex
Overfull \hbox (2.70589pt too wide) in paragraph at lines 1--1
[]\T1/cmr/bx/n/14.4 Introduction: A Re-search Pro-gramme for Non-Anthropocentri
c
 []

[7

] [8]) (Sections/02_related_work.tex [9] [10

]
Underfull \hbox (badness 10000) in paragraph at lines 48--49
[]\T1/cmr/m/n/10.95 Endogenous, emer-gent from
 []

[11]) (Sections/03_research_questions.tex [12]
Overfull \hbox (6.5873pt too wide) in paragraph at lines 10--11
\T1/cmr/bx/n/10.95 co-her-ent, ver-i-fi-able, and ca-pa-ble of of-fer-ing a gen
-uinely non-anthropocentric
 []


Overfull \hbox (2.92729pt too wide) in paragraph at lines 20--21
\T1/cmr/m/n/10.95 the-ory, dy-nam-i-cal sys-tems, and in-for-ma-tion the-ory. T
his pro-vides a pre-cise, implementation-
 []

[13

]
Overfull \hbox (5.13268pt too wide) in paragraph at lines 35--36
[]\T1/cmr/bx/n/10.95 Feedback-induced bi-fur-ca-tions: \T1/cmr/m/n/10.95 What a
re the crit-i-cal pa-ram-e-ter regimes (learn-
 []

[14]) (Sections/04_foundations.tex [15]
Overfull \hbox (38.5317pt too wide) in paragraph at lines 36--37
\T1/cmr/m/n/10.95 tools for mea-sur-ing com-plex-ity and com-press-ibil-ity. In
 Layer 1, the \T1/cmtt/m/n/10.95 InformationDecompositionOperator
 []

[16

] [17] [18]) (Sections/05_axioms.tex [19])
(Sections/06_architecture_overview.tex [20

]

LaTeX Warning: Float too large for page by 215.64166pt on input line 58.

) (Sections/07_layers_cluster1.tex [21

] [22] [23

] [24] [25]
Overfull \hbox (35.62825pt too wide) in paragraph at lines 103--104
[]\T1/cmtt/m/n/10.95 UltimateObservable\T1/cmr/m/n/10.95 : A dat-a-class en-cap
-su-lat-ing the ob-serv-able's value, type, \T1/cmtt/m/n/10.95 MetaSpecificatio
n\T1/cmr/m/n/10.95 ,
 []


Overfull \hbox (82.95927pt too wide) in paragraph at lines 104--105
[]\T1/cmtt/m/n/10.95 BooleanDecompositionOperator\T1/cmr/m/n/10.95 , \T1/cmtt/m
/n/10.95 MeasureDecompositionOperator\T1/cmr/m/n/10.95 , \T1/cmtt/m/n/10.95 Cat
egoricalDecompositionOperator\T1/cmr/m/n/10.95 ,
 []

[26] [27] [28]

LaTeX Warning: Reference `thm:percolation' on page 29 undefined on input line 2
06.

[29] [30] [31] [32]
Overfull \hbox (8.10393pt too wide) in paragraph at lines 356--357
[]\T1/cmr/bx/n/10.95 Proposition 7.14 \T1/cmr/m/n/10.95 (Hi-er-ar-chi-cal Con-s
is-tency)\T1/cmr/bx/n/10.95 . []\T1/cmr/m/it/10.95 If $\OML/cmm/m/it/10.95 f$ \
T1/cmr/m/it/10.95 is a meso-function com-posed of micro-functions
 []


Overfull \hbox (56.63997pt too wide) in paragraph at lines 367--368
[]\T1/cmr/bx/n/10.95 Theorem 7.15 \T1/cmr/m/n/10.95 (Mod-u-lar-i-ty-Ro-bust-nes
s Trade-off)\T1/cmr/bx/n/10.95 . []\T1/cmr/m/it/10.95 For a func-tional en-tity
 $\OML/cmm/m/it/10.95 f$\T1/cmr/m/it/10.95 , let $\OML/cmm/m/it/10.95 ^^Z[] \OT
1/cmr/m/n/10.95 = [] [][] [](\OML/cmm/m/it/10.95 e\OT1/cmr/m/n/10.95 )$
 []

[33] [34] [35] [36]) (Sections/08_layers_cluster2.tex [37] [38

] [39] [40]
[41] [42] [43] [44] [45] [46]

Package hyperref Warning: Token not allowed in a PDF string (Unicode):
(hyperref)                removing `math shift' on input line 339.


Package hyperref Warning: Token not allowed in a PDF string (Unicode):
(hyperref)                removing `\Gamma' on input line 339.


Package hyperref Warning: Token not allowed in a PDF string (Unicode):
(hyperref)                removing `math shift' on input line 339.


Overfull \hbox (17.29959pt too wide) in paragraph at lines 361--362
\T1/cmr/m/n/10.95 are con-sid-ered in-de-pen-dently. In our frame-work, the re-
con-struc-tion er-ror $[][] \OML/cmm/m/it/10.95 []D[]\OT1/cmr/m/n/10.95 (\OML/
cmm/m/it/10.95 P\OT1/cmr/m/n/10.95 (\OML/cmm/m/it/10.95 S[]\OT1/cmr/m/n/10.95 )
\OMS/cmsy/m/n/10.95 k\OT1/cmr/m/n/10.95 ^^E[](^^F))$
 []

[47]
Overfull \hbox (49.41713pt too wide) in paragraph at lines 387--388
[]\T1/cmtt/m/n/10.95 GuidanceModule\T1/cmr/m/n/10.95 : Com-putes $\OT1/cmr/m/n/
10.95 ^^@[](^^F)$ \T1/cmr/m/n/10.95 as a gra-di-ent of some po-ten-tial (e.g., 
$\OT1/cmr/m/n/10.95 ^^@[] = \OMS/cmsy/m/n/10.95 ^^@r[][]\OT1/cmr/m/n/10.95 (^^F
\OML/cmm/m/it/10.95 ; S[]\OT1/cmr/m/n/10.95 )$\T1/cmr/m/n/10.95 ). 
 []

[48]) (Sections/09_layers_cluster3.tex [49] [50

] [51] [52] [53] [54]
Overfull \hbox (0.41794pt too wide) in paragraph at lines 169--170
\T1/cmr/m/n/10.95 iso-mor-phism com-plete). For fi-nite cat-e-gories, it is in 
NP. Ap-prox-i-mate al-go-rithms (e.g., Weisfeiler-
 []

[55] [56] [57] [58] [59] [60] [61] [62] [63] [64])
(Sections/10_layers_cluster4.tex [65] [66

] [67]
Overfull \hbox (8.18013pt too wide) in paragraph at lines 76--77
\T1/cmr/m/n/10.95 models with un-der-ly-ing on-to-log-i-cal cat-e-gories $\OMS/
cmsy/m/n/10.95 C[]\OML/cmm/m/it/10.95 ; \OMS/cmsy/m/n/10.95 C[]$\T1/cmr/m/n/10.
95 . The \T1/cmr/m/it/10.95 Gromov-Hausdorff dis-tance $\OML/cmm/m/it/10.95 d[]
\OT1/cmr/m/n/10.95 (\OML/cmm/m/it/10.95 W[]; W[]\OT1/cmr/m/n/10.95 )$
 []

[68] [69] [70] [71]
Overfull \hbox (5.29582pt too wide) in paragraph at lines 200--201
[]\T1/cmr/bx/n/10.95 Recursive-Improvement\T1/cmr/m/n/10.95 : Con-trol sys-tems
 that pro-pose, eval-u-ate, and im-ple-ment changes
 []

[72] [73]
Overfull \hbox (2.82635pt too wide) in paragraph at lines 279--280
[]\T1/cmtt/m/n/10.95 CollectiveCapacityEvaluator\T1/cmr/m/n/10.95 : Main-tains 
a stan-dard-ized task suite to mea-sure $[]\OT1/cmr/m/n/10.95 (^^@(\OMS/cmsy/m/
n/10.95 A\OT1/cmr/m/n/10.95 ))$\T1/cmr/m/n/10.95 . 
 []

[74]
LaTeX Font Info:    Trying to load font information for U+euf on input line 304
.
 (C:\Users\DIAG_LP\AppData\Local\Programs\MiKTeX\tex/latex/amsfonts\ueuf.fd
File: ueuf.fd 2013/01/14 v3.01 Euler Fraktur
)
(C:\Users\DIAG_LP\AppData\Local\Programs\MiKTeX\tex/latex/microtype\mt-euf.cfg
File: mt-euf.cfg 2006/07/03 v1.1 microtype config. file: AMS Euler Fraktur (RS)

) [75]
Overfull \hbox (14.829pt too wide) in paragraph at lines 326--327
\T1/cmr/m/it/10.95 meta-operator $\OMS/cmsy/m/n/10.95 M$ \T1/cmr/m/it/10.95 is 
a con-trac-tion map-ping (i.e., there ex-ists $\OT1/cmr/m/n/10.95 0 \OMS/cmsy/m
/n/10.95 ^^T \OML/cmm/m/it/10.95 ^^T < \OT1/cmr/m/n/10.95 1$ \T1/cmr/m/it/10.95
 such that $\OML/cmm/m/it/10.95 d\OT1/cmr/m/n/10.95 (\OMS/cmsy/m/n/10.95 M\OT1/
cmr/m/n/10.95 (\OMS/cmsy/m/n/10.95 F\OT1/cmr/m/n/10.95 )\OML/cmm/m/it/10.95 ; \
OMS/cmsy/m/n/10.95 M\OT1/cmr/m/n/10.95 (\OMS/cmsy/m/n/10.95 F[]\OT1/cmr/m/n/10.
95 )) \OMS/cmsy/m/n/10.95 ^^T
 []


Overfull \hbox (24.1163pt too wide) in paragraph at lines 329--330
\T1/cmr/m/n/10.95 der the con-trac-tion con-di-tion. The con-ver-gence rate is 
ge-o-met-ric: $\OML/cmm/m/it/10.95 d\OT1/cmr/m/n/10.95 (\OMS/cmsy/m/n/10.95 M[]
\OT1/cmr/m/n/10.95 (\OMS/cmsy/m/n/10.95 F[]\OT1/cmr/m/n/10.95 )\OML/cmm/m/it/10
.95 ; \OMS/cmsy/m/n/10.95 F[]\OT1/cmr/m/n/10.95 ) \OMS/cmsy/m/n/10.95 ^^T []\OM
L/cmm/m/it/10.95 d\OT1/cmr/m/n/10.95 (\OMS/cmsy/m/n/10.95 F[]\OML/cmm/m/it/10.9
5 ; \OMS/cmsy/m/n/10.95 M\OT1/cmr/m/n/10.95 (\OMS/cmsy/m/n/10.95 F[]\OT1/cmr/m/
n/10.95 ))$\T1/cmr/m/n/10.95 .
 []

[76]
Overfull \hbox (1.37782pt too wide) in paragraph at lines 362--364
[]\T1/cmr/bx/n/10.95 Axioms sat-is-fied: \T1/cmr/m/n/10.95 All twelve ax-ioms c
on-verge here, with par-tic-u-lar em-pha-sis on Ax-ioms []5.12[],
 []

) (Sections/11_examples.tex [77] [78

]) (Sections/12_validation.tex [79]
[80

] [81] [82]) (Sections/13_complexity.tex [83] [84] [85

])
(Sections/14_ethics.tex [86] [87

] [88]) (Sections/14b_status_and_roadmap.tex
[89]
Underfull \hbox (badness 1824) in paragraph at lines 42--42
[]\T1/cmr/m/n/10.95 Multi-axial atom-ic-ity con-verges
 []


Underfull \hbox (badness 10000) in paragraph at lines 42--42
\T1/cmr/m/n/10.95 hy-per-graph ex-hibits scale-free
 []


Underfull \hbox (badness 1337) in paragraph at lines 43--43
[]\T1/cmr/m/n/10.95 II (Lay-ers 5--
 []


Underfull \hbox (badness 10000) in paragraph at lines 43--43
\T1/cmr/m/n/10.95 fer across task dis-tri-bu-tions;
 []


Underfull \hbox (badness 3250) in paragraph at lines 43--43
\T1/cmr/m/n/10.95 global syn-the-sis $\OT1/cmr/m/n/10.95 ^^F$ \T1/cmr/m/n/10.95
 com-presses
 []


Underfull \hbox (badness 4981) in paragraph at lines 43--43
\T1/cmr/m/n/10.95 cross-layer reg-u-lar-i-ties with-out
 []


Underfull \hbox (badness 1521) in paragraph at lines 43--44
\T1/cmr/m/n/10.95 Om-niglot, Mini-Im-a-geNet); mu-
 []


Underfull \hbox (badness 2221) in paragraph at lines 44--44
[]\T1/cmr/m/n/10.95 New on-to-log-i-cal cat-e-gories are
 []


Underfull \hbox (badness 10000) in paragraph at lines 44--44
\T1/cmr/m/n/10.95 ho-mol-ogy de-tects on-to-ge-netic
 []


Underfull \hbox (badness 4899) in paragraph at lines 44--45
\T1/cmr/m/n/10.95 non-embedding; sliding-window
 []


Underfull \hbox (badness 10000) in paragraph at lines 45--45
[]\T1/cmr/m/n/10.95 Pluriverse main-tains dis-tinct
 []


Underfull \hbox (badness 1648) in paragraph at lines 45--45
\T1/cmr/m/n/10.95 thresh-old $\OML/cmm/m/it/10.95 ^^O$\T1/cmr/m/n/10.95 ; meta-
operator $\OMS/cmsy/m/n/10.95 M$
 []

[90

]) (Sections/15_discussion.tex [91]
Underfull \vbox (badness 2318) has occurred while \output is active []

 [92

]
[93]) (sections/99_layer_summary_table.tex [94]
Underfull \hbox (badness 3199) in paragraph at lines 6--7
[]|\T1/cmr/bx/n/10.95 Research Ques-tions Ad-
 []

) (Sections/16_conclusion.tex [95

]
Underfull \hbox (badness 10000) in paragraph at lines 35--36
[]\T1/cmr/m/n/10.95 Implement meta-learning and
 []

[96

]) [97] [98] (Sections/Appendices/A_proofs.tex [99

] [100

])
(Sections/Appendices/B_algorithms.tex [101]
Package hyperref Info: bookmark level for unknown algorithm defaults to 0 on in
put line 10.
 [102


pdfTeX warning (ext4): destination with the same identifier (name{ALG@line.1}) 
has been already used, duplicate ignored
<argument> ...shipout:D \box_use:N \l_shipout_box 
                                                  \__shipout_drop_firstpage_...
l.58 
     
pdfTeX warning (ext4): destination with the same identifier (name{ALG@line.2}) 
has been already used, duplicate ignored
<argument> ...shipout:D \box_use:N \l_shipout_box 
                                                  \__shipout_drop_firstpage_...
l.58 
     
pdfTeX warning (ext4): destination with the same identifier (name{ALG@line.3}) 
has been already used, duplicate ignored
<argument> ...shipout:D \box_use:N \l_shipout_box 
                                                  \__shipout_drop_firstpage_...
l.58 
     
pdfTeX warning (ext4): destination with the same identifier (name{ALG@line.4}) 
has been already used, duplicate ignored
<argument> ...shipout:D \box_use:N \l_shipout_box 
                                                  \__shipout_drop_firstpage_...
l.58 
     
pdfTeX warning (ext4): destination with the same identifier (name{ALG@line.5}) 
has been already used, duplicate ignored
<argument> ...shipout:D \box_use:N \l_shipout_box 
                                                  \__shipout_drop_firstpage_...
l.58 
     
pdfTeX warning (ext4): destination with the same identifier (name{ALG@line.6}) 
has been already used, duplicate ignored
<argument> ...shipout:D \box_use:N \l_shipout_box 
                                                  \__shipout_drop_firstpage_...
l.58 
     
pdfTeX warning (ext4): destination with the same identifier (name{ALG@line.7}) 
has been already used, duplicate ignored
<argument> ...shipout:D \box_use:N \l_shipout_box 
                                                  \__shipout_drop_firstpage_...
l.58 
     
pdfTeX warning (ext4): destination with the same identifier (name{ALG@line.8}) 
has been already used, duplicate ignored
<argument> ...shipout:D \box_use:N \l_shipout_box 
                                                  \__shipout_drop_firstpage_...
l.58 
     
pdfTeX warning (ext4): destination with the same identifier (name{ALG@line.9}) 
has been already used, duplicate ignored
<argument> ...shipout:D \box_use:N \l_shipout_box 
                                                  \__shipout_drop_firstpage_...
l.58 
     
pdfTeX warning (ext4): destination with the same identifier (name{ALG@line.10})
 has been already used, duplicate ignored
<argument> ...shipout:D \box_use:N \l_shipout_box 
                                                  \__shipout_drop_firstpage_...
l.58 
     
pdfTeX warning (ext4): destination with the same identifier (name{ALG@line.11})
 has been already used, duplicate ignored
<argument> ...shipout:D \box_use:N \l_shipout_box 
                                                  \__shipout_drop_firstpage_...
l.58 
     
pdfTeX warning (ext4): destination with the same identifier (name{ALG@line.12})
 has been already used, duplicate ignored
<argument> ...shipout:D \box_use:N \l_shipout_box 
                                                  \__shipout_drop_firstpage_...
l.58 
     
pdfTeX warning (ext4): destination with the same identifier (name{ALG@line.13})
 has been already used, duplicate ignored
<argument> ...shipout:D \box_use:N \l_shipout_box 
                                                  \__shipout_drop_firstpage_...
l.58 
     ]
pdfTeX warning (ext4): destination with the same identifier (name{ALG@line.1}) 
has been already used, duplicate ignored
<to be read again> 
                   \relax 
l.63 \Function
              {ComputeInfluence}{$\text{target}$, $\text{field}$}
pdfTeX warning (ext4): destination with the same identifier (name{ALG@line.2}) 
has been already used, duplicate ignored
<to be read again> 
                   \relax 
l.64     \State
                $\text{influence} \gets \text{empty dictionary}$
pdfTeX warning (ext4): destination with the same identifier (name{ALG@line.3}) 
has been already used, duplicate ignored
<to be read again> 
                   \relax 
l.65     \For
             {$\text{other} \in \text{field} \setminus \{\text{target}\}$}
pdfTeX warning (ext4): destination with the same identifier (name{ALG@line.4}) 
has been already used, duplicate ignored
<to be read again> 
                   \relax 
l.66         \State
                    $\text{sim} \gets \text{CosineSimilarity}(\text{target}....

pdfTeX warning (ext4): destination with the same identifier (name{ALG@line.5}) 
has been already used, duplicate ignored
<to be read again> 
                   \relax 
l.67         \State
                    $\text{dist} \gets 1 - \text{sim}$
pdfTeX warning (ext4): destination with the same identifier (name{ALG@line.6}) 
has been already used, duplicate ignored
<to be read again> 
                   \relax 
l.68         \State
                    $\text{res\_infl} \gets 0$
pdfTeX warning (ext4): destination with the same identifier (name{ALG@line.7}) 
has been already used, duplicate ignored
<to be read again> 
                   \relax 
l.69         \For
                 {$\text{layer} \in \text{target}.\text{resonance\_map} \cap...

pdfTeX warning (ext4): destination with the same identifier (name{ALG@line.8}) 
has been already used, duplicate ignored
<to be read again> 
                   \relax 
l.70             \State
                        $w_t \gets \text{target}.\text{resonance\_map}[\text...

pdfTeX warning (ext4): destination with the same identifier (name{ALG@line.9}) 
has been already used, duplicate ignored
<to be read again> 
                   \relax 
l.71             \State
                        $w_o \gets \text{other}.\text{resonance\_map}[\text{...

pdfTeX warning (ext4): destination with the same identifier (name{ALG@line.10})
 has been already used, duplicate ignored
<to be read again> 
                   \relax 
l.72             \State
                        $\text{res\_infl} \gets \text{res\_infl} + \text{dec...

pdfTeX warning (ext4): destination with the same identifier (name{ALG@line.11})
 has been already used, duplicate ignored
<to be read again> 
                   \relax 
l.73         \EndFor
                    
pdfTeX warning (ext4): destination with the same identifier (name{ALG@line.12})
 has been already used, duplicate ignored
<to be read again> 
                   \relax 
l.74         \State
                    $\text{emb\_infl} \gets \text{decay} \cdot \max(0, \text...

pdfTeX warning (ext4): destination with the same identifier (name{ALG@line.13})
 has been already used, duplicate ignored
<to be read again> 
                   \relax 
l.75         \State
                    $\text{total} \gets \alpha \cdot \text{res\_infl} + (1-\...

pdfTeX warning (ext4): destination with the same identifier (name{ALG@line.14})
 has been already used, duplicate ignored
<to be read again> 
                   \relax 
l.76         \State
                    $\text{influence}[\text{other}.\text{perspective}] \gets...

pdfTeX warning (ext4): destination with the same identifier (name{ALG@line.15})
 has been already used, duplicate ignored
<to be read again> 
                   \relax 
l.77     \EndFor
                
pdfTeX warning (ext4): destination with the same identifier (name{ALG@line.16})
 has been already used, duplicate ignored
<to be read again> 
                   \relax 
l.78     \State
                \Return $\text{influence}$
pdfTeX warning (ext4): destination with the same identifier (name{ALG@line.17})
 has been already used, duplicate ignored
<to be read again> 
                   \relax 
l.79 \EndFunction
                 ) (Sections/Appendices/C_glossary.tex [103])
(sections/Appendices/D_axiom_justifications.tex [104

] [105

]) [106]
Overfull \hbox (29.05592pt too wide) in paragraph at lines 126--126
\T1/cmr/m/it/10.95 Sys-tems\T1/cmr/m/n/10.95 . New York: Dover Pub-li-ca-tions,
 1986, Orig-i-nal work pub-lished 1931, \T1/cmr/m/sc/10.95 isbn\T1/cmr/m/n/10.9
5 : 9780486669809. 
 []


Overfull \hbox (31.42433pt too wide) in paragraph at lines 126--126
\T1/cmr/m/n/10.95 ``Cat-e-gor-i-cal deep learn-ing: An al-ge-braic the-ory of a
r-chi-tec-tures,'' \T1/cmr/m/it/10.95 arXiv preprint arXiv:2402.15332\T1/cmr/m/
n/10.95 ,
 []

[107

] [108] [109]
Overfull \hbox (12.7459pt too wide) in paragraph at lines 126--126
[]\T1/cmr/m/n/10.95 J. H. Flavell, ``Metacog-ni-tion and cog-ni-tive mon-i-tor-
ing: A new area of cognitive--developmental
 []

[110]
Overfull \hbox (0.49825pt too wide) in paragraph at lines 126--126
[]\T1/cmr/m/n/10.95 E. Hutchins, \T1/cmr/m/it/10.95 Cog-ni-tion in the Wild\T1/
cmr/m/n/10.95 . Cam-bridge, MA: MIT Press, 1995, \T1/cmr/m/sc/10.95 isbn\T1/cmr
/m/n/10.95 : 9780262082310. 
 []

[111] (apeiron-main.lof)
\tf@lof=\write7
\openout7 = `apeiron-main.lof'.

 [112

] (apeiron-main.aux)
 ***********
LaTeX2e <2025-11-01>
L3 programming layer <2025-12-24>
 ***********


LaTeX Warning: There were undefined references.

Package rerunfilecheck Info: File `apeiron-main.out' has not changed.
(rerunfilecheck)             Checksum: CA638571BFC0C90BBC2CCFCA4A51C5C6;51514.
Package logreq Info: Writing requests to 'apeiron-main.run.xml'.
\openout1 = `apeiron-main.run.xml'.

 ) 
Here is how much of TeX's memory you used:
 47341 strings out of 467871
 964065 string characters out of 5417408
 1800260 words of memory out of 5000000
 74715 multiletter control sequences out of 15000+600000
 667174 words of font info for 145 fonts, out of 8000000 for 9000
 1141 hyphenation exceptions out of 8191
 84i,20n,96p,1151b,1519s stack positions out of 10000i,1000n,20000p,200000b,200000s
 <C:\Users\DIAG_LP\AppData\Local\MiKTeX\fonts/pk/ljfour/jknappen/ec/dpi600\ec
ti0800.pk> <C:\Users\DIAG_LP\AppData\Local\MiKTeX\fonts/pk/ljfour/jknappen/ec/d
pi600\ecbi1095.pk> <C:\Users\DIAG_LP\AppData\Local\MiKTeX\fonts/pk/ljfour/jknap
pen/ec/dpi600\ecrm0600.pk> <C:\Users\DIAG_LP\AppData\Local\MiKTeX\fonts/pk/ljfo
ur/jknappen/ec/dpi600\ecxc1440.pk> <C:\Users\DIAG_LP\AppData\Local\MiKTeX\fonts
/pk/ljfour/jknappen/ec/dpi600\ecit1095.pk> <C:\Users\DIAG_LP\AppData\Local\MiKT
eX\fonts/pk/ljfour/jknappen/ec/dpi600\ecrm0900.pk> <C:\Users\DIAG_LP\AppData\Lo
cal\MiKTeX\fonts/pk/ljfour/jknappen/ec/dpi600\ecrm0800.pk> <C:\Users\DIAG_LP\Ap
pData\Local\MiKTeX\fonts/pk/ljfour/jknappen/ec/dpi600\tcrm1095.pk> <C:\Users\DI
AG_LP\AppData\Local\MiKTeX\fonts/pk/ljfour/jknappen/ec/dpi600\ectt1095.pk> <C:\
Users\DIAG_LP\AppData\Local\MiKTeX\fonts/pk/ljfour/jknappen/ec/dpi600\ecbx1200.
pk> <C:\Users\DIAG_LP\AppData\Local\MiKTeX\fonts/pk/ljfour/jknappen/ec/dpi600\e
ccc1095.pk> <C:\Users\DIAG_LP\AppData\Local\MiKTeX\fonts/pk/ljfour/jknappen/ec/
dpi600\ecti1095.pk> <C:\Users\DIAG_LP\AppData\Local\MiKTeX\fonts/pk/ljfour/jkna
ppen/ec/dpi600\ecxc1095.pk> <C:\Users\DIAG_LP\AppData\Local\MiKTeX\fonts/pk/ljf
our/jknappen/ec/dpi600\ecbx1095.pk> <C:\Users\DIAG_LP\AppData\Local\MiKTeX\font
s/pk/ljfour/jknappen/ec/dpi600\ecbx1440.pk> <C:\Users\DIAG_LP\AppData\Local\MiK
TeX\fonts/pk/ljfour/jknappen/ec/dpi600\ecrm1095.pk> <C:\Users\DIAG_LP\AppData\L
ocal\MiKTeX\fonts/pk/ljfour/jknappen/ec/dpi600\eccc1000.pk> <C:\Users\DIAG_LP\A
ppData\Local\MiKTeX\fonts/pk/ljfour/jknappen/ec/dpi600\ecrm1000.pk> <C:\Users\D
IAG_LP\AppData\Local\MiKTeX\fonts/pk/ljfour/jknappen/ec/dpi600\ecbx1000.pk> <C:
\Users\DIAG_LP\AppData\Local\MiKTeX\fonts/pk/ljfour/jknappen/ec/dpi600\ectt1000
.pk> <C:\Users\DIAG_LP\AppData\Local\MiKTeX\fonts/pk/ljfour/jknappen/ec/dpi600\
ecti1000.pk> <C:\Users\DIAG_LP\AppData\Local\MiKTeX\fonts/pk/ljfour/jknappen/ec
/dpi600\ecrm1200.pk> <C:\Users\DIAG_LP\AppData\Local\MiKTeX\fonts/pk/ljfour/jkn
appen/ec/dpi600\ecbx2074.pk><C:/Users/DIAG_LP/AppData/Local/Programs/MiKTeX/fon
ts/type1/public/amsfonts/cm/cmbx10.pfb><C:/Users/DIAG_LP/AppData/Local/Programs
/MiKTeX/fonts/type1/public/amsfonts/cm/cmbx8.pfb><C:/Users/DIAG_LP/AppData/Loca
l/Programs/MiKTeX/fonts/type1/public/amsfonts/cm/cmex10.pfb><C:/Users/DIAG_LP/A
ppData/Local/Programs/MiKTeX/fonts/type1/public/amsfonts/cm/cmmi10.pfb><C:/User
s/DIAG_LP/AppData/Local/Programs/MiKTeX/fonts/type1/public/amsfonts/cm/cmmi6.pf
b><C:/Users/DIAG_LP/AppData/Local/Programs/MiKTeX/fonts/type1/public/amsfonts/c
m/cmmi7.pfb><C:/Users/DIAG_LP/AppData/Local/Programs/MiKTeX/fonts/type1/public/
amsfonts/cm/cmmi8.pfb><C:/Users/DIAG_LP/AppData/Local/Programs/MiKTeX/fonts/typ
e1/public/amsfonts/cm/cmmi9.pfb><C:/Users/DIAG_LP/AppData/Local/Programs/MiKTeX
/fonts/type1/public/amsfonts/cm/cmr10.pfb><C:/Users/DIAG_LP/AppData/Local/Progr
ams/MiKTeX/fonts/type1/public/amsfonts/cm/cmr6.pfb><C:/Users/DIAG_LP/AppData/Lo
cal/Programs/MiKTeX/fonts/type1/public/amsfonts/cm/cmr7.pfb><C:/Users/DIAG_LP/A
ppData/Local/Programs/MiKTeX/fonts/type1/public/amsfonts/cm/cmr8.pfb><C:/Users/
DIAG_LP/AppData/Local/Programs/MiKTeX/fonts/type1/public/amsfonts/cm/cmr9.pfb><
C:/Users/DIAG_LP/AppData/Local/Programs/MiKTeX/fonts/type1/public/amsfonts/cm/c
msy10.pfb><C:/Users/DIAG_LP/AppData/Local/Programs/MiKTeX/fonts/type1/public/am
sfonts/cm/cmsy6.pfb><C:/Users/DIAG_LP/AppData/Local/Programs/MiKTeX/fonts/type1
/public/amsfonts/cm/cmsy8.pfb><C:/Users/DIAG_LP/AppData/Local/Programs/MiKTeX/f
onts/type1/public/amsfonts/cm/cmsy9.pfb><C:/Users/DIAG_LP/AppData/Local/Program
s/MiKTeX/fonts/type1/public/amsfonts/euler/eufm10.pfb><C:/Users/DIAG_LP/AppData
/Local/Programs/MiKTeX/fonts/type1/public/amsfonts/symbols/msbm10.pfb>
Output written on apeiron-main.pdf (112 pages, 1171653 bytes).
PDF statistics:
 3426 PDF objects out of 3580 (max. 8388607)
 702 named destinations out of 1000 (max. 500000)
 24757 words of extra memory for PDF output out of 24883 (max. 10000000)

